#
# There is insufficient memory for the Java Runtime Environment to continue.
# Native memory allocation (malloc) failed to allocate 1048576 bytes for AllocateHeap
# Possible reasons:
#   The system is out of physical RAM or swap space
#   The process is running with CompressedOops enabled, and the Java Heap may be blocking the growth of the native heap
# Possible solutions:
#   Reduce memory load on the system
#   Increase physical memory or swap space
#   Check if swap backing store is full
#   Decrease Java heap size (-Xmx/-Xms)
#   Decrease number of Java threads
#   Decrease Java thread stack sizes (-Xss)
#   Set larger code cache with -XX:ReservedCodeCacheSize=
#   JVM is running with Zero Based Compressed Oops mode in which the Java heap is
#     placed in the first 32GB address space. The Java Heap base address is the
#     maximum limit for the native heap growth. Please use -XX:HeapBaseMinAddress
#     to set the Java Heap base and to place the Java Heap above 32GB virtual address.
# This output file may be truncated or incomplete.
#
#  Out of Memory Error (./open/src/hotspot/share/memory/allocation.cpp:46), pid=16080, tid=14852
#
# JRE version: Java(TM) SE Runtime Environment 18.9 (11.0.19+9) (build 11.0.19+9-LTS-224)
# Java VM: Java HotSpot(TM) 64-Bit Server VM 18.9 (11.0.19+9-LTS-224, mixed mode, tiered, compressed oops, g1 gc, windows-amd64)
# No core dump will be written. Minidumps are not enabled by default on client versions of Windows
#

---------------  S U M M A R Y ------------

Command Line: -XX:TieredStopAtLevel=1 -Xverify:none -Dspring.output.ansi.enabled=always -Dcom.sun.management.jmxremote -Dspring.jmx.enabled=true -Dspring.liveBeansView.mbeanDomain -Dspring.application.admin.enabled=true -Dmanagement.endpoints.jmx.exposure.include=* -javaagent:D:\software\IntelliJ IDEA 2022.3.2\lib\idea_rt.jar=20140:D:\software\IntelliJ IDEA 2022.3.2\bin -Dfile.encoding=UTF-8 com.flow.network.NetworkApplication

Host: Intel(R) Xeon(R) CPU E3-1230 v3 @ 3.30GHz, 8 cores, 15G,  Windows 10 , 64 bit Build 18362 (10.0.18362.1500)
Time: Tue Nov 28 19:48:22 2023 中国标准时间 elapsed time: 102.612880 seconds (0d 0h 1m 42s)

---------------  T H R E A D  ---------------

Current thread (0x0000019cf2f52800):  VMThread "VM Thread" [stack: 0x00000089a1a00000,0x00000089a1b00000] [id=14852]

Stack: [0x00000089a1a00000,0x00000089a1b00000]
[error occurred during error reporting (printing stack bounds), id 0xc0000005, EXCEPTION_ACCESS_VIOLATION (0xc0000005) at pc=0x0000019cd6910f2d]

Native frames: (J=compiled Java code, j=interpreted, Vv=VM code, C=native code)
V  [jvm.dll+0x65fe1a]
V  [jvm.dll+0x7a2bbf]
V  [jvm.dll+0x7a4289]
V  [jvm.dll+0x7a4885]
V  [jvm.dll+0x7a483b]
V  [jvm.dll+0x65f323]
V  [jvm.dll+0x65fa18]
C  [ntdll.dll+0xa1fff]
C  [ntdll.dll+0x6aad9]
C  [ntdll.dll+0xa0c6e]
C  0x0000019cd6910f2d

VM_Operation (0x00000089a11ff310): G1CollectFull, mode: safepoint, requested by thread 0x0000019cf68cb800


---------------  P R O C E S S  ---------------

Threads class SMR info:
_java_thread_list=0x0000019cf68b1f80, length=15, elements={
0x0000019cf2f7b000, 0x0000019cf2f87800, 0x0000019cf2fe9800, 0x0000019cf2fec000,
0x0000019cf2fed000, 0x0000019cf2ff0800, 0x0000019cf2ff7800, 0x0000019cf3154000,
0x0000019cf34aa000, 0x0000019cf3728000, 0x0000019cf42e5000, 0x0000019cf4e06800,
0x0000019cf4e04000, 0x0000019cf68d0800, 0x0000019cf68cb800
}

Java Threads: ( => current thread )
  0x0000019cf2f7b000 JavaThread "Reference Handler" daemon [_thread_blocked, id=16540, stack(0x00000089a1b00000,0x00000089a1c00000)]
  0x0000019cf2f87800 JavaThread "Finalizer" daemon [_thread_blocked, id=17820, stack(0x00000089a1c00000,0x00000089a1d00000)]
  0x0000019cf2fe9800 JavaThread "Signal Dispatcher" daemon [_thread_blocked, id=18052, stack(0x00000089a1d00000,0x00000089a1e00000)]
  0x0000019cf2fec000 JavaThread "Attach Listener" daemon [_thread_blocked, id=16512, stack(0x00000089a1e00000,0x00000089a1f00000)]
  0x0000019cf2fed000 JavaThread "Service Thread" daemon [_thread_blocked, id=2248, stack(0x00000089a1f00000,0x00000089a2000000)]
  0x0000019cf2ff0800 JavaThread "C1 CompilerThread0" daemon [_thread_blocked, id=16884, stack(0x00000089a2000000,0x00000089a2100000)]
  0x0000019cf2ff7800 JavaThread "Sweeper thread" daemon [_thread_blocked, id=16784, stack(0x00000089a2100000,0x00000089a2200000)]
  0x0000019cf3154000 JavaThread "Common-Cleaner" daemon [_thread_blocked, id=16424, stack(0x00000089a2200000,0x00000089a2300000)]
  0x0000019cf34aa000 JavaThread "Monitor Ctrl-Break" daemon [_thread_in_native, id=18352, stack(0x00000089a2300000,0x00000089a2400000)]
  0x0000019cf3728000 JavaThread "RMI TCP Accept-0" daemon [_thread_in_native, id=17092, stack(0x00000089a2400000,0x00000089a2500000)]
  0x0000019cf42e5000 JavaThread "RMI Scheduler(0)" daemon [_thread_blocked, id=17556, stack(0x00000089a3000000,0x00000089a3100000)]
  0x0000019cf4e06800 JavaThread "mysql-cj-abandoned-connection-cleanup" daemon [_thread_blocked, id=17304, stack(0x00000089a3600000,0x00000089a3700000)]
  0x0000019cf4e04000 JavaThread "Live Reload Server" daemon [_thread_in_native, id=9508, stack(0x00000089a3c00000,0x00000089a3d00000)]
  0x0000019cf68d0800 JavaThread "DestroyJavaVM" [_thread_blocked, id=13016, stack(0x00000089a1400000,0x00000089a1500000)]
  0x0000019cf68cb800 JavaThread "Thread-5" [_thread_blocked, id=13944, stack(0x00000089a1100000,0x00000089a1200000)]

Other Threads:
=>0x0000019cf2f52800 VMThread "VM Thread" [stack: 0x00000089a1a00000,0x00000089a1b00000] [id=14852]
  0x0000019cf370d800 WatcherThread [stack: 0x00000089a2500000,0x00000089a2600000] [id=17396]
  0x0000019cceecb800 GCTaskThread "GC Thread#0" [stack: 0x00000089a1500000,0x00000089a1600000] [id=14364]
  0x0000019cf3ffa000 GCTaskThread "GC Thread#1" [stack: 0x00000089a2600000,0x00000089a2700000] [id=16636]
  0x0000019cf4016800 GCTaskThread "GC Thread#2" [stack: 0x00000089a2700000,0x00000089a2800000] [id=13176]
  0x0000019cf400c800 GCTaskThread "GC Thread#3" [stack: 0x00000089a2800000,0x00000089a2900000] [id=11016]
  0x0000019cf3729800 GCTaskThread "GC Thread#4" [stack: 0x00000089a2900000,0x00000089a2a00000] [id=10084]
  0x0000019cf407f000 GCTaskThread "GC Thread#5" [stack: 0x00000089a2a00000,0x00000089a2b00000] [id=17356]
  0x0000019cf42e6000 GCTaskThread "GC Thread#6" [stack: 0x00000089a3200000,0x00000089a3300000] [id=16484]
  0x0000019cf4309800 GCTaskThread "GC Thread#7" [stack: 0x00000089a3300000,0x00000089a3400000] [id=14472]
  0x0000019ccef2a800 ConcurrentGCThread "G1 Main Marker" [stack: 0x00000089a1600000,0x00000089a1700000] [id=13664]
  0x0000019ccef2c000 ConcurrentGCThread "G1 Conc#0" [stack: 0x00000089a1700000,0x00000089a1800000] [id=16688]
  0x0000019cf41e7000 ConcurrentGCThread "G1 Conc#1" [stack: 0x00000089a3400000,0x00000089a3500000] [id=10352]
  0x0000019cf1e45000 ConcurrentGCThread "G1 Refine#0" [stack: 0x00000089a1800000,0x00000089a1900000] [id=5736]
  0x0000019cf342a000 ConcurrentGCThread "G1 Refine#1" [stack: 0x00000089a2b00000,0x00000089a2c00000] [id=14240]
  0x0000019cf1e46000 ConcurrentGCThread "G1 Young RemSet Sampling" [stack: 0x00000089a1900000,0x00000089a1a00000] [id=17860]

Threads with active compile tasks:

VM state:at safepoint (normal execution)

VM Mutex/Monitor currently owned by a thread:  ([mutex/lock_event])
[0x0000019cceeb2b80] Threads_lock - owner thread: 0x0000019cf2f52800
[0x0000019cceeb1a10] Heap_lock - owner thread: 0x0000019cf68cb800

Heap address: 0x0000000701200000, size: 4078 MB, Compressed Oops mode: Zero based, Oop shift amount: 3
Narrow klass base: 0x0000000800000000, Narrow klass shift: 0
Compressed class space size: 1073741824 Address: 0x0000000800000000

Heap:
 garbage-first heap   total 262144K, used 51405K [0x0000000701200000, 0x0000000800000000)
  region size 1024K, 43 young (44032K), 18 survivors (18432K)
 Metaspace       used 51384K, capacity 53077K, committed 53296K, reserved 1095680K
  class space    used 6501K, capacity 7177K, committed 7296K, reserved 1048576K
Heap Regions: E=young(eden), S=young(survivor), O=old, HS=humongous(starts), HC=humongous(continues), CS=collection set, F=free, A=archive, TAMS=top-at-mark-start (previous, next)
|   0|0x0000000701200000, 0x0000000701300000, 0x0000000701300000|100%|HS|  |TAMS 0x0000000701300000, 0x0000000701200000| Complete 
|   1|0x0000000701300000, 0x0000000701400000, 0x0000000701400000|100%| O|  |TAMS 0x0000000701400000, 0x0000000701300000| Untracked 
|   2|0x0000000701400000, 0x0000000701500000, 0x0000000701500000|100%| O|  |TAMS 0x0000000701500000, 0x0000000701400000| Untracked 
|   3|0x0000000701500000, 0x0000000701600000, 0x0000000701600000|100%| O|  |TAMS 0x0000000701600000, 0x0000000701500000| Untracked 
|   4|0x0000000701600000, 0x0000000701700000, 0x0000000701700000|100%| O|  |TAMS 0x0000000701700000, 0x0000000701600000| Untracked 
|   5|0x0000000701700000, 0x0000000701800000, 0x0000000701800000|100%| O|  |TAMS 0x0000000701800000, 0x0000000701700000| Untracked 
|   6|0x0000000701800000, 0x0000000701900000, 0x0000000701900000|100%| O|  |TAMS 0x0000000701900000, 0x0000000701800000| Untracked 
|   7|0x0000000701900000, 0x0000000701a00000, 0x0000000701a00000|100%| O|  |TAMS 0x0000000701a00000, 0x0000000701900000| Untracked 
|   8|0x0000000701a00000, 0x0000000701a33600, 0x0000000701b00000| 20%| O|  |TAMS 0x0000000701a33600, 0x0000000701a00000| Untracked 
|   9|0x0000000701b00000, 0x0000000701b00000, 0x0000000701c00000|  0%| F|  |TAMS 0x0000000701b00000, 0x0000000701b00000| Untracked 
|  10|0x0000000701c00000, 0x0000000701c00000, 0x0000000701d00000|  0%| F|  |TAMS 0x0000000701c00000, 0x0000000701c00000| Untracked 
|  11|0x0000000701d00000, 0x0000000701d00000, 0x0000000701e00000|  0%| F|  |TAMS 0x0000000701d00000, 0x0000000701d00000| Untracked 
|  12|0x0000000701e00000, 0x0000000701e00000, 0x0000000701f00000|  0%| F|  |TAMS 0x0000000701e00000, 0x0000000701e00000| Untracked 
|  13|0x0000000701f00000, 0x0000000701f00000, 0x0000000702000000|  0%| F|  |TAMS 0x0000000701f00000, 0x0000000701f00000| Untracked 
|  14|0x0000000702000000, 0x0000000702000000, 0x0000000702100000|  0%| F|  |TAMS 0x0000000702000000, 0x0000000702000000| Untracked 
|  15|0x0000000702100000, 0x0000000702100000, 0x0000000702200000|  0%| F|  |TAMS 0x0000000702100000, 0x0000000702100000| Untracked 
|  16|0x0000000702200000, 0x0000000702200000, 0x0000000702300000|  0%| F|  |TAMS 0x0000000702200000, 0x0000000702200000| Untracked 
|  17|0x0000000702300000, 0x0000000702300000, 0x0000000702400000|  0%| F|  |TAMS 0x0000000702300000, 0x0000000702300000| Untracked 
|  18|0x0000000702400000, 0x0000000702400000, 0x0000000702500000|  0%| F|  |TAMS 0x0000000702400000, 0x0000000702400000| Untracked 
|  19|0x0000000702500000, 0x0000000702500000, 0x0000000702600000|  0%| F|  |TAMS 0x0000000702500000, 0x0000000702500000| Untracked 
|  20|0x0000000702600000, 0x0000000702600000, 0x0000000702700000|  0%| F|  |TAMS 0x0000000702600000, 0x0000000702600000| Untracked 
|  21|0x0000000702700000, 0x0000000702700000, 0x0000000702800000|  0%| F|  |TAMS 0x0000000702700000, 0x0000000702700000| Untracked 
|  22|0x0000000702800000, 0x0000000702800000, 0x0000000702900000|  0%| F|  |TAMS 0x0000000702800000, 0x0000000702800000| Untracked 
|  23|0x0000000702900000, 0x0000000702900000, 0x0000000702a00000|  0%| F|  |TAMS 0x0000000702900000, 0x0000000702900000| Untracked 
|  24|0x0000000702a00000, 0x0000000702a00000, 0x0000000702b00000|  0%| F|  |TAMS 0x0000000702a00000, 0x0000000702a00000| Untracked 
|  25|0x0000000702b00000, 0x0000000702b00000, 0x0000000702c00000|  0%| F|  |TAMS 0x0000000702b00000, 0x0000000702b00000| Untracked 
|  26|0x0000000702c00000, 0x0000000702c00000, 0x0000000702d00000|  0%| F|  |TAMS 0x0000000702c00000, 0x0000000702c00000| Untracked 
|  27|0x0000000702d00000, 0x0000000702d00000, 0x0000000702e00000|  0%| F|  |TAMS 0x0000000702d00000, 0x0000000702d00000| Untracked 
|  28|0x0000000702e00000, 0x0000000702e00000, 0x0000000702f00000|  0%| F|  |TAMS 0x0000000702e00000, 0x0000000702e00000| Untracked 
|  29|0x0000000702f00000, 0x0000000702f00000, 0x0000000703000000|  0%| F|  |TAMS 0x0000000702f00000, 0x0000000702f00000| Untracked 
|  30|0x0000000703000000, 0x0000000703000000, 0x0000000703100000|  0%| F|  |TAMS 0x0000000703000000, 0x0000000703000000| Untracked 
|  31|0x0000000703100000, 0x0000000703100000, 0x0000000703200000|  0%| F|  |TAMS 0x0000000703100000, 0x0000000703100000| Untracked 
|  32|0x0000000703200000, 0x0000000703200000, 0x0000000703300000|  0%| F|  |TAMS 0x0000000703200000, 0x0000000703200000| Untracked 
|  33|0x0000000703300000, 0x0000000703300000, 0x0000000703400000|  0%| F|  |TAMS 0x0000000703300000, 0x0000000703300000| Untracked 
|  34|0x0000000703400000, 0x0000000703400000, 0x0000000703500000|  0%| F|  |TAMS 0x0000000703400000, 0x0000000703400000| Untracked 
|  35|0x0000000703500000, 0x0000000703500000, 0x0000000703600000|  0%| F|  |TAMS 0x0000000703500000, 0x0000000703500000| Untracked 
|  36|0x0000000703600000, 0x0000000703600000, 0x0000000703700000|  0%| F|  |TAMS 0x0000000703600000, 0x0000000703600000| Untracked 
|  37|0x0000000703700000, 0x0000000703700000, 0x0000000703800000|  0%| F|  |TAMS 0x0000000703700000, 0x0000000703700000| Untracked 
|  38|0x0000000703800000, 0x0000000703800000, 0x0000000703900000|  0%| F|  |TAMS 0x0000000703800000, 0x0000000703800000| Untracked 
|  39|0x0000000703900000, 0x0000000703900000, 0x0000000703a00000|  0%| F|  |TAMS 0x0000000703900000, 0x0000000703900000| Untracked 
|  40|0x0000000703a00000, 0x0000000703a00000, 0x0000000703b00000|  0%| F|  |TAMS 0x0000000703a00000, 0x0000000703a00000| Untracked 
|  41|0x0000000703b00000, 0x0000000703b00000, 0x0000000703c00000|  0%| F|  |TAMS 0x0000000703b00000, 0x0000000703b00000| Untracked 
|  42|0x0000000703c00000, 0x0000000703c00000, 0x0000000703d00000|  0%| F|  |TAMS 0x0000000703c00000, 0x0000000703c00000| Untracked 
|  43|0x0000000703d00000, 0x0000000703d00000, 0x0000000703e00000|  0%| F|  |TAMS 0x0000000703d00000, 0x0000000703d00000| Untracked 
|  44|0x0000000703e00000, 0x0000000703e00000, 0x0000000703f00000|  0%| F|  |TAMS 0x0000000703e00000, 0x0000000703e00000| Untracked 
|  45|0x0000000703f00000, 0x0000000703f00000, 0x0000000704000000|  0%| F|  |TAMS 0x0000000703f00000, 0x0000000703f00000| Untracked 
|  46|0x0000000704000000, 0x0000000704000000, 0x0000000704100000|  0%| F|  |TAMS 0x0000000704000000, 0x0000000704000000| Untracked 
|  47|0x0000000704100000, 0x0000000704100000, 0x0000000704200000|  0%| F|  |TAMS 0x0000000704100000, 0x0000000704100000| Untracked 
|  48|0x0000000704200000, 0x0000000704200000, 0x0000000704300000|  0%| F|  |TAMS 0x0000000704200000, 0x0000000704200000| Untracked 
|  49|0x0000000704300000, 0x0000000704300000, 0x0000000704400000|  0%| F|  |TAMS 0x0000000704300000, 0x0000000704300000| Untracked 
|  50|0x0000000704400000, 0x0000000704400000, 0x0000000704500000|  0%| F|  |TAMS 0x0000000704400000, 0x0000000704400000| Untracked 
|  51|0x0000000704500000, 0x0000000704500000, 0x0000000704600000|  0%| F|  |TAMS 0x0000000704500000, 0x0000000704500000| Untracked 
|  52|0x0000000704600000, 0x0000000704600000, 0x0000000704700000|  0%| F|  |TAMS 0x0000000704600000, 0x0000000704600000| Untracked 
|  53|0x0000000704700000, 0x0000000704700000, 0x0000000704800000|  0%| F|  |TAMS 0x0000000704700000, 0x0000000704700000| Untracked 
|  54|0x0000000704800000, 0x0000000704800000, 0x0000000704900000|  0%| F|  |TAMS 0x0000000704800000, 0x0000000704800000| Untracked 
|  55|0x0000000704900000, 0x0000000704900000, 0x0000000704a00000|  0%| F|  |TAMS 0x0000000704900000, 0x0000000704900000| Untracked 
|  56|0x0000000704a00000, 0x0000000704a00000, 0x0000000704b00000|  0%| F|  |TAMS 0x0000000704a00000, 0x0000000704a00000| Untracked 
|  57|0x0000000704b00000, 0x0000000704b00000, 0x0000000704c00000|  0%| F|  |TAMS 0x0000000704b00000, 0x0000000704b00000| Untracked 
|  58|0x0000000704c00000, 0x0000000704c00000, 0x0000000704d00000|  0%| F|  |TAMS 0x0000000704c00000, 0x0000000704c00000| Untracked 
|  59|0x0000000704d00000, 0x0000000704d00000, 0x0000000704e00000|  0%| F|  |TAMS 0x0000000704d00000, 0x0000000704d00000| Untracked 
|  60|0x0000000704e00000, 0x0000000704e00000, 0x0000000704f00000|  0%| F|  |TAMS 0x0000000704e00000, 0x0000000704e00000| Untracked 
|  61|0x0000000704f00000, 0x0000000704f00000, 0x0000000705000000|  0%| F|  |TAMS 0x0000000704f00000, 0x0000000704f00000| Untracked 
|  62|0x0000000705000000, 0x0000000705000000, 0x0000000705100000|  0%| F|  |TAMS 0x0000000705000000, 0x0000000705000000| Untracked 
|  63|0x0000000705100000, 0x0000000705100000, 0x0000000705200000|  0%| F|  |TAMS 0x0000000705100000, 0x0000000705100000| Untracked 
|  64|0x0000000705200000, 0x0000000705200000, 0x0000000705300000|  0%| F|  |TAMS 0x0000000705200000, 0x0000000705200000| Untracked 
|  65|0x0000000705300000, 0x0000000705300000, 0x0000000705400000|  0%| F|  |TAMS 0x0000000705300000, 0x0000000705300000| Untracked 
|  66|0x0000000705400000, 0x0000000705400000, 0x0000000705500000|  0%| F|  |TAMS 0x0000000705400000, 0x0000000705400000| Untracked 
|  67|0x0000000705500000, 0x0000000705500000, 0x0000000705600000|  0%| F|  |TAMS 0x0000000705500000, 0x0000000705500000| Untracked 
|  68|0x0000000705600000, 0x0000000705600000, 0x0000000705700000|  0%| F|  |TAMS 0x0000000705600000, 0x0000000705600000| Untracked 
|  69|0x0000000705700000, 0x0000000705700000, 0x0000000705800000|  0%| F|  |TAMS 0x0000000705700000, 0x0000000705700000| Untracked 
|  70|0x0000000705800000, 0x0000000705800000, 0x0000000705900000|  0%| F|  |TAMS 0x0000000705800000, 0x0000000705800000| Untracked 
|  71|0x0000000705900000, 0x0000000705900000, 0x0000000705a00000|  0%| F|  |TAMS 0x0000000705900000, 0x0000000705900000| Untracked 
|  72|0x0000000705a00000, 0x0000000705a00000, 0x0000000705b00000|  0%| F|  |TAMS 0x0000000705a00000, 0x0000000705a00000| Untracked 
|  73|0x0000000705b00000, 0x0000000705b00000, 0x0000000705c00000|  0%| F|  |TAMS 0x0000000705b00000, 0x0000000705b00000| Untracked 
|  74|0x0000000705c00000, 0x0000000705c00000, 0x0000000705d00000|  0%| F|  |TAMS 0x0000000705c00000, 0x0000000705c00000| Untracked 
|  75|0x0000000705d00000, 0x0000000705d00000, 0x0000000705e00000|  0%| F|  |TAMS 0x0000000705d00000, 0x0000000705d00000| Untracked 
|  76|0x0000000705e00000, 0x0000000705e00000, 0x0000000705f00000|  0%| F|  |TAMS 0x0000000705e00000, 0x0000000705e00000| Untracked 
|  77|0x0000000705f00000, 0x0000000705f00000, 0x0000000706000000|  0%| F|  |TAMS 0x0000000705f00000, 0x0000000705f00000| Untracked 
|  78|0x0000000706000000, 0x0000000706000000, 0x0000000706100000|  0%| F|  |TAMS 0x0000000706000000, 0x0000000706000000| Untracked 
|  79|0x0000000706100000, 0x0000000706100000, 0x0000000706200000|  0%| F|  |TAMS 0x0000000706100000, 0x0000000706100000| Untracked 
|  80|0x0000000706200000, 0x0000000706200000, 0x0000000706300000|  0%| F|  |TAMS 0x0000000706200000, 0x0000000706200000| Untracked 
|  81|0x0000000706300000, 0x0000000706300000, 0x0000000706400000|  0%| F|  |TAMS 0x0000000706300000, 0x0000000706300000| Untracked 
|  82|0x0000000706400000, 0x0000000706400000, 0x0000000706500000|  0%| F|  |TAMS 0x0000000706400000, 0x0000000706400000| Untracked 
|  83|0x0000000706500000, 0x0000000706500000, 0x0000000706600000|  0%| F|  |TAMS 0x0000000706500000, 0x0000000706500000| Untracked 
|  84|0x0000000706600000, 0x0000000706600000, 0x0000000706700000|  0%| F|  |TAMS 0x0000000706600000, 0x0000000706600000| Untracked 
|  85|0x0000000706700000, 0x0000000706800000, 0x0000000706800000|100%| S|CS|TAMS 0x0000000706700000, 0x0000000706700000| Complete 
|  86|0x0000000706800000, 0x0000000706900000, 0x0000000706900000|100%| S|CS|TAMS 0x0000000706800000, 0x0000000706800000| Complete 
|  87|0x0000000706900000, 0x0000000706a00000, 0x0000000706a00000|100%| S|CS|TAMS 0x0000000706900000, 0x0000000706900000| Complete 
|  88|0x0000000706a00000, 0x0000000706b00000, 0x0000000706b00000|100%| S|CS|TAMS 0x0000000706a00000, 0x0000000706a00000| Complete 
|  89|0x0000000706b00000, 0x0000000706c00000, 0x0000000706c00000|100%| S|CS|TAMS 0x0000000706b00000, 0x0000000706b00000| Complete 
|  90|0x0000000706c00000, 0x0000000706d00000, 0x0000000706d00000|100%| S|CS|TAMS 0x0000000706c00000, 0x0000000706c00000| Complete 
|  91|0x0000000706d00000, 0x0000000706e00000, 0x0000000706e00000|100%| S|CS|TAMS 0x0000000706d00000, 0x0000000706d00000| Complete 
|  92|0x0000000706e00000, 0x0000000706f00000, 0x0000000706f00000|100%| S|CS|TAMS 0x0000000706e00000, 0x0000000706e00000| Complete 
|  93|0x0000000706f00000, 0x0000000707000000, 0x0000000707000000|100%| S|CS|TAMS 0x0000000706f00000, 0x0000000706f00000| Complete 
|  94|0x0000000707000000, 0x0000000707100000, 0x0000000707100000|100%| S|CS|TAMS 0x0000000707000000, 0x0000000707000000| Complete 
|  95|0x0000000707100000, 0x0000000707200000, 0x0000000707200000|100%| S|CS|TAMS 0x0000000707100000, 0x0000000707100000| Complete 
|  96|0x0000000707200000, 0x0000000707300000, 0x0000000707300000|100%| S|CS|TAMS 0x0000000707200000, 0x0000000707200000| Complete 
|  97|0x0000000707300000, 0x0000000707400000, 0x0000000707400000|100%| S|CS|TAMS 0x0000000707300000, 0x0000000707300000| Complete 
|  98|0x0000000707400000, 0x0000000707500000, 0x0000000707500000|100%| S|CS|TAMS 0x0000000707400000, 0x0000000707400000| Complete 
|  99|0x0000000707500000, 0x0000000707600000, 0x0000000707600000|100%| S|CS|TAMS 0x0000000707500000, 0x0000000707500000| Complete 
| 100|0x0000000707600000, 0x0000000707700000, 0x0000000707700000|100%| S|CS|TAMS 0x0000000707600000, 0x0000000707600000| Complete 
| 101|0x0000000707700000, 0x0000000707800000, 0x0000000707800000|100%| S|CS|TAMS 0x0000000707700000, 0x0000000707700000| Complete 
| 102|0x0000000707800000, 0x0000000707900000, 0x0000000707900000|100%| S|CS|TAMS 0x0000000707800000, 0x0000000707800000| Complete 
| 103|0x0000000707900000, 0x0000000707900000, 0x0000000707a00000|  0%| F|  |TAMS 0x0000000707900000, 0x0000000707900000| Untracked 
| 104|0x0000000707a00000, 0x0000000707a00000, 0x0000000707b00000|  0%| F|  |TAMS 0x0000000707a00000, 0x0000000707a00000| Untracked 
| 105|0x0000000707b00000, 0x0000000707b00000, 0x0000000707c00000|  0%| F|  |TAMS 0x0000000707b00000, 0x0000000707b00000| Untracked 
| 106|0x0000000707c00000, 0x0000000707c00000, 0x0000000707d00000|  0%| F|  |TAMS 0x0000000707c00000, 0x0000000707c00000| Untracked 
| 107|0x0000000707d00000, 0x0000000707d00000, 0x0000000707e00000|  0%| F|  |TAMS 0x0000000707d00000, 0x0000000707d00000| Untracked 
| 108|0x0000000707e00000, 0x0000000707e00000, 0x0000000707f00000|  0%| F|  |TAMS 0x0000000707e00000, 0x0000000707e00000| Untracked 
| 109|0x0000000707f00000, 0x0000000707f00000, 0x0000000708000000|  0%| F|  |TAMS 0x0000000707f00000, 0x0000000707f00000| Untracked 
| 110|0x0000000708000000, 0x0000000708000000, 0x0000000708100000|  0%| F|  |TAMS 0x0000000708000000, 0x0000000708000000| Untracked 
| 111|0x0000000708100000, 0x0000000708100000, 0x0000000708200000|  0%| F|  |TAMS 0x0000000708100000, 0x0000000708100000| Untracked 
| 112|0x0000000708200000, 0x0000000708200000, 0x0000000708300000|  0%| F|  |TAMS 0x0000000708200000, 0x0000000708200000| Untracked 
| 113|0x0000000708300000, 0x0000000708300000, 0x0000000708400000|  0%| F|  |TAMS 0x0000000708300000, 0x0000000708300000| Untracked 
| 114|0x0000000708400000, 0x0000000708400000, 0x0000000708500000|  0%| F|  |TAMS 0x0000000708400000, 0x0000000708400000| Untracked 
| 115|0x0000000708500000, 0x0000000708500000, 0x0000000708600000|  0%| F|  |TAMS 0x0000000708500000, 0x0000000708500000| Untracked 
| 116|0x0000000708600000, 0x0000000708600000, 0x0000000708700000|  0%| F|  |TAMS 0x0000000708600000, 0x0000000708600000| Untracked 
| 117|0x0000000708700000, 0x0000000708700000, 0x0000000708800000|  0%| F|  |TAMS 0x0000000708700000, 0x0000000708700000| Untracked 
| 118|0x0000000708800000, 0x0000000708800000, 0x0000000708900000|  0%| F|  |TAMS 0x0000000708800000, 0x0000000708800000| Untracked 
| 119|0x0000000708900000, 0x0000000708900000, 0x0000000708a00000|  0%| F|  |TAMS 0x0000000708900000, 0x0000000708900000| Untracked 
| 120|0x0000000708a00000, 0x0000000708a00000, 0x0000000708b00000|  0%| F|  |TAMS 0x0000000708a00000, 0x0000000708a00000| Untracked 
| 121|0x0000000708b00000, 0x0000000708b00000, 0x0000000708c00000|  0%| F|  |TAMS 0x0000000708b00000, 0x0000000708b00000| Untracked 
| 122|0x0000000708c00000, 0x0000000708c00000, 0x0000000708d00000|  0%| F|  |TAMS 0x0000000708c00000, 0x0000000708c00000| Untracked 
| 123|0x0000000708d00000, 0x0000000708d00000, 0x0000000708e00000|  0%| F|  |TAMS 0x0000000708d00000, 0x0000000708d00000| Untracked 
| 124|0x0000000708e00000, 0x0000000708e00000, 0x0000000708f00000|  0%| F|  |TAMS 0x0000000708e00000, 0x0000000708e00000| Untracked 
| 125|0x0000000708f00000, 0x0000000708f00000, 0x0000000709000000|  0%| F|  |TAMS 0x0000000708f00000, 0x0000000708f00000| Untracked 
| 126|0x0000000709000000, 0x0000000709000000, 0x0000000709100000|  0%| F|  |TAMS 0x0000000709000000, 0x0000000709000000| Untracked 
| 127|0x0000000709100000, 0x0000000709100000, 0x0000000709200000|  0%| F|  |TAMS 0x0000000709100000, 0x0000000709100000| Untracked 
| 128|0x0000000709200000, 0x0000000709200000, 0x0000000709300000|  0%| F|  |TAMS 0x0000000709200000, 0x0000000709200000| Untracked 
| 129|0x0000000709300000, 0x0000000709300000, 0x0000000709400000|  0%| F|  |TAMS 0x0000000709300000, 0x0000000709300000| Untracked 
| 130|0x0000000709400000, 0x0000000709400000, 0x0000000709500000|  0%| F|  |TAMS 0x0000000709400000, 0x0000000709400000| Untracked 
| 131|0x0000000709500000, 0x0000000709500000, 0x0000000709600000|  0%| F|  |TAMS 0x0000000709500000, 0x0000000709500000| Untracked 
| 132|0x0000000709600000, 0x0000000709600000, 0x0000000709700000|  0%| F|  |TAMS 0x0000000709600000, 0x0000000709600000| Untracked 
| 133|0x0000000709700000, 0x0000000709700000, 0x0000000709800000|  0%| F|  |TAMS 0x0000000709700000, 0x0000000709700000| Untracked 
| 134|0x0000000709800000, 0x0000000709800000, 0x0000000709900000|  0%| F|  |TAMS 0x0000000709800000, 0x0000000709800000| Untracked 
| 135|0x0000000709900000, 0x0000000709900000, 0x0000000709a00000|  0%| F|  |TAMS 0x0000000709900000, 0x0000000709900000| Untracked 
| 136|0x0000000709a00000, 0x0000000709a00000, 0x0000000709b00000|  0%| F|  |TAMS 0x0000000709a00000, 0x0000000709a00000| Untracked 
| 137|0x0000000709b00000, 0x0000000709b00000, 0x0000000709c00000|  0%| F|  |TAMS 0x0000000709b00000, 0x0000000709b00000| Untracked 
| 138|0x0000000709c00000, 0x0000000709c00000, 0x0000000709d00000|  0%| F|  |TAMS 0x0000000709c00000, 0x0000000709c00000| Untracked 
| 139|0x0000000709d00000, 0x0000000709d00000, 0x0000000709e00000|  0%| F|  |TAMS 0x0000000709d00000, 0x0000000709d00000| Untracked 
| 140|0x0000000709e00000, 0x0000000709e00000, 0x0000000709f00000|  0%| F|  |TAMS 0x0000000709e00000, 0x0000000709e00000| Untracked 
| 141|0x0000000709f00000, 0x0000000709f00000, 0x000000070a000000|  0%| F|  |TAMS 0x0000000709f00000, 0x0000000709f00000| Untracked 
| 142|0x000000070a000000, 0x000000070a000000, 0x000000070a100000|  0%| F|  |TAMS 0x000000070a000000, 0x000000070a000000| Untracked 
| 143|0x000000070a100000, 0x000000070a100000, 0x000000070a200000|  0%| F|  |TAMS 0x000000070a100000, 0x000000070a100000| Untracked 
| 144|0x000000070a200000, 0x000000070a200000, 0x000000070a300000|  0%| F|  |TAMS 0x000000070a200000, 0x000000070a200000| Untracked 
| 145|0x000000070a300000, 0x000000070a300000, 0x000000070a400000|  0%| F|  |TAMS 0x000000070a300000, 0x000000070a300000| Untracked 
| 146|0x000000070a400000, 0x000000070a400000, 0x000000070a500000|  0%| F|  |TAMS 0x000000070a400000, 0x000000070a400000| Untracked 
| 147|0x000000070a500000, 0x000000070a500000, 0x000000070a600000|  0%| F|  |TAMS 0x000000070a500000, 0x000000070a500000| Untracked 
| 148|0x000000070a600000, 0x000000070a600000, 0x000000070a700000|  0%| F|  |TAMS 0x000000070a600000, 0x000000070a600000| Untracked 
| 149|0x000000070a700000, 0x000000070a700000, 0x000000070a800000|  0%| F|  |TAMS 0x000000070a700000, 0x000000070a700000| Untracked 
| 150|0x000000070a800000, 0x000000070a800000, 0x000000070a900000|  0%| F|  |TAMS 0x000000070a800000, 0x000000070a800000| Untracked 
| 151|0x000000070a900000, 0x000000070a900000, 0x000000070aa00000|  0%| F|  |TAMS 0x000000070a900000, 0x000000070a900000| Untracked 
| 152|0x000000070aa00000, 0x000000070aa00000, 0x000000070ab00000|  0%| F|  |TAMS 0x000000070aa00000, 0x000000070aa00000| Untracked 
| 153|0x000000070ab00000, 0x000000070ab00000, 0x000000070ac00000|  0%| F|  |TAMS 0x000000070ab00000, 0x000000070ab00000| Untracked 
| 154|0x000000070ac00000, 0x000000070ac00000, 0x000000070ad00000|  0%| F|  |TAMS 0x000000070ac00000, 0x000000070ac00000| Untracked 
| 155|0x000000070ad00000, 0x000000070ad00000, 0x000000070ae00000|  0%| F|  |TAMS 0x000000070ad00000, 0x000000070ad00000| Untracked 
| 156|0x000000070ae00000, 0x000000070ae00000, 0x000000070af00000|  0%| F|  |TAMS 0x000000070ae00000, 0x000000070ae00000| Untracked 
| 157|0x000000070af00000, 0x000000070af00000, 0x000000070b000000|  0%| F|  |TAMS 0x000000070af00000, 0x000000070af00000| Untracked 
| 158|0x000000070b000000, 0x000000070b000000, 0x000000070b100000|  0%| F|  |TAMS 0x000000070b000000, 0x000000070b000000| Untracked 
| 159|0x000000070b100000, 0x000000070b100000, 0x000000070b200000|  0%| F|  |TAMS 0x000000070b100000, 0x000000070b100000| Untracked 
| 160|0x000000070b200000, 0x000000070b200000, 0x000000070b300000|  0%| F|  |TAMS 0x000000070b200000, 0x000000070b200000| Untracked 
| 161|0x000000070b300000, 0x000000070b300000, 0x000000070b400000|  0%| F|  |TAMS 0x000000070b300000, 0x000000070b300000| Untracked 
| 162|0x000000070b400000, 0x000000070b400000, 0x000000070b500000|  0%| F|  |TAMS 0x000000070b400000, 0x000000070b400000| Untracked 
| 163|0x000000070b500000, 0x000000070b500000, 0x000000070b600000|  0%| F|  |TAMS 0x000000070b500000, 0x000000070b500000| Untracked 
| 164|0x000000070b600000, 0x000000070b600000, 0x000000070b700000|  0%| F|  |TAMS 0x000000070b600000, 0x000000070b600000| Untracked 
| 165|0x000000070b700000, 0x000000070b700000, 0x000000070b800000|  0%| F|  |TAMS 0x000000070b700000, 0x000000070b700000| Untracked 
| 166|0x000000070b800000, 0x000000070b800000, 0x000000070b900000|  0%| F|  |TAMS 0x000000070b800000, 0x000000070b800000| Untracked 
| 167|0x000000070b900000, 0x000000070b900000, 0x000000070ba00000|  0%| F|  |TAMS 0x000000070b900000, 0x000000070b900000| Untracked 
| 168|0x000000070ba00000, 0x000000070ba00000, 0x000000070bb00000|  0%| F|  |TAMS 0x000000070ba00000, 0x000000070ba00000| Untracked 
| 169|0x000000070bb00000, 0x000000070bb00000, 0x000000070bc00000|  0%| F|  |TAMS 0x000000070bb00000, 0x000000070bb00000| Untracked 
| 170|0x000000070bc00000, 0x000000070bc00000, 0x000000070bd00000|  0%| F|  |TAMS 0x000000070bc00000, 0x000000070bc00000| Untracked 
| 171|0x000000070bd00000, 0x000000070bd00000, 0x000000070be00000|  0%| F|  |TAMS 0x000000070bd00000, 0x000000070bd00000| Untracked 
| 172|0x000000070be00000, 0x000000070be00000, 0x000000070bf00000|  0%| F|  |TAMS 0x000000070be00000, 0x000000070be00000| Untracked 
| 173|0x000000070bf00000, 0x000000070bf00000, 0x000000070c000000|  0%| F|  |TAMS 0x000000070bf00000, 0x000000070bf00000| Untracked 
| 174|0x000000070c000000, 0x000000070c000000, 0x000000070c100000|  0%| F|  |TAMS 0x000000070c000000, 0x000000070c000000| Untracked 
| 175|0x000000070c100000, 0x000000070c100000, 0x000000070c200000|  0%| F|  |TAMS 0x000000070c100000, 0x000000070c100000| Untracked 
| 176|0x000000070c200000, 0x000000070c200000, 0x000000070c300000|  0%| F|  |TAMS 0x000000070c200000, 0x000000070c200000| Untracked 
| 177|0x000000070c300000, 0x000000070c300000, 0x000000070c400000|  0%| F|  |TAMS 0x000000070c300000, 0x000000070c300000| Untracked 
| 178|0x000000070c400000, 0x000000070c400000, 0x000000070c500000|  0%| F|  |TAMS 0x000000070c400000, 0x000000070c400000| Untracked 
| 179|0x000000070c500000, 0x000000070c500000, 0x000000070c600000|  0%| F|  |TAMS 0x000000070c500000, 0x000000070c500000| Untracked 
| 180|0x000000070c600000, 0x000000070c600000, 0x000000070c700000|  0%| F|  |TAMS 0x000000070c600000, 0x000000070c600000| Untracked 
| 181|0x000000070c700000, 0x000000070c700000, 0x000000070c800000|  0%| F|  |TAMS 0x000000070c700000, 0x000000070c700000| Untracked 
| 182|0x000000070c800000, 0x000000070c800000, 0x000000070c900000|  0%| F|  |TAMS 0x000000070c800000, 0x000000070c800000| Untracked 
| 183|0x000000070c900000, 0x000000070c900000, 0x000000070ca00000|  0%| F|  |TAMS 0x000000070c900000, 0x000000070c900000| Untracked 
| 184|0x000000070ca00000, 0x000000070ca00000, 0x000000070cb00000|  0%| F|  |TAMS 0x000000070ca00000, 0x000000070ca00000| Untracked 
| 185|0x000000070cb00000, 0x000000070cb00000, 0x000000070cc00000|  0%| F|  |TAMS 0x000000070cb00000, 0x000000070cb00000| Untracked 
| 186|0x000000070cc00000, 0x000000070cc00000, 0x000000070cd00000|  0%| F|  |TAMS 0x000000070cc00000, 0x000000070cc00000| Untracked 
| 187|0x000000070cd00000, 0x000000070cd00000, 0x000000070ce00000|  0%| F|  |TAMS 0x000000070cd00000, 0x000000070cd00000| Untracked 
| 188|0x000000070ce00000, 0x000000070ce00000, 0x000000070cf00000|  0%| F|  |TAMS 0x000000070ce00000, 0x000000070ce00000| Untracked 
| 189|0x000000070cf00000, 0x000000070cf00000, 0x000000070d000000|  0%| F|  |TAMS 0x000000070cf00000, 0x000000070cf00000| Untracked 
| 190|0x000000070d000000, 0x000000070d000000, 0x000000070d100000|  0%| F|  |TAMS 0x000000070d000000, 0x000000070d000000| Untracked 
| 191|0x000000070d100000, 0x000000070d100000, 0x000000070d200000|  0%| F|  |TAMS 0x000000070d100000, 0x000000070d100000| Untracked 
| 192|0x000000070d200000, 0x000000070d200000, 0x000000070d300000|  0%| F|  |TAMS 0x000000070d200000, 0x000000070d200000| Untracked 
| 193|0x000000070d300000, 0x000000070d300000, 0x000000070d400000|  0%| F|  |TAMS 0x000000070d300000, 0x000000070d300000| Untracked 
| 194|0x000000070d400000, 0x000000070d400000, 0x000000070d500000|  0%| F|  |TAMS 0x000000070d400000, 0x000000070d400000| Untracked 
| 195|0x000000070d500000, 0x000000070d500000, 0x000000070d600000|  0%| F|  |TAMS 0x000000070d500000, 0x000000070d500000| Untracked 
| 196|0x000000070d600000, 0x000000070d600000, 0x000000070d700000|  0%| F|  |TAMS 0x000000070d600000, 0x000000070d600000| Untracked 
| 197|0x000000070d700000, 0x000000070d700000, 0x000000070d800000|  0%| F|  |TAMS 0x000000070d700000, 0x000000070d700000| Untracked 
| 198|0x000000070d800000, 0x000000070d800000, 0x000000070d900000|  0%| F|  |TAMS 0x000000070d800000, 0x000000070d800000| Untracked 
| 199|0x000000070d900000, 0x000000070d900000, 0x000000070da00000|  0%| F|  |TAMS 0x000000070d900000, 0x000000070d900000| Untracked 
| 200|0x000000070da00000, 0x000000070da00000, 0x000000070db00000|  0%| F|  |TAMS 0x000000070da00000, 0x000000070da00000| Untracked 
| 201|0x000000070db00000, 0x000000070db00000, 0x000000070dc00000|  0%| F|  |TAMS 0x000000070db00000, 0x000000070db00000| Untracked 
| 202|0x000000070dc00000, 0x000000070dc00000, 0x000000070dd00000|  0%| F|  |TAMS 0x000000070dc00000, 0x000000070dc00000| Untracked 
| 203|0x000000070dd00000, 0x000000070dd00000, 0x000000070de00000|  0%| F|  |TAMS 0x000000070dd00000, 0x000000070dd00000| Untracked 
| 204|0x000000070de00000, 0x000000070de00000, 0x000000070df00000|  0%| F|  |TAMS 0x000000070de00000, 0x000000070de00000| Untracked 
| 205|0x000000070df00000, 0x000000070df00000, 0x000000070e000000|  0%| F|  |TAMS 0x000000070df00000, 0x000000070df00000| Untracked 
| 206|0x000000070e000000, 0x000000070e000000, 0x000000070e100000|  0%| F|  |TAMS 0x000000070e000000, 0x000000070e000000| Untracked 
| 207|0x000000070e100000, 0x000000070e100000, 0x000000070e200000|  0%| F|  |TAMS 0x000000070e100000, 0x000000070e100000| Untracked 
| 208|0x000000070e200000, 0x000000070e200000, 0x000000070e300000|  0%| F|  |TAMS 0x000000070e200000, 0x000000070e200000| Untracked 
| 209|0x000000070e300000, 0x000000070e300000, 0x000000070e400000|  0%| F|  |TAMS 0x000000070e300000, 0x000000070e300000| Untracked 
| 210|0x000000070e400000, 0x000000070e400000, 0x000000070e500000|  0%| F|  |TAMS 0x000000070e400000, 0x000000070e400000| Untracked 
| 211|0x000000070e500000, 0x000000070e500000, 0x000000070e600000|  0%| F|  |TAMS 0x000000070e500000, 0x000000070e500000| Untracked 
| 212|0x000000070e600000, 0x000000070e600000, 0x000000070e700000|  0%| F|  |TAMS 0x000000070e600000, 0x000000070e600000| Untracked 
| 213|0x000000070e700000, 0x000000070e700000, 0x000000070e800000|  0%| F|  |TAMS 0x000000070e700000, 0x000000070e700000| Untracked 
| 214|0x000000070e800000, 0x000000070e800000, 0x000000070e900000|  0%| F|  |TAMS 0x000000070e800000, 0x000000070e800000| Untracked 
| 215|0x000000070e900000, 0x000000070e900000, 0x000000070ea00000|  0%| F|  |TAMS 0x000000070e900000, 0x000000070e900000| Untracked 
| 216|0x000000070ea00000, 0x000000070ea00000, 0x000000070eb00000|  0%| F|  |TAMS 0x000000070ea00000, 0x000000070ea00000| Untracked 
| 217|0x000000070eb00000, 0x000000070eb00000, 0x000000070ec00000|  0%| F|  |TAMS 0x000000070eb00000, 0x000000070eb00000| Untracked 
| 218|0x000000070ec00000, 0x000000070ec00000, 0x000000070ed00000|  0%| F|  |TAMS 0x000000070ec00000, 0x000000070ec00000| Untracked 
| 219|0x000000070ed00000, 0x000000070ed00000, 0x000000070ee00000|  0%| F|  |TAMS 0x000000070ed00000, 0x000000070ed00000| Untracked 
| 220|0x000000070ee00000, 0x000000070ee00000, 0x000000070ef00000|  0%| F|  |TAMS 0x000000070ee00000, 0x000000070ee00000| Untracked 
| 221|0x000000070ef00000, 0x000000070ef00000, 0x000000070f000000|  0%| F|  |TAMS 0x000000070ef00000, 0x000000070ef00000| Untracked 
| 222|0x000000070f000000, 0x000000070f000000, 0x000000070f100000|  0%| F|  |TAMS 0x000000070f000000, 0x000000070f000000| Untracked 
| 223|0x000000070f100000, 0x000000070f100000, 0x000000070f200000|  0%| F|  |TAMS 0x000000070f100000, 0x000000070f100000| Untracked 
| 224|0x000000070f200000, 0x000000070f200000, 0x000000070f300000|  0%| F|  |TAMS 0x000000070f200000, 0x000000070f200000| Untracked 
| 225|0x000000070f300000, 0x000000070f300000, 0x000000070f400000|  0%| F|  |TAMS 0x000000070f300000, 0x000000070f300000| Untracked 
| 226|0x000000070f400000, 0x000000070f400000, 0x000000070f500000|  0%| F|  |TAMS 0x000000070f400000, 0x000000070f400000| Untracked 
| 227|0x000000070f500000, 0x000000070f500000, 0x000000070f600000|  0%| F|  |TAMS 0x000000070f500000, 0x000000070f500000| Untracked 
| 228|0x000000070f600000, 0x000000070f600000, 0x000000070f700000|  0%| F|  |TAMS 0x000000070f600000, 0x000000070f600000| Untracked 
| 229|0x000000070f700000, 0x000000070f700000, 0x000000070f800000|  0%| F|  |TAMS 0x000000070f700000, 0x000000070f700000| Untracked 
| 230|0x000000070f800000, 0x000000070f800000, 0x000000070f900000|  0%| F|  |TAMS 0x000000070f800000, 0x000000070f800000| Untracked 
| 231|0x000000070f900000, 0x000000070f97e2f0, 0x000000070fa00000| 49%| E|  |TAMS 0x000000070f900000, 0x000000070f900000| Complete 
| 232|0x000000070fa00000, 0x000000070fb00000, 0x000000070fb00000|100%| E|CS|TAMS 0x000000070fa00000, 0x000000070fa00000| Complete 
| 233|0x000000070fb00000, 0x000000070fc00000, 0x000000070fc00000|100%| E|CS|TAMS 0x000000070fb00000, 0x000000070fb00000| Complete 
| 234|0x000000070fc00000, 0x000000070fd00000, 0x000000070fd00000|100%| E|CS|TAMS 0x000000070fc00000, 0x000000070fc00000| Complete 
| 235|0x000000070fd00000, 0x000000070fe00000, 0x000000070fe00000|100%| E|CS|TAMS 0x000000070fd00000, 0x000000070fd00000| Complete 
| 236|0x000000070fe00000, 0x000000070ff00000, 0x000000070ff00000|100%| E|CS|TAMS 0x000000070fe00000, 0x000000070fe00000| Complete 
| 237|0x000000070ff00000, 0x0000000710000000, 0x0000000710000000|100%| E|CS|TAMS 0x000000070ff00000, 0x000000070ff00000| Complete 
| 238|0x0000000710000000, 0x0000000710100000, 0x0000000710100000|100%| E|CS|TAMS 0x0000000710000000, 0x0000000710000000| Complete 
| 239|0x0000000710100000, 0x0000000710200000, 0x0000000710200000|100%| E|CS|TAMS 0x0000000710100000, 0x0000000710100000| Complete 
| 240|0x0000000710200000, 0x0000000710300000, 0x0000000710300000|100%| E|CS|TAMS 0x0000000710200000, 0x0000000710200000| Complete 
| 241|0x0000000710300000, 0x0000000710400000, 0x0000000710400000|100%| E|CS|TAMS 0x0000000710300000, 0x0000000710300000| Complete 
| 242|0x0000000710400000, 0x0000000710500000, 0x0000000710500000|100%| E|CS|TAMS 0x0000000710400000, 0x0000000710400000| Complete 
| 243|0x0000000710500000, 0x0000000710600000, 0x0000000710600000|100%| E|CS|TAMS 0x0000000710500000, 0x0000000710500000| Complete 
| 244|0x0000000710600000, 0x0000000710700000, 0x0000000710700000|100%| E|CS|TAMS 0x0000000710600000, 0x0000000710600000| Complete 
| 245|0x0000000710700000, 0x0000000710800000, 0x0000000710800000|100%| E|CS|TAMS 0x0000000710700000, 0x0000000710700000| Complete 
| 246|0x0000000710800000, 0x0000000710900000, 0x0000000710900000|100%| E|CS|TAMS 0x0000000710800000, 0x0000000710800000| Complete 
| 247|0x0000000710900000, 0x0000000710a00000, 0x0000000710a00000|100%| E|CS|TAMS 0x0000000710900000, 0x0000000710900000| Complete 
| 248|0x0000000710a00000, 0x0000000710b00000, 0x0000000710b00000|100%| E|CS|TAMS 0x0000000710a00000, 0x0000000710a00000| Complete 
| 249|0x0000000710b00000, 0x0000000710c00000, 0x0000000710c00000|100%| E|CS|TAMS 0x0000000710b00000, 0x0000000710b00000| Complete 
| 250|0x0000000710c00000, 0x0000000710d00000, 0x0000000710d00000|100%| E|CS|TAMS 0x0000000710c00000, 0x0000000710c00000| Complete 
| 251|0x0000000710d00000, 0x0000000710e00000, 0x0000000710e00000|100%| E|CS|TAMS 0x0000000710d00000, 0x0000000710d00000| Complete 
| 252|0x0000000710e00000, 0x0000000710f00000, 0x0000000710f00000|100%| E|CS|TAMS 0x0000000710e00000, 0x0000000710e00000| Complete 
| 253|0x0000000710f00000, 0x0000000711000000, 0x0000000711000000|100%| E|CS|TAMS 0x0000000710f00000, 0x0000000710f00000| Complete 
| 254|0x0000000711000000, 0x0000000711100000, 0x0000000711100000|100%| E|CS|TAMS 0x0000000711000000, 0x0000000711000000| Complete 
| 255|0x0000000711100000, 0x0000000711200000, 0x0000000711200000|100%| E|CS|TAMS 0x0000000711100000, 0x0000000711100000| Complete 

Card table byte_map: [0x0000019ce6b80000,0x0000019ce7380000] _byte_map_base: 0x0000019ce3377000

Marking Bits (Prev, Next): (CMBitMap*) 0x0000019ccef19bc8, (CMBitMap*) 0x0000019ccef19c00
 Prev Bits: [0x0000019ce7b80000, 0x0000019cebb38000)
 Next Bits: [0x0000019cebb40000, 0x0000019cefaf8000)

Polling page: 0x0000019ccd610000

Metaspace:

Usage:
  Non-class:     44.82 MB capacity,    43.83 MB ( 98%) used,   828.09 KB (  2%) free+waste,   189.00 KB ( <1%) overhead. 
      Class:      7.01 MB capacity,     6.35 MB ( 91%) used,   577.52 KB (  8%) free+waste,    97.94 KB (  1%) overhead. 
       Both:     51.83 MB capacity,    50.18 MB ( 97%) used,     1.37 MB (  3%) free+waste,   286.94 KB ( <1%) overhead. 

Virtual space:
  Non-class space:       46.00 MB reserved,      44.92 MB ( 98%) committed 
      Class space:        1.00 GB reserved,       7.13 MB ( <1%) committed 
             Both:        1.04 GB reserved,      52.05 MB (  5%) committed 

Chunk freelists:
   Non-Class:  4.50 KB
       Class:  0 bytes
        Both:  4.50 KB

CodeHeap 'non-profiled nmethods': size=238336Kb used=8692Kb max_used=8692Kb free=229643Kb
 bounds [0x0000019cd7050000, 0x0000019cd78d0000, 0x0000019ce5910000]
CodeHeap 'non-nmethods': size=7424Kb used=1243Kb max_used=1243Kb free=6180Kb
 bounds [0x0000019cd6910000, 0x0000019cd6b80000, 0x0000019cd7050000]
 total_blobs=6117 nmethods=5507 adapters=535
 compilation: enabled
              stopped_count=0, restarted_count=0
 full_count=0

Compilation events (10 events):
Event: 102.570 Thread 0x0000019cf2ff0800 5503       1       com.sun.crypto.provider.CipherCore::getOutputSizeByOperation (177 bytes)
Event: 102.571 Thread 0x0000019cf2ff0800 nmethod 5503 0x0000019cd78cb990 code [0x0000019cd78cbba0, 0x0000019cd78cc258]
Event: 102.573 Thread 0x0000019cf2ff0800 5504       1       sun.security.ssl.Authenticator::increaseSequenceNumber (29 bytes)
Event: 102.573 Thread 0x0000019cf2ff0800 nmethod 5504 0x0000019cd78cc510 code [0x0000019cd78cc6a0, 0x0000019cd78cc7b8]
Event: 102.606 Thread 0x0000019cf2ff0800 5505       1       com.mysql.cj.jdbc.ConnectionImpl::getProxy (16 bytes)
Event: 102.606 Thread 0x0000019cf2ff0800 nmethod 5505 0x0000019cd78cc890 code [0x0000019cd78cca20, 0x0000019cd78ccaf8]
Event: 102.607 Thread 0x0000019cf2ff0800 5506       1       com.sun.crypto.provider.AESCipher::engineGetOutputSize (9 bytes)
Event: 102.608 Thread 0x0000019cf2ff0800 nmethod 5506 0x0000019cd78ccb90 code [0x0000019cd78ccd20, 0x0000019cd78cce08]
Event: 102.608 Thread 0x0000019cf2ff0800 5507       1       com.sun.crypto.provider.CipherCore::getOutputSize (7 bytes)
Event: 102.608 Thread 0x0000019cf2ff0800 nmethod 5507 0x0000019cd78ccf10 code [0x0000019cd78cd0a0, 0x0000019cd78cd188]

GC Heap History (10 events):
Event: 1.599 GC heap before
{Heap before GC invocations=1 (full 0):
 garbage-first heap   total 262144K, used 27916K [0x0000000701200000, 0x0000000800000000)
  region size 1024K, 22 young (22528K), 3 survivors (3072K)
 Metaspace       used 16929K, capacity 17412K, committed 17536K, reserved 1064960K
  class space    used 1868K, capacity 2061K, committed 2176K, reserved 1048576K
}
Event: 1.603 GC heap after
{Heap after GC invocations=2 (full 0):
 garbage-first heap   total 262144K, used 9472K [0x0000000701200000, 0x0000000800000000)
  region size 1024K, 2 young (2048K), 2 survivors (2048K)
 Metaspace       used 16929K, capacity 17412K, committed 17536K, reserved 1064960K
  class space    used 1868K, capacity 2061K, committed 2176K, reserved 1048576K
}
Event: 1.873 GC heap before
{Heap before GC invocations=2 (full 0):
 garbage-first heap   total 262144K, used 30976K [0x0000000701200000, 0x0000000800000000)
  region size 1024K, 25 young (25600K), 2 survivors (2048K)
 Metaspace       used 20494K, capacity 21179K, committed 21296K, reserved 1069056K
  class space    used 2399K, capacity 2688K, committed 2688K, reserved 1048576K
}
Event: 1.876 GC heap after
{Heap after GC invocations=3 (full 0):
 garbage-first heap   total 262144K, used 10364K [0x0000000701200000, 0x0000000800000000)
  region size 1024K, 2 young (2048K), 2 survivors (2048K)
 Metaspace       used 20494K, capacity 21179K, committed 21296K, reserved 1069056K
  class space    used 2399K, capacity 2688K, committed 2688K, reserved 1048576K
}
Event: 2.556 GC heap before
{Heap before GC invocations=4 (full 0):
 garbage-first heap   total 262144K, used 92284K [0x0000000701200000, 0x0000000800000000)
  region size 1024K, 83 young (84992K), 2 survivors (2048K)
 Metaspace       used 28383K, capacity 29385K, committed 29488K, reserved 1075200K
  class space    used 3542K, capacity 3913K, committed 3968K, reserved 1048576K
}
Event: 2.561 GC heap after
{Heap after GC invocations=5 (full 0):
 garbage-first heap   total 262144K, used 13982K [0x0000000701200000, 0x0000000800000000)
  region size 1024K, 6 young (6144K), 6 survivors (6144K)
 Metaspace       used 28383K, capacity 29385K, committed 29488K, reserved 1075200K
  class space    used 3542K, capacity 3913K, committed 3968K, reserved 1048576K
}
Event: 3.327 GC heap before
{Heap before GC invocations=5 (full 0):
 garbage-first heap   total 262144K, used 97950K [0x0000000701200000, 0x0000000800000000)
  region size 1024K, 89 young (91136K), 6 survivors (6144K)
 Metaspace       used 34323K, capacity 35513K, committed 35632K, reserved 1079296K
  class space    used 4401K, capacity 4883K, committed 4992K, reserved 1048576K
}
Event: 3.335 GC heap after
{Heap after GC invocations=6 (full 0):
 garbage-first heap   total 262144K, used 18063K [0x0000000701200000, 0x0000000800000000)
  region size 1024K, 10 young (10240K), 10 survivors (10240K)
 Metaspace       used 34323K, capacity 35513K, committed 35632K, reserved 1079296K
  class space    used 4401K, capacity 4883K, committed 4992K, reserved 1048576K
}
Event: 44.371 GC heap before
{Heap before GC invocations=7 (full 0):
 garbage-first heap   total 262144K, used 164495K [0x0000000701200000, 0x0000000800000000)
  region size 1024K, 153 young (156672K), 10 survivors (10240K)
 Metaspace       used 49290K, capacity 50997K, committed 51248K, reserved 1093632K
  class space    used 6246K, capacity 6929K, committed 7040K, reserved 1048576K
}
Event: 44.384 GC heap after
{Heap after GC invocations=8 (full 0):
 garbage-first heap   total 262144K, used 26829K [0x0000000701200000, 0x0000000800000000)
  region size 1024K, 18 young (18432K), 18 survivors (18432K)
 Metaspace       used 49290K, capacity 50997K, committed 51248K, reserved 1093632K
  class space    used 6246K, capacity 6929K, committed 7040K, reserved 1048576K
}

Deoptimization events (0 events):
No events

Classes redefined (0 events):
No events

Internal exceptions (10 events):
Event: 4.320 Thread 0x0000019cf40c8000 Exception <a 'java/lang/NoSuchMethodError'{0x000000070a9fd960}: java.lang.invoke.DirectMethodHandle$Holder.invokeVirtual(Ljava/lang/Object;Ljava/lang/Object;J)V> (0x000000070a9fd960) thrown at [./open/src/hotspot/share/interpreter/linkResolver.cpp, line 7
Event: 4.359 Thread 0x0000019cf40c8000 Exception <a 'java/lang/NoSuchMethodError'{0x000000070a599870}: java.lang.invoke.DirectMethodHandle$Holder.newInvokeSpecial(Ljava/lang/Object;Ljava/lang/Object;Ljava/lang/Object;Ljava/lang/Object;Ljava/lang/Object;)Ljava/lang/Object;> (0x000000070a599870)
Event: 4.441 Thread 0x0000019cf425b000 Exception <a 'java/lang/reflect/InvocationTargetException'{0x0000000710822410}> (0x0000000710822410) thrown at [./open/src/hotspot/share/runtime/reflection.cpp, line 1242]
Event: 4.450 Thread 0x0000019cf40c8000 Exception <a 'java/lang/IncompatibleClassChangeError'{0x0000000709d43918}: Found class java.lang.Object, but interface was expected> (0x0000000709d43918) thrown at [./open/src/hotspot/share/interpreter/linkResolver.cpp, line 838]
Event: 4.632 Thread 0x0000019cf40c8000 Exception <a 'java/lang/NoSuchMethodError'{0x0000000708ef43f0}: java.lang.invoke.DirectMethodHandle$Holder.invokeSpecial(Ljava/lang/Object;Ljava/lang/Object;ILjava/lang/Object;ILjava/lang/Object;)Ljava/lang/Object;> (0x0000000708ef43f0) thrown at [./open/
Event: 4.632 Thread 0x0000019cf40c8000 Exception <a 'java/lang/NoSuchMethodError'{0x0000000708efbb78}: java.lang.invoke.DirectMethodHandle$Holder.invokeStatic(Ljava/lang/Object;Ljava/lang/Object;ILjava/lang/Object;I)Ljava/lang/Object;> (0x0000000708efbb78) thrown at [./open/src/hotspot/share/i
Event: 4.632 Thread 0x0000019cf40c8000 Exception <a 'java/lang/NoSuchMethodError'{0x0000000708eff350}: java.lang.invoke.DirectMethodHandle$Holder.invokeSpecial(Ljava/lang/Object;Ljava/lang/Object;Ljava/lang/Object;ILjava/lang/Object;I)Ljava/lang/Object;> (0x0000000708eff350) thrown at [./open/
Event: 4.633 Thread 0x0000019cf40c8000 Exception <a 'java/lang/NoSuchMethodError'{0x0000000708d0ff90}: java.lang.invoke.DirectMethodHandle$Holder.invokeVirtual(Ljava/lang/Object;Ljava/lang/Object;)V> (0x0000000708d0ff90) thrown at [./open/src/hotspot/share/interpreter/linkResolver.cpp, line 77
Event: 102.548 Thread 0x0000019cf4dfa000 Exception <a 'java/lang/InterruptedException'{0x000000070fa3cf18}: sleep interrupted> (0x000000070fa3cf18) thrown at [./open/src/hotspot/share/prims/jvm.cpp, line 3127]
Event: 102.566 Thread 0x0000019cf68ca800 Exception <a 'java/lang/NoSuchMethodError'{0x000000070f943168}: java.lang.invoke.DirectMethodHandle$Holder.invokeInterface(Ljava/lang/Object;Ljava/lang/Object;)V> (0x000000070f943168) thrown at [./open/src/hotspot/share/interpreter/linkResolver.cpp, line 

Events (10 events):
Event: 102.607 Executing VM operation: RevokeBias
Event: 102.607 Executing VM operation: RevokeBias done
Event: 102.608 Executing VM operation: RevokeBias
Event: 102.608 Executing VM operation: RevokeBias done
Event: 102.608 Executing VM operation: RevokeBias
Event: 102.608 Executing VM operation: RevokeBias done
Event: 102.608 Executing VM operation: RevokeBias
Event: 102.608 Executing VM operation: RevokeBias done
Event: 102.608 Thread 0x0000019cf68ca800 Thread exited: 0x0000019cf68ca800
Event: 102.610 Executing VM operation: G1CollectFull


Dynamic libraries:
0x00007ff6c5450000 - 0x00007ff6c5460000 	D:\software\JDK11\bin\java.exe
0x00007ff870ca0000 - 0x00007ff870e90000 	C:\WINDOWS\SYSTEM32\ntdll.dll
0x00007ff86f110000 - 0x00007ff86f1c2000 	C:\WINDOWS\System32\KERNEL32.DLL
0x00007ff86e840000 - 0x00007ff86eae5000 	C:\WINDOWS\System32\KERNELBASE.dll
0x00007ff86dcd0000 - 0x00007ff86ddca000 	C:\WINDOWS\System32\ucrtbase.dll
0x00007ff849a60000 - 0x00007ff849a79000 	D:\software\JDK11\bin\jli.dll
0x00007ff870340000 - 0x00007ff8703e3000 	C:\WINDOWS\System32\ADVAPI32.dll
0x00007ff8464b0000 - 0x00007ff8464cb000 	D:\software\JDK11\bin\VCRUNTIME140.dll
0x00007ff86ed70000 - 0x00007ff86ee0e000 	C:\WINDOWS\System32\msvcrt.dll
0x00007ff86ee10000 - 0x00007ff86eea7000 	C:\WINDOWS\System32\sechost.dll
0x00007ff86eff0000 - 0x00007ff86f10f000 	C:\WINDOWS\System32\RPCRT4.dll
0x00007ff870930000 - 0x00007ff870ac4000 	C:\WINDOWS\System32\USER32.dll
0x00007ff86ed20000 - 0x00007ff86ed41000 	C:\WINDOWS\System32\win32u.dll
0x00007ff863e30000 - 0x00007ff8640b4000 	C:\WINDOWS\WinSxS\amd64_microsoft.windows.common-controls_6595b64144ccf1df_6.0.18362.1556_none_9e7e372fe45e41d5\COMCTL32.dll
0x00007ff86fbb0000 - 0x00007ff86fbd6000 	C:\WINDOWS\System32\GDI32.dll
0x00007ff86f560000 - 0x00007ff86f896000 	C:\WINDOWS\System32\combase.dll
0x00007ff86eaf0000 - 0x00007ff86ec88000 	C:\WINDOWS\System32\gdi32full.dll
0x00007ff86dc30000 - 0x00007ff86dcce000 	C:\WINDOWS\System32\msvcp_win.dll
0x00007ff86ec90000 - 0x00007ff86ed11000 	C:\WINDOWS\System32\bcryptPrimitives.dll
0x00007ff86d730000 - 0x00007ff86d73a000 	C:\WINDOWS\SYSTEM32\VERSION.dll
0x00007ff86eeb0000 - 0x00007ff86eede000 	C:\WINDOWS\System32\IMM32.DLL
0x00000000590a0000 - 0x00000000590ad000 	D:\software\360\360Safe\safemon\SafeWrapper.dll
0x00007ff853950000 - 0x00007ff8539fc000 	D:\software\360\360Safe\safemon\libzdtp64.dll
0x00007ff86fbe0000 - 0x00007ff8702c7000 	C:\WINDOWS\System32\SHELL32.dll
0x00007ff86e040000 - 0x00007ff86e08a000 	C:\WINDOWS\System32\cfgmgr32.dll
0x00007ff86ef40000 - 0x00007ff86efe8000 	C:\WINDOWS\System32\shcore.dll
0x00007ff86e0c0000 - 0x00007ff86e83b000 	C:\WINDOWS\System32\windows.storage.dll
0x00007ff86db60000 - 0x00007ff86db7e000 	C:\WINDOWS\System32\profapi.dll
0x00007ff86dba0000 - 0x00007ff86dbea000 	C:\WINDOWS\System32\powrprof.dll
0x00007ff86db50000 - 0x00007ff86db60000 	C:\WINDOWS\System32\UMPDC.dll
0x00007ff870860000 - 0x00007ff8708b2000 	C:\WINDOWS\System32\shlwapi.dll
0x00007ff86dbf0000 - 0x00007ff86dc01000 	C:\WINDOWS\System32\kernel.appcore.dll
0x00007ff86dc10000 - 0x00007ff86dc27000 	C:\WINDOWS\System32\cryptsp.dll
0x00007ff856410000 - 0x00007ff85641c000 	D:\software\JDK11\bin\vcruntime140_1.dll
0x00007ff842da0000 - 0x00007ff842e2e000 	D:\software\JDK11\bin\msvcp140.dll
0x00007ff801db0000 - 0x00007ff80291c000 	D:\software\JDK11\bin\server\jvm.dll
0x00007ff870ad0000 - 0x00007ff870ad8000 	C:\WINDOWS\System32\PSAPI.DLL
0x00007ff86a300000 - 0x00007ff86a309000 	C:\WINDOWS\SYSTEM32\WSOCK32.dll
0x00007ff8708c0000 - 0x00007ff87092f000 	C:\WINDOWS\System32\WS2_32.dll
0x00007ff86ba30000 - 0x00007ff86ba54000 	C:\WINDOWS\SYSTEM32\WINMM.dll
0x00007ff86b920000 - 0x00007ff86b94d000 	C:\WINDOWS\SYSTEM32\winmmbase.dll
0x00007ff856380000 - 0x00007ff856390000 	D:\software\JDK11\bin\verify.dll
0x00007ff85c470000 - 0x00007ff85c664000 	C:\WINDOWS\SYSTEM32\DBGHELP.DLL
0x00007ff859170000 - 0x00007ff85919a000 	C:\WINDOWS\SYSTEM32\dbgcore.DLL
0x00007ff849ad0000 - 0x00007ff849af8000 	D:\software\JDK11\bin\java.dll
0x00007ff853530000 - 0x00007ff85353a000 	D:\software\JDK11\bin\jimage.dll
0x00007ff86a400000 - 0x00007ff86a40e000 	D:\software\JDK11\bin\instrument.dll
0x00007ff849a90000 - 0x00007ff849aa7000 	D:\software\JDK11\bin\zip.dll
0x00007ff842d80000 - 0x00007ff842d99000 	D:\software\JDK11\bin\net.dll
0x00007ff864200000 - 0x00007ff8642fa000 	C:\WINDOWS\SYSTEM32\WINHTTP.dll
0x00007ff86d320000 - 0x00007ff86d387000 	C:\WINDOWS\system32\mswsock.dll
0x00007ff842d30000 - 0x00007ff842d42000 	D:\software\JDK11\bin\nio.dll
0x00007ff86a340000 - 0x00007ff86a35a000 	D:\software\IntelliJ IDEA 2022.3.2\bin\breakgen64.dll
0x00007ff86d070000 - 0x00007ff86d13b000 	C:\WINDOWS\SYSTEM32\DNSAPI.dll
0x00007ff8702d0000 - 0x00007ff8702d8000 	C:\WINDOWS\System32\NSI.dll
0x00007ff86d030000 - 0x00007ff86d06a000 	C:\WINDOWS\SYSTEM32\IPHLPAPI.DLL
0x00007ff867330000 - 0x00007ff86733a000 	C:\Windows\System32\rasadhlp.dll
0x00007ff8661d0000 - 0x00007ff866247000 	C:\WINDOWS\System32\fwpuclnt.dll
0x00007ff86e090000 - 0x00007ff86e0b6000 	C:\WINDOWS\System32\bcrypt.dll
0x00007ff86a310000 - 0x00007ff86a319000 	D:\software\JDK11\bin\management.dll
0x00007ff863830000 - 0x00007ff86383b000 	D:\software\JDK11\bin\management_ext.dll
0x00007ff86cea0000 - 0x00007ff86ced3000 	C:\WINDOWS\system32\rsaenh.dll
0x00007ff86da40000 - 0x00007ff86da65000 	C:\WINDOWS\SYSTEM32\USERENV.dll
0x00007ff86d4f0000 - 0x00007ff86d4fc000 	C:\WINDOWS\SYSTEM32\CRYPTBASE.dll
0x00007ff866620000 - 0x00007ff866636000 	C:\WINDOWS\SYSTEM32\dhcpcsvc6.DLL
0x00007ff866960000 - 0x00007ff86697c000 	C:\WINDOWS\SYSTEM32\dhcpcsvc.DLL
0x00007ff84dcb0000 - 0x00007ff84dcc6000 	C:\WINDOWS\system32\napinsp.dll
0x00007ff84dc90000 - 0x00007ff84dcaa000 	C:\WINDOWS\system32\pnrpnsp.dll
0x00007ff84dc80000 - 0x00007ff84dc8e000 	C:\WINDOWS\System32\winrnr.dll
0x00007ff86a2e0000 - 0x00007ff86a2fc000 	C:\WINDOWS\system32\NLAapi.dll
0x00007ff868da0000 - 0x00007ff868db5000 	C:\WINDOWS\system32\wshbth.dll
0x00007ff863820000 - 0x00007ff86382d000 	D:\software\JDK11\bin\sunmscapi.dll
0x00007ff86ddd0000 - 0x00007ff86df21000 	C:\WINDOWS\System32\CRYPT32.dll
0x00007ff86db80000 - 0x00007ff86db92000 	C:\WINDOWS\System32\MSASN1.dll
0x00007ff86d600000 - 0x00007ff86d626000 	C:\WINDOWS\SYSTEM32\ncrypt.dll
0x00007ff86d5c0000 - 0x00007ff86d5fb000 	C:\WINDOWS\SYSTEM32\NTASN1.dll
0x00007ff855cb0000 - 0x00007ff855cd7000 	D:\software\JDK11\bin\sunec.dll
0x00007ff84c250000 - 0x00007ff84c298000 	C:\WINDOWS\SYSTEM32\pdh.dll
0x00007ff85c390000 - 0x00007ff85c39f000 	C:\WINDOWS\System32\perfproc.dll
0x00007ff859b00000 - 0x00007ff859b0e000 	C:\WINDOWS\System32\perfos.dll

dbghelp: loaded successfully - version: 4.0.5 - missing functions: none
symbol engine: initialized successfully - sym options: 0x614 - pdb path: .;D:\software\JDK11\bin;C:\WINDOWS\SYSTEM32;C:\WINDOWS\WinSxS\amd64_microsoft.windows.common-controls_6595b64144ccf1df_6.0.18362.1556_none_9e7e372fe45e41d5;D:\software\360\360Safe\safemon;D:\software\JDK11\bin\server;D:\software\IntelliJ IDEA 2022.3.2\bin

VM Arguments:
jvm_args: -XX:TieredStopAtLevel=1 -Xverify:none -Dspring.output.ansi.enabled=always -Dcom.sun.management.jmxremote -Dspring.jmx.enabled=true -Dspring.liveBeansView.mbeanDomain -Dspring.application.admin.enabled=true -Dmanagement.endpoints.jmx.exposure.include=* -javaagent:D:\software\IntelliJ IDEA 2022.3.2\lib\idea_rt.jar=20140:D:\software\IntelliJ IDEA 2022.3.2\bin -Dfile.encoding=UTF-8 
java_command: com.flow.network.NetworkApplication
java_class_path (initial): E:\profit\IDEAPro\networkbackground\target\classes;E:\profit\mavenrepository\org\springframework\boot\spring-boot-starter-jdbc\2.7.12\spring-boot-starter-jdbc-2.7.12.jar;E:\profit\mavenrepository\org\springframework\boot\spring-boot-starter\2.7.12\spring-boot-starter-2.7.12.jar;E:\profit\mavenrepository\org\springframework\boot\spring-boot-starter-logging\2.7.12\spring-boot-starter-logging-2.7.12.jar;E:\profit\mavenrepository\ch\qos\logback\logback-classic\1.2.12\logback-classic-1.2.12.jar;E:\profit\mavenrepository\ch\qos\logback\logback-core\1.2.12\logback-core-1.2.12.jar;E:\profit\mavenrepository\org\apache\logging\log4j\log4j-to-slf4j\2.17.2\log4j-to-slf4j-2.17.2.jar;E:\profit\mavenrepository\org\apache\logging\log4j\log4j-api\2.17.2\log4j-api-2.17.2.jar;E:\profit\mavenrepository\org\slf4j\jul-to-slf4j\1.7.36\jul-to-slf4j-1.7.36.jar;E:\profit\mavenrepository\jakarta\annotation\jakarta.annotation-api\1.3.5\jakarta.annotation-api-1.3.5.jar;E:\profit\mavenrepository\org\yaml\snakeyaml\1.30\snakeyaml-1.30.jar;E:\profit\mavenrepository\com\zaxxer\HikariCP\4.0.3\HikariCP-4.0.3.jar;E:\profit\mavenrepository\org\springframework\spring-jdbc\5.3.27\spring-jdbc-5.3.27.jar;E:\profit\mavenrepository\org\springframework\spring-tx\5.3.27\spring-tx-5.3.27.jar;E:\profit\mavenrepository\org\springframework\boot\spring-boot-starter-web\2.7.12\spring-boot-starter-web-2.7.12.jar;E:\profit\mavenrepository\org\springframework\boot\spring-boot-starter-json\2.7.12\spring-boot-starter-json-2.7.12.jar;E:\profit\mavenrepository\com\fasterxml\jackson\core\jackson-databind\2.13.5\jackson-databind-2.13.5.jar;E:\profit\mavenrepository\com\fasterxml\jackson\core\jackson-annotations\2.13.5\jackson-annotations-2.13.5.jar;E:\profit\mavenrepository\com\fasterxml\jackson\core\jackson-core\2.13.5\jackson-core-2.13.5.jar;E:\profit\mavenrepository\com\fasterxml\jackson\datatype\jackson-datatype-jdk8\2.13.5\jackson-datatype-jdk8-2.13.5.jar;E:\profit\mavenrepository\com\faster
Launcher Type: SUN_STANDARD

[Global flags]
     bool BytecodeVerificationLocal                = false                                     {product} {command line}
     bool BytecodeVerificationRemote               = false                                     {product} {command line}
     intx CICompilerCount                          = 4                                         {product} {ergonomic}
     uint ConcGCThreads                            = 2                                         {product} {ergonomic}
     uint G1ConcRefinementThreads                  = 8                                         {product} {ergonomic}
   size_t G1HeapRegionSize                         = 1048576                                   {product} {ergonomic}
    uintx GCDrainStackTargetSize                   = 64                                        {product} {ergonomic}
   size_t InitialHeapSize                          = 268435456                                 {product} {ergonomic}
     bool ManagementServer                         = true                                      {product} {command line}
   size_t MarkStackSize                            = 4194304                                   {product} {ergonomic}
   size_t MaxHeapSize                              = 4276092928                                {product} {ergonomic}
   size_t MaxNewSize                               = 2564816896                                {product} {ergonomic}
   size_t MinHeapDeltaBytes                        = 1048576                                   {product} {ergonomic}
    uintx NonNMethodCodeHeapSize                   = 7549744                                {pd product} {ergonomic}
    uintx NonProfiledCodeHeapSize                  = 244108496                              {pd product} {ergonomic}
    uintx ProfiledCodeHeapSize                     = 0                                      {pd product} {ergonomic}
    uintx ReservedCodeCacheSize                    = 251658240                              {pd product} {ergonomic}
     bool SegmentedCodeCache                       = true                                      {product} {ergonomic}
     intx TieredStopAtLevel                        = 1                                         {product} {command line}
     bool UseCompressedClassPointers               = true                                 {lp64_product} {ergonomic}
     bool UseCompressedOops                        = true                                 {lp64_product} {ergonomic}
     bool UseG1GC                                  = true                                      {product} {ergonomic}
     bool UseLargePagesIndividualAllocation        = false                                  {pd product} {ergonomic}

Logging:
Log output configuration:
 #0: stdout all=warning uptime,level,tags
 #1: stderr all=off uptime,level,tags

Environment Variables:
JAVA_HOME=D:\software\jdk16\
CLASSPATH= .;D:\software\jdk16\\lib;D:\software\jdk16\\lib\tools.jar;D:\software\jdk16\\lib\dt.jar; 
PATH=C:\Python312\Scripts\;C:\Python312\;C:\Program Files\Common Files\Oracle\Java\javapath;C:\ProgramData\Oracle\Java\javapath;C:\WINDOWS\system32;C:\WINDOWS;C:\WINDOWS\System32\Wbem;C:\WINDOWS\System32\WindowsPowerShell\v1.0\;C:\WINDOWS\System32\OpenSSH\;C:\Program Files (x86)\NVIDIA Corporation\PhysX\Common;D:\software\jdk7\bin;D:\software\jdk7\jre\bin;D:\software\Anaconda;D:\software\Anaconda\Scripts;D:\steam\putty\;C:\WINDOWS\system32;C:\WINDOWS;C:\WINDOWS\System32\Wbem;C:\WINDOWS\System32\WindowsPowerShell\v1.0\;C:\WINDOWS\System32\OpenSSH\;C:\Program Files\NVIDIA Corporation\NVIDIA NvDLISR;C:\Program Files\dotnet\;D:\software\npm\;C:\ProgramData\chocolatey\bin;D:\software\Git\cmd;C:\Program Files\MySQL\MySQL Shell 8.0\bin\;D:\software\python37\Scripts\;D:\software\python37\;C:\Users\ice\AppData\Local\Microsoft\WindowsApps;C:\ProgramData\ice\GitHubDesktop\bin;C:\Users\ice\AppData\Local\GitHubDesktop\bin;C:\Users\ice\AppData\Local\Microsoft\WindowsApps;D:\software\PyCharm 2019.3.1\bin;;D:\software\jdk16\bin\;D:\software\jdk16\;D:\software\IntelliJ IDEA 2022.3.2\bin;;C:\Users\ice\AppData\Roaming\npm;D:\software\mysql5.7\bin;
USERNAME=ice
OS=Windows_NT
PROCESSOR_IDENTIFIER=Intel64 Family 6 Model 60 Stepping 3, GenuineIntel



---------------  S Y S T E M  ---------------

OS: Windows 10 , 64 bit Build 18362 (10.0.18362.1500)

CPU:total 8 (initial active 8) (4 cores per cpu, 2 threads per core) family 6 model 60 stepping 3 microcode 0x28, cmov, cx8, fxsr, mmx, sse, sse2, sse3, ssse3, sse4.1, sse4.2, popcnt, avx, avx2, aes, clmul, erms, lzcnt, ht, tsc, tscinvbit, bmi1, bmi2, fma

Memory: 4k page, system-wide physical 16304M (3371M free)
TotalPageFile size 16304M (AvailPageFile size 5M)
current process WorkingSet (physical memory assigned to process): 297M, peak: 297M
current process commit charge ("private bytes"): 424M, peak: 425M

vm_info: Java HotSpot(TM) 64-Bit Server VM (11.0.19+9-LTS-224) for windows-amd64 JRE (11.0.19+9-LTS-224), built on Mar 27 2023 08:48:55 by "mach5one" with MS VC++ 17.1 (VS2022)

END.
