#
# There is insufficient memory for the Java Runtime Environment to continue.
# Native memory allocation (malloc) failed to allocate 1088656 bytes for Chunk::new
# Possible reasons:
#   The system is out of physical RAM or swap space
#   The process is running with CompressedOops enabled, and the Java Heap may be blocking the growth of the native heap
# Possible solutions:
#   Reduce memory load on the system
#   Increase physical memory or swap space
#   Check if swap backing store is full
#   Decrease Java heap size (-Xmx/-Xms)
#   Decrease number of Java threads
#   Decrease Java thread stack sizes (-Xss)
#   Set larger code cache with -XX:ReservedCodeCacheSize=
#   JVM is running with Zero Based Compressed Oops mode in which the Java heap is
#     placed in the first 32GB address space. The Java Heap base address is the
#     maximum limit for the native heap growth. Please use -XX:HeapBaseMinAddress
#     to set the Java Heap base and to place the Java Heap above 32GB virtual address.
# This output file may be truncated or incomplete.
#
#  Out of Memory Error (./open/src/hotspot/share/memory/arena.cpp:197), pid=18000, tid=18108
#
# JRE version: Java(TM) SE Runtime Environment 18.9 (11.0.19+9) (build 11.0.19+9-LTS-224)
# Java VM: Java HotSpot(TM) 64-Bit Server VM 18.9 (11.0.19+9-LTS-224, mixed mode, tiered, compressed oops, g1 gc, windows-amd64)
# No core dump will be written. Minidumps are not enabled by default on client versions of Windows
#

---------------  S U M M A R Y ------------

Command Line: D:\TEMP\surefire9746806109211713910\surefirebooter14266356543728807858.jar D:\TEMP\surefire9746806109211713910 2023-10-30T18-30-57_466-jvmRun1 surefire15271735929881848551tmp surefire_014185993109839777287tmp

Host: Intel(R) Xeon(R) CPU E3-1230 v3 @ 3.30GHz, 8 cores, 15G,  Windows 10 , 64 bit Build 18362 (10.0.18362.1500)
Time: Mon Oct 30 18:31:27 2023 中国标准时间 elapsed time: 27.772166 seconds (0d 0h 0m 27s)

---------------  T H R E A D  ---------------

Current thread (0x0000021f3ba83000):  JavaThread "C2 CompilerThread0" daemon [_thread_in_native, id=18108, stack(0x0000007098900000,0x0000007098a00000)]


Current CompileTask:
C2:  27772 5552 % !   4       java.util.concurrent.ConcurrentHashMap::transfer @ 372 (828 bytes)

Stack: [0x0000007098900000,0x0000007098a00000]
Native frames: (J=compiled Java code, j=interpreted, Vv=VM code, C=native code)
V  [jvm.dll+0x65fe1a]
V  [jvm.dll+0x7a2bbf]
V  [jvm.dll+0x7a4289]
V  [jvm.dll+0x7a4923]
V  [jvm.dll+0x258a25]
V  [jvm.dll+0xb29cc]
V  [jvm.dll+0xb2f8c]
V  [jvm.dll+0x3670df]
V  [jvm.dll+0x32fdf5]
V  [jvm.dll+0x32f1da]
V  [jvm.dll+0x21172d]
V  [jvm.dll+0x2106f8]
V  [jvm.dll+0x18c841]
V  [jvm.dll+0x220989]
V  [jvm.dll+0x21ecac]
V  [jvm.dll+0x766921]
V  [jvm.dll+0x75f2e4]
V  [jvm.dll+0x65ecc5]
C  [ucrtbase.dll+0x210b2]
C  [KERNEL32.DLL+0x17c24]
C  [ntdll.dll+0x6d721]


---------------  P R O C E S S  ---------------

Threads class SMR info:
_java_thread_list=0x0000021f3fdb7180, length=14, elements={
0x0000021f16215000, 0x0000021f3ba1e000, 0x0000021f3ba21000, 0x0000021f3ba7d800,
0x0000021f3ba7f800, 0x0000021f3ba80800, 0x0000021f3ba83000, 0x0000021f3ba88000,
0x0000021f3ba89000, 0x0000021f3bb9c000, 0x0000021f3bd22800, 0x0000021f3beeb800,
0x0000021f3d2ed800, 0x0000021f3d14c000
}

Java Threads: ( => current thread )
  0x0000021f16215000 JavaThread "main" [_thread_in_native_trans, id=18020, stack(0x0000007097d00000,0x0000007097e00000)]
  0x0000021f3ba1e000 JavaThread "Reference Handler" daemon [_thread_blocked, id=18084, stack(0x0000007098400000,0x0000007098500000)]
  0x0000021f3ba21000 JavaThread "Finalizer" daemon [_thread_blocked, id=18088, stack(0x0000007098500000,0x0000007098600000)]
  0x0000021f3ba7d800 JavaThread "Signal Dispatcher" daemon [_thread_blocked, id=18096, stack(0x0000007098600000,0x0000007098700000)]
  0x0000021f3ba7f800 JavaThread "Attach Listener" daemon [_thread_blocked, id=18100, stack(0x0000007098700000,0x0000007098800000)]
  0x0000021f3ba80800 JavaThread "Service Thread" daemon [_thread_blocked, id=18104, stack(0x0000007098800000,0x0000007098900000)]
=>0x0000021f3ba83000 JavaThread "C2 CompilerThread0" daemon [_thread_in_native, id=18108, stack(0x0000007098900000,0x0000007098a00000)]
  0x0000021f3ba88000 JavaThread "C1 CompilerThread0" daemon [_thread_blocked, id=18112, stack(0x0000007098a00000,0x0000007098b00000)]
  0x0000021f3ba89000 JavaThread "Sweeper thread" daemon [_thread_blocked, id=18116, stack(0x0000007098b00000,0x0000007098c00000)]
  0x0000021f3bb9c000 JavaThread "Common-Cleaner" daemon [_thread_blocked, id=18136, stack(0x0000007098d00000,0x0000007098e00000)]
  0x0000021f3bd22800 JavaThread "surefire-forkedjvm-command-thread" daemon [_thread_in_native, id=18160, stack(0x0000007098e00000,0x0000007098f00000)]
  0x0000021f3beeb800 JavaThread "surefire-forkedjvm-ping-30s" daemon [_thread_in_native, id=18232, stack(0x0000007098f00000,0x0000007099000000)]
  0x0000021f3d2ed800 JavaThread "mysql-cj-abandoned-connection-cleanup" daemon [_thread_blocked, id=16080, stack(0x0000007099000000,0x0000007099100000)]
  0x0000021f3d14c000 JavaThread "HikariPool-1 housekeeper" daemon [_thread_blocked, id=12104, stack(0x0000007099700000,0x0000007099800000)]

Other Threads:
  0x0000021f3b9da000 VMThread "VM Thread" [stack: 0x0000007098300000,0x0000007098400000] [id=18048]
  0x0000021f3bb9a000 WatcherThread [stack: 0x0000007098c00000,0x0000007098d00000] [id=18132]
  0x0000021f1622b000 GCTaskThread "GC Thread#0" [stack: 0x0000007097e00000,0x0000007097f00000] [id=18028]
  0x0000021f3c3a0000 GCTaskThread "GC Thread#1" [stack: 0x0000007099100000,0x0000007099200000] [id=15480]
  0x0000021f3c1f2000 GCTaskThread "GC Thread#2" [stack: 0x0000007099200000,0x0000007099300000] [id=15456]
  0x0000021f3c1f2800 GCTaskThread "GC Thread#3" [stack: 0x0000007099300000,0x0000007099400000] [id=15452]
  0x0000021f3cb87800 GCTaskThread "GC Thread#4" [stack: 0x0000007099400000,0x0000007099500000] [id=15448]
  0x0000021f3cb88000 GCTaskThread "GC Thread#5" [stack: 0x0000007099500000,0x0000007099600000] [id=16828]
  0x0000021f16289800 ConcurrentGCThread "G1 Main Marker" [stack: 0x0000007097f00000,0x0000007098000000] [id=18032]
  0x0000021f1628b000 ConcurrentGCThread "G1 Conc#0" [stack: 0x0000007098000000,0x0000007098100000] [id=18036]
  0x0000021f3ccce000 ConcurrentGCThread "G1 Conc#1" [stack: 0x0000007099600000,0x0000007099700000] [id=17960]
  0x0000021f3ac02800 ConcurrentGCThread "G1 Refine#0" [stack: 0x0000007098100000,0x0000007098200000] [id=18040]
  0x0000021f3ac05800 ConcurrentGCThread "G1 Young RemSet Sampling" [stack: 0x0000007098200000,0x0000007098300000] [id=18044]

Threads with active compile tasks:
C2 CompilerThread0    27867 5552 % !   4       java.util.concurrent.ConcurrentHashMap::transfer @ 372 (828 bytes)
C1 CompilerThread0    27867 5591       3       net.bytebuddy.description.method.ParameterDescription$Latent::getDeclaringMethod (5 bytes)

VM state:not at safepoint (normal execution)

VM Mutex/Monitor currently owned by a thread: None

Heap address: 0x0000000701200000, size: 4078 MB, Compressed Oops mode: Zero based, Oop shift amount: 3
Narrow klass base: 0x0000000800000000, Narrow klass shift: 0
Compressed class space size: 1073741824 Address: 0x0000000800000000

Heap:
 garbage-first heap   total 262144K, used 58757K [0x0000000701200000, 0x0000000800000000)
  region size 1024K, 52 young (53248K), 20 survivors (20480K)
 Metaspace       used 51280K, capacity 52836K, committed 53072K, reserved 1095680K
  class space    used 6246K, capacity 6884K, committed 6912K, reserved 1048576K
Heap Regions: E=young(eden), S=young(survivor), O=old, HS=humongous(starts), HC=humongous(continues), CS=collection set, F=free, A=archive, TAMS=top-at-mark-start (previous, next)
|   0|0x0000000701200000, 0x0000000701300000, 0x0000000701300000|100%| O|  |TAMS 0x0000000701300000, 0x0000000701200000| Untracked 
|   1|0x0000000701300000, 0x0000000701400000, 0x0000000701400000|100%| O|  |TAMS 0x0000000701400000, 0x0000000701300000| Untracked 
|   2|0x0000000701400000, 0x0000000701500000, 0x0000000701500000|100%| O|  |TAMS 0x0000000701500000, 0x0000000701400000| Untracked 
|   3|0x0000000701500000, 0x0000000701600000, 0x0000000701600000|100%| O|  |TAMS 0x0000000701600000, 0x0000000701500000| Untracked 
|   4|0x0000000701600000, 0x0000000701700000, 0x0000000701700000|100%| O|  |TAMS 0x0000000701700000, 0x0000000701600000| Untracked 
|   5|0x0000000701700000, 0x0000000701800000, 0x0000000701800000|100%| O|  |TAMS 0x0000000701800000, 0x0000000701700000| Untracked 
|   6|0x0000000701800000, 0x0000000701861400, 0x0000000701900000| 37%| O|  |TAMS 0x000000070180bc00, 0x0000000701800000| Untracked 
|   7|0x0000000701900000, 0x0000000701900000, 0x0000000701a00000|  0%| F|  |TAMS 0x0000000701900000, 0x0000000701900000| Untracked 
|   8|0x0000000701a00000, 0x0000000701a00000, 0x0000000701b00000|  0%| F|  |TAMS 0x0000000701a00000, 0x0000000701a00000| Untracked 
|   9|0x0000000701b00000, 0x0000000701b00000, 0x0000000701c00000|  0%| F|  |TAMS 0x0000000701b00000, 0x0000000701b00000| Untracked 
|  10|0x0000000701c00000, 0x0000000701c00000, 0x0000000701d00000|  0%| F|  |TAMS 0x0000000701c00000, 0x0000000701c00000| Untracked 
|  11|0x0000000701d00000, 0x0000000701d00000, 0x0000000701e00000|  0%| F|  |TAMS 0x0000000701d00000, 0x0000000701d00000| Untracked 
|  12|0x0000000701e00000, 0x0000000701e00000, 0x0000000701f00000|  0%| F|  |TAMS 0x0000000701e00000, 0x0000000701e00000| Untracked 
|  13|0x0000000701f00000, 0x0000000701f00000, 0x0000000702000000|  0%| F|  |TAMS 0x0000000701f00000, 0x0000000701f00000| Untracked 
|  14|0x0000000702000000, 0x0000000702000000, 0x0000000702100000|  0%| F|  |TAMS 0x0000000702000000, 0x0000000702000000| Untracked 
|  15|0x0000000702100000, 0x0000000702100000, 0x0000000702200000|  0%| F|  |TAMS 0x0000000702100000, 0x0000000702100000| Untracked 
|  16|0x0000000702200000, 0x0000000702200000, 0x0000000702300000|  0%| F|  |TAMS 0x0000000702200000, 0x0000000702200000| Untracked 
|  17|0x0000000702300000, 0x0000000702300000, 0x0000000702400000|  0%| F|  |TAMS 0x0000000702300000, 0x0000000702300000| Untracked 
|  18|0x0000000702400000, 0x0000000702400000, 0x0000000702500000|  0%| F|  |TAMS 0x0000000702400000, 0x0000000702400000| Untracked 
|  19|0x0000000702500000, 0x0000000702500000, 0x0000000702600000|  0%| F|  |TAMS 0x0000000702500000, 0x0000000702500000| Untracked 
|  20|0x0000000702600000, 0x0000000702600000, 0x0000000702700000|  0%| F|  |TAMS 0x0000000702600000, 0x0000000702600000| Untracked 
|  21|0x0000000702700000, 0x0000000702700000, 0x0000000702800000|  0%| F|  |TAMS 0x0000000702700000, 0x0000000702700000| Untracked 
|  22|0x0000000702800000, 0x0000000702800000, 0x0000000702900000|  0%| F|  |TAMS 0x0000000702800000, 0x0000000702800000| Untracked 
|  23|0x0000000702900000, 0x0000000702900000, 0x0000000702a00000|  0%| F|  |TAMS 0x0000000702900000, 0x0000000702900000| Untracked 
|  24|0x0000000702a00000, 0x0000000702a00000, 0x0000000702b00000|  0%| F|  |TAMS 0x0000000702a00000, 0x0000000702a00000| Untracked 
|  25|0x0000000702b00000, 0x0000000702b00000, 0x0000000702c00000|  0%| F|  |TAMS 0x0000000702b00000, 0x0000000702b00000| Untracked 
|  26|0x0000000702c00000, 0x0000000702c00000, 0x0000000702d00000|  0%| F|  |TAMS 0x0000000702c00000, 0x0000000702c00000| Untracked 
|  27|0x0000000702d00000, 0x0000000702d00000, 0x0000000702e00000|  0%| F|  |TAMS 0x0000000702d00000, 0x0000000702d00000| Untracked 
|  28|0x0000000702e00000, 0x0000000702e00000, 0x0000000702f00000|  0%| F|  |TAMS 0x0000000702e00000, 0x0000000702e00000| Untracked 
|  29|0x0000000702f00000, 0x0000000702f00000, 0x0000000703000000|  0%| F|  |TAMS 0x0000000702f00000, 0x0000000702f00000| Untracked 
|  30|0x0000000703000000, 0x0000000703000000, 0x0000000703100000|  0%| F|  |TAMS 0x0000000703000000, 0x0000000703000000| Untracked 
|  31|0x0000000703100000, 0x0000000703100000, 0x0000000703200000|  0%| F|  |TAMS 0x0000000703100000, 0x0000000703100000| Untracked 
|  32|0x0000000703200000, 0x0000000703200000, 0x0000000703300000|  0%| F|  |TAMS 0x0000000703200000, 0x0000000703200000| Untracked 
|  33|0x0000000703300000, 0x0000000703300000, 0x0000000703400000|  0%| F|  |TAMS 0x0000000703300000, 0x0000000703300000| Untracked 
|  34|0x0000000703400000, 0x0000000703400000, 0x0000000703500000|  0%| F|  |TAMS 0x0000000703400000, 0x0000000703400000| Untracked 
|  35|0x0000000703500000, 0x0000000703500000, 0x0000000703600000|  0%| F|  |TAMS 0x0000000703500000, 0x0000000703500000| Untracked 
|  36|0x0000000703600000, 0x0000000703600000, 0x0000000703700000|  0%| F|  |TAMS 0x0000000703600000, 0x0000000703600000| Untracked 
|  37|0x0000000703700000, 0x0000000703700000, 0x0000000703800000|  0%| F|  |TAMS 0x0000000703700000, 0x0000000703700000| Untracked 
|  38|0x0000000703800000, 0x0000000703800000, 0x0000000703900000|  0%| F|  |TAMS 0x0000000703800000, 0x0000000703800000| Untracked 
|  39|0x0000000703900000, 0x0000000703900000, 0x0000000703a00000|  0%| F|  |TAMS 0x0000000703900000, 0x0000000703900000| Untracked 
|  40|0x0000000703a00000, 0x0000000703a00000, 0x0000000703b00000|  0%| F|  |TAMS 0x0000000703a00000, 0x0000000703a00000| Untracked 
|  41|0x0000000703b00000, 0x0000000703b00000, 0x0000000703c00000|  0%| F|  |TAMS 0x0000000703b00000, 0x0000000703b00000| Untracked 
|  42|0x0000000703c00000, 0x0000000703c00000, 0x0000000703d00000|  0%| F|  |TAMS 0x0000000703c00000, 0x0000000703c00000| Untracked 
|  43|0x0000000703d00000, 0x0000000703d00000, 0x0000000703e00000|  0%| F|  |TAMS 0x0000000703d00000, 0x0000000703d00000| Untracked 
|  44|0x0000000703e00000, 0x0000000703e00000, 0x0000000703f00000|  0%| F|  |TAMS 0x0000000703e00000, 0x0000000703e00000| Untracked 
|  45|0x0000000703f00000, 0x0000000703f00000, 0x0000000704000000|  0%| F|  |TAMS 0x0000000703f00000, 0x0000000703f00000| Untracked 
|  46|0x0000000704000000, 0x0000000704000000, 0x0000000704100000|  0%| F|  |TAMS 0x0000000704000000, 0x0000000704000000| Untracked 
|  47|0x0000000704100000, 0x0000000704100000, 0x0000000704200000|  0%| F|  |TAMS 0x0000000704100000, 0x0000000704100000| Untracked 
|  48|0x0000000704200000, 0x0000000704200000, 0x0000000704300000|  0%| F|  |TAMS 0x0000000704200000, 0x0000000704200000| Untracked 
|  49|0x0000000704300000, 0x0000000704300000, 0x0000000704400000|  0%| F|  |TAMS 0x0000000704300000, 0x0000000704300000| Untracked 
|  50|0x0000000704400000, 0x0000000704400000, 0x0000000704500000|  0%| F|  |TAMS 0x0000000704400000, 0x0000000704400000| Untracked 
|  51|0x0000000704500000, 0x0000000704500000, 0x0000000704600000|  0%| F|  |TAMS 0x0000000704500000, 0x0000000704500000| Untracked 
|  52|0x0000000704600000, 0x0000000704600000, 0x0000000704700000|  0%| F|  |TAMS 0x0000000704600000, 0x0000000704600000| Untracked 
|  53|0x0000000704700000, 0x0000000704700000, 0x0000000704800000|  0%| F|  |TAMS 0x0000000704700000, 0x0000000704700000| Untracked 
|  54|0x0000000704800000, 0x0000000704800000, 0x0000000704900000|  0%| F|  |TAMS 0x0000000704800000, 0x0000000704800000| Untracked 
|  55|0x0000000704900000, 0x0000000704900000, 0x0000000704a00000|  0%| F|  |TAMS 0x0000000704900000, 0x0000000704900000| Untracked 
|  56|0x0000000704a00000, 0x0000000704a00000, 0x0000000704b00000|  0%| F|  |TAMS 0x0000000704a00000, 0x0000000704a00000| Untracked 
|  57|0x0000000704b00000, 0x0000000704b00000, 0x0000000704c00000|  0%| F|  |TAMS 0x0000000704b00000, 0x0000000704b00000| Untracked 
|  58|0x0000000704c00000, 0x0000000704c00000, 0x0000000704d00000|  0%| F|  |TAMS 0x0000000704c00000, 0x0000000704c00000| Untracked 
|  59|0x0000000704d00000, 0x0000000704d00000, 0x0000000704e00000|  0%| F|  |TAMS 0x0000000704d00000, 0x0000000704d00000| Untracked 
|  60|0x0000000704e00000, 0x0000000704e00000, 0x0000000704f00000|  0%| F|  |TAMS 0x0000000704e00000, 0x0000000704e00000| Untracked 
|  61|0x0000000704f00000, 0x0000000704f00000, 0x0000000705000000|  0%| F|  |TAMS 0x0000000704f00000, 0x0000000704f00000| Untracked 
|  62|0x0000000705000000, 0x0000000705000000, 0x0000000705100000|  0%| F|  |TAMS 0x0000000705000000, 0x0000000705000000| Untracked 
|  63|0x0000000705100000, 0x0000000705100000, 0x0000000705200000|  0%| F|  |TAMS 0x0000000705100000, 0x0000000705100000| Untracked 
|  64|0x0000000705200000, 0x0000000705200000, 0x0000000705300000|  0%| F|  |TAMS 0x0000000705200000, 0x0000000705200000| Untracked 
|  65|0x0000000705300000, 0x0000000705300000, 0x0000000705400000|  0%| F|  |TAMS 0x0000000705300000, 0x0000000705300000| Untracked 
|  66|0x0000000705400000, 0x0000000705400000, 0x0000000705500000|  0%| F|  |TAMS 0x0000000705400000, 0x0000000705400000| Untracked 
|  67|0x0000000705500000, 0x0000000705500000, 0x0000000705600000|  0%| F|  |TAMS 0x0000000705500000, 0x0000000705500000| Untracked 
|  68|0x0000000705600000, 0x0000000705600000, 0x0000000705700000|  0%| F|  |TAMS 0x0000000705600000, 0x0000000705600000| Untracked 
|  69|0x0000000705700000, 0x0000000705700000, 0x0000000705800000|  0%| F|  |TAMS 0x0000000705700000, 0x0000000705700000| Untracked 
|  70|0x0000000705800000, 0x0000000705800000, 0x0000000705900000|  0%| F|  |TAMS 0x0000000705800000, 0x0000000705800000| Untracked 
|  71|0x0000000705900000, 0x0000000705900000, 0x0000000705a00000|  0%| F|  |TAMS 0x0000000705900000, 0x0000000705900000| Untracked 
|  72|0x0000000705a00000, 0x0000000705a00000, 0x0000000705b00000|  0%| F|  |TAMS 0x0000000705a00000, 0x0000000705a00000| Untracked 
|  73|0x0000000705b00000, 0x0000000705b00000, 0x0000000705c00000|  0%| F|  |TAMS 0x0000000705b00000, 0x0000000705b00000| Untracked 
|  74|0x0000000705c00000, 0x0000000705c00000, 0x0000000705d00000|  0%| F|  |TAMS 0x0000000705c00000, 0x0000000705c00000| Untracked 
|  75|0x0000000705d00000, 0x0000000705d00000, 0x0000000705e00000|  0%| F|  |TAMS 0x0000000705d00000, 0x0000000705d00000| Untracked 
|  76|0x0000000705e00000, 0x0000000705e00000, 0x0000000705f00000|  0%| F|  |TAMS 0x0000000705e00000, 0x0000000705e00000| Untracked 
|  77|0x0000000705f00000, 0x0000000705f00000, 0x0000000706000000|  0%| F|  |TAMS 0x0000000705f00000, 0x0000000705f00000| Untracked 
|  78|0x0000000706000000, 0x0000000706000000, 0x0000000706100000|  0%| F|  |TAMS 0x0000000706000000, 0x0000000706000000| Untracked 
|  79|0x0000000706100000, 0x0000000706100000, 0x0000000706200000|  0%| F|  |TAMS 0x0000000706100000, 0x0000000706100000| Untracked 
|  80|0x0000000706200000, 0x0000000706200000, 0x0000000706300000|  0%| F|  |TAMS 0x0000000706200000, 0x0000000706200000| Untracked 
|  81|0x0000000706300000, 0x0000000706300000, 0x0000000706400000|  0%| F|  |TAMS 0x0000000706300000, 0x0000000706300000| Untracked 
|  82|0x0000000706400000, 0x0000000706400000, 0x0000000706500000|  0%| F|  |TAMS 0x0000000706400000, 0x0000000706400000| Untracked 
|  83|0x0000000706500000, 0x0000000706600000, 0x0000000706600000|100%| S|CS|TAMS 0x0000000706500000, 0x0000000706500000| Complete 
|  84|0x0000000706600000, 0x0000000706700000, 0x0000000706700000|100%| S|CS|TAMS 0x0000000706600000, 0x0000000706600000| Complete 
|  85|0x0000000706700000, 0x0000000706800000, 0x0000000706800000|100%| S|CS|TAMS 0x0000000706700000, 0x0000000706700000| Complete 
|  86|0x0000000706800000, 0x0000000706900000, 0x0000000706900000|100%| S|CS|TAMS 0x0000000706800000, 0x0000000706800000| Complete 
|  87|0x0000000706900000, 0x0000000706a00000, 0x0000000706a00000|100%| S|CS|TAMS 0x0000000706900000, 0x0000000706900000| Complete 
|  88|0x0000000706a00000, 0x0000000706b00000, 0x0000000706b00000|100%| S|CS|TAMS 0x0000000706a00000, 0x0000000706a00000| Complete 
|  89|0x0000000706b00000, 0x0000000706c00000, 0x0000000706c00000|100%| S|CS|TAMS 0x0000000706b00000, 0x0000000706b00000| Complete 
|  90|0x0000000706c00000, 0x0000000706d00000, 0x0000000706d00000|100%| S|CS|TAMS 0x0000000706c00000, 0x0000000706c00000| Complete 
|  91|0x0000000706d00000, 0x0000000706e00000, 0x0000000706e00000|100%| S|CS|TAMS 0x0000000706d00000, 0x0000000706d00000| Complete 
|  92|0x0000000706e00000, 0x0000000706f00000, 0x0000000706f00000|100%| S|CS|TAMS 0x0000000706e00000, 0x0000000706e00000| Complete 
|  93|0x0000000706f00000, 0x0000000707000000, 0x0000000707000000|100%| S|CS|TAMS 0x0000000706f00000, 0x0000000706f00000| Complete 
|  94|0x0000000707000000, 0x0000000707100000, 0x0000000707100000|100%| S|CS|TAMS 0x0000000707000000, 0x0000000707000000| Complete 
|  95|0x0000000707100000, 0x0000000707200000, 0x0000000707200000|100%| S|CS|TAMS 0x0000000707100000, 0x0000000707100000| Complete 
|  96|0x0000000707200000, 0x0000000707300000, 0x0000000707300000|100%| S|CS|TAMS 0x0000000707200000, 0x0000000707200000| Complete 
|  97|0x0000000707300000, 0x0000000707400000, 0x0000000707400000|100%| S|CS|TAMS 0x0000000707300000, 0x0000000707300000| Complete 
|  98|0x0000000707400000, 0x0000000707500000, 0x0000000707500000|100%| S|CS|TAMS 0x0000000707400000, 0x0000000707400000| Complete 
|  99|0x0000000707500000, 0x0000000707600000, 0x0000000707600000|100%| S|CS|TAMS 0x0000000707500000, 0x0000000707500000| Complete 
| 100|0x0000000707600000, 0x0000000707700000, 0x0000000707700000|100%| S|CS|TAMS 0x0000000707600000, 0x0000000707600000| Complete 
| 101|0x0000000707700000, 0x0000000707800000, 0x0000000707800000|100%| S|CS|TAMS 0x0000000707700000, 0x0000000707700000| Complete 
| 102|0x0000000707800000, 0x0000000707900000, 0x0000000707900000|100%| S|CS|TAMS 0x0000000707800000, 0x0000000707800000| Complete 
| 103|0x0000000707900000, 0x0000000707900000, 0x0000000707a00000|  0%| F|  |TAMS 0x0000000707900000, 0x0000000707900000| Untracked 
| 104|0x0000000707a00000, 0x0000000707a00000, 0x0000000707b00000|  0%| F|  |TAMS 0x0000000707a00000, 0x0000000707a00000| Untracked 
| 105|0x0000000707b00000, 0x0000000707b00000, 0x0000000707c00000|  0%| F|  |TAMS 0x0000000707b00000, 0x0000000707b00000| Untracked 
| 106|0x0000000707c00000, 0x0000000707c00000, 0x0000000707d00000|  0%| F|  |TAMS 0x0000000707c00000, 0x0000000707c00000| Untracked 
| 107|0x0000000707d00000, 0x0000000707d00000, 0x0000000707e00000|  0%| F|  |TAMS 0x0000000707d00000, 0x0000000707d00000| Untracked 
| 108|0x0000000707e00000, 0x0000000707e00000, 0x0000000707f00000|  0%| F|  |TAMS 0x0000000707e00000, 0x0000000707e00000| Untracked 
| 109|0x0000000707f00000, 0x0000000707f00000, 0x0000000708000000|  0%| F|  |TAMS 0x0000000707f00000, 0x0000000707f00000| Untracked 
| 110|0x0000000708000000, 0x0000000708000000, 0x0000000708100000|  0%| F|  |TAMS 0x0000000708000000, 0x0000000708000000| Untracked 
| 111|0x0000000708100000, 0x0000000708100000, 0x0000000708200000|  0%| F|  |TAMS 0x0000000708100000, 0x0000000708100000| Untracked 
| 112|0x0000000708200000, 0x0000000708200000, 0x0000000708300000|  0%| F|  |TAMS 0x0000000708200000, 0x0000000708200000| Untracked 
| 113|0x0000000708300000, 0x0000000708300000, 0x0000000708400000|  0%| F|  |TAMS 0x0000000708300000, 0x0000000708300000| Untracked 
| 114|0x0000000708400000, 0x0000000708400000, 0x0000000708500000|  0%| F|  |TAMS 0x0000000708400000, 0x0000000708400000| Untracked 
| 115|0x0000000708500000, 0x0000000708500000, 0x0000000708600000|  0%| F|  |TAMS 0x0000000708500000, 0x0000000708500000| Untracked 
| 116|0x0000000708600000, 0x0000000708600000, 0x0000000708700000|  0%| F|  |TAMS 0x0000000708600000, 0x0000000708600000| Untracked 
| 117|0x0000000708700000, 0x0000000708700000, 0x0000000708800000|  0%| F|  |TAMS 0x0000000708700000, 0x0000000708700000| Untracked 
| 118|0x0000000708800000, 0x0000000708800000, 0x0000000708900000|  0%| F|  |TAMS 0x0000000708800000, 0x0000000708800000| Untracked 
| 119|0x0000000708900000, 0x0000000708900000, 0x0000000708a00000|  0%| F|  |TAMS 0x0000000708900000, 0x0000000708900000| Untracked 
| 120|0x0000000708a00000, 0x0000000708a00000, 0x0000000708b00000|  0%| F|  |TAMS 0x0000000708a00000, 0x0000000708a00000| Untracked 
| 121|0x0000000708b00000, 0x0000000708b00000, 0x0000000708c00000|  0%| F|  |TAMS 0x0000000708b00000, 0x0000000708b00000| Untracked 
| 122|0x0000000708c00000, 0x0000000708c00000, 0x0000000708d00000|  0%| F|  |TAMS 0x0000000708c00000, 0x0000000708c00000| Untracked 
| 123|0x0000000708d00000, 0x0000000708d00000, 0x0000000708e00000|  0%| F|  |TAMS 0x0000000708d00000, 0x0000000708d00000| Untracked 
| 124|0x0000000708e00000, 0x0000000708e00000, 0x0000000708f00000|  0%| F|  |TAMS 0x0000000708e00000, 0x0000000708e00000| Untracked 
| 125|0x0000000708f00000, 0x0000000708f00000, 0x0000000709000000|  0%| F|  |TAMS 0x0000000708f00000, 0x0000000708f00000| Untracked 
| 126|0x0000000709000000, 0x0000000709000000, 0x0000000709100000|  0%| F|  |TAMS 0x0000000709000000, 0x0000000709000000| Untracked 
| 127|0x0000000709100000, 0x0000000709100000, 0x0000000709200000|  0%| F|  |TAMS 0x0000000709100000, 0x0000000709100000| Untracked 
| 128|0x0000000709200000, 0x0000000709200000, 0x0000000709300000|  0%| F|  |TAMS 0x0000000709200000, 0x0000000709200000| Untracked 
| 129|0x0000000709300000, 0x0000000709300000, 0x0000000709400000|  0%| F|  |TAMS 0x0000000709300000, 0x0000000709300000| Untracked 
| 130|0x0000000709400000, 0x0000000709400000, 0x0000000709500000|  0%| F|  |TAMS 0x0000000709400000, 0x0000000709400000| Untracked 
| 131|0x0000000709500000, 0x0000000709500000, 0x0000000709600000|  0%| F|  |TAMS 0x0000000709500000, 0x0000000709500000| Untracked 
| 132|0x0000000709600000, 0x0000000709600000, 0x0000000709700000|  0%| F|  |TAMS 0x0000000709600000, 0x0000000709600000| Untracked 
| 133|0x0000000709700000, 0x0000000709700000, 0x0000000709800000|  0%| F|  |TAMS 0x0000000709700000, 0x0000000709700000| Untracked 
| 134|0x0000000709800000, 0x0000000709800000, 0x0000000709900000|  0%| F|  |TAMS 0x0000000709800000, 0x0000000709800000| Untracked 
| 135|0x0000000709900000, 0x0000000709900000, 0x0000000709a00000|  0%| F|  |TAMS 0x0000000709900000, 0x0000000709900000| Untracked 
| 136|0x0000000709a00000, 0x0000000709a00000, 0x0000000709b00000|  0%| F|  |TAMS 0x0000000709a00000, 0x0000000709a00000| Untracked 
| 137|0x0000000709b00000, 0x0000000709b00000, 0x0000000709c00000|  0%| F|  |TAMS 0x0000000709b00000, 0x0000000709b00000| Untracked 
| 138|0x0000000709c00000, 0x0000000709c00000, 0x0000000709d00000|  0%| F|  |TAMS 0x0000000709c00000, 0x0000000709c00000| Untracked 
| 139|0x0000000709d00000, 0x0000000709d00000, 0x0000000709e00000|  0%| F|  |TAMS 0x0000000709d00000, 0x0000000709d00000| Untracked 
| 140|0x0000000709e00000, 0x0000000709e00000, 0x0000000709f00000|  0%| F|  |TAMS 0x0000000709e00000, 0x0000000709e00000| Untracked 
| 141|0x0000000709f00000, 0x0000000709f00000, 0x000000070a000000|  0%| F|  |TAMS 0x0000000709f00000, 0x0000000709f00000| Untracked 
| 142|0x000000070a000000, 0x000000070a000000, 0x000000070a100000|  0%| F|  |TAMS 0x000000070a000000, 0x000000070a000000| Untracked 
| 143|0x000000070a100000, 0x000000070a100000, 0x000000070a200000|  0%| F|  |TAMS 0x000000070a100000, 0x000000070a100000| Untracked 
| 144|0x000000070a200000, 0x000000070a200000, 0x000000070a300000|  0%| F|  |TAMS 0x000000070a200000, 0x000000070a200000| Untracked 
| 145|0x000000070a300000, 0x000000070a300000, 0x000000070a400000|  0%| F|  |TAMS 0x000000070a300000, 0x000000070a300000| Untracked 
| 146|0x000000070a400000, 0x000000070a400000, 0x000000070a500000|  0%| F|  |TAMS 0x000000070a400000, 0x000000070a400000| Untracked 
| 147|0x000000070a500000, 0x000000070a500000, 0x000000070a600000|  0%| F|  |TAMS 0x000000070a500000, 0x000000070a500000| Untracked 
| 148|0x000000070a600000, 0x000000070a600000, 0x000000070a700000|  0%| F|  |TAMS 0x000000070a600000, 0x000000070a600000| Untracked 
| 149|0x000000070a700000, 0x000000070a700000, 0x000000070a800000|  0%| F|  |TAMS 0x000000070a700000, 0x000000070a700000| Untracked 
| 150|0x000000070a800000, 0x000000070a800000, 0x000000070a900000|  0%| F|  |TAMS 0x000000070a800000, 0x000000070a800000| Untracked 
| 151|0x000000070a900000, 0x000000070a900000, 0x000000070aa00000|  0%| F|  |TAMS 0x000000070a900000, 0x000000070a900000| Untracked 
| 152|0x000000070aa00000, 0x000000070aa00000, 0x000000070ab00000|  0%| F|  |TAMS 0x000000070aa00000, 0x000000070aa00000| Untracked 
| 153|0x000000070ab00000, 0x000000070ab00000, 0x000000070ac00000|  0%| F|  |TAMS 0x000000070ab00000, 0x000000070ab00000| Untracked 
| 154|0x000000070ac00000, 0x000000070ac00000, 0x000000070ad00000|  0%| F|  |TAMS 0x000000070ac00000, 0x000000070ac00000| Untracked 
| 155|0x000000070ad00000, 0x000000070ad00000, 0x000000070ae00000|  0%| F|  |TAMS 0x000000070ad00000, 0x000000070ad00000| Untracked 
| 156|0x000000070ae00000, 0x000000070ae00000, 0x000000070af00000|  0%| F|  |TAMS 0x000000070ae00000, 0x000000070ae00000| Untracked 
| 157|0x000000070af00000, 0x000000070af00000, 0x000000070b000000|  0%| F|  |TAMS 0x000000070af00000, 0x000000070af00000| Untracked 
| 158|0x000000070b000000, 0x000000070b000000, 0x000000070b100000|  0%| F|  |TAMS 0x000000070b000000, 0x000000070b000000| Untracked 
| 159|0x000000070b100000, 0x000000070b100000, 0x000000070b200000|  0%| F|  |TAMS 0x000000070b100000, 0x000000070b100000| Untracked 
| 160|0x000000070b200000, 0x000000070b200000, 0x000000070b300000|  0%| F|  |TAMS 0x000000070b200000, 0x000000070b200000| Untracked 
| 161|0x000000070b300000, 0x000000070b300000, 0x000000070b400000|  0%| F|  |TAMS 0x000000070b300000, 0x000000070b300000| Untracked 
| 162|0x000000070b400000, 0x000000070b400000, 0x000000070b500000|  0%| F|  |TAMS 0x000000070b400000, 0x000000070b400000| Untracked 
| 163|0x000000070b500000, 0x000000070b500000, 0x000000070b600000|  0%| F|  |TAMS 0x000000070b500000, 0x000000070b500000| Untracked 
| 164|0x000000070b600000, 0x000000070b600000, 0x000000070b700000|  0%| F|  |TAMS 0x000000070b600000, 0x000000070b600000| Untracked 
| 165|0x000000070b700000, 0x000000070b700000, 0x000000070b800000|  0%| F|  |TAMS 0x000000070b700000, 0x000000070b700000| Untracked 
| 166|0x000000070b800000, 0x000000070b800000, 0x000000070b900000|  0%| F|  |TAMS 0x000000070b800000, 0x000000070b800000| Untracked 
| 167|0x000000070b900000, 0x000000070b900000, 0x000000070ba00000|  0%| F|  |TAMS 0x000000070b900000, 0x000000070b900000| Untracked 
| 168|0x000000070ba00000, 0x000000070ba00000, 0x000000070bb00000|  0%| F|  |TAMS 0x000000070ba00000, 0x000000070ba00000| Untracked 
| 169|0x000000070bb00000, 0x000000070bb00000, 0x000000070bc00000|  0%| F|  |TAMS 0x000000070bb00000, 0x000000070bb00000| Untracked 
| 170|0x000000070bc00000, 0x000000070bc00000, 0x000000070bd00000|  0%| F|  |TAMS 0x000000070bc00000, 0x000000070bc00000| Untracked 
| 171|0x000000070bd00000, 0x000000070bd00000, 0x000000070be00000|  0%| F|  |TAMS 0x000000070bd00000, 0x000000070bd00000| Untracked 
| 172|0x000000070be00000, 0x000000070be00000, 0x000000070bf00000|  0%| F|  |TAMS 0x000000070be00000, 0x000000070be00000| Untracked 
| 173|0x000000070bf00000, 0x000000070bf00000, 0x000000070c000000|  0%| F|  |TAMS 0x000000070bf00000, 0x000000070bf00000| Untracked 
| 174|0x000000070c000000, 0x000000070c000000, 0x000000070c100000|  0%| F|  |TAMS 0x000000070c000000, 0x000000070c000000| Untracked 
| 175|0x000000070c100000, 0x000000070c100000, 0x000000070c200000|  0%| F|  |TAMS 0x000000070c100000, 0x000000070c100000| Untracked 
| 176|0x000000070c200000, 0x000000070c200000, 0x000000070c300000|  0%| F|  |TAMS 0x000000070c200000, 0x000000070c200000| Untracked 
| 177|0x000000070c300000, 0x000000070c300000, 0x000000070c400000|  0%| F|  |TAMS 0x000000070c300000, 0x000000070c300000| Untracked 
| 178|0x000000070c400000, 0x000000070c400000, 0x000000070c500000|  0%| F|  |TAMS 0x000000070c400000, 0x000000070c400000| Untracked 
| 179|0x000000070c500000, 0x000000070c500000, 0x000000070c600000|  0%| F|  |TAMS 0x000000070c500000, 0x000000070c500000| Untracked 
| 180|0x000000070c600000, 0x000000070c600000, 0x000000070c700000|  0%| F|  |TAMS 0x000000070c600000, 0x000000070c600000| Untracked 
| 181|0x000000070c700000, 0x000000070c700000, 0x000000070c800000|  0%| F|  |TAMS 0x000000070c700000, 0x000000070c700000| Untracked 
| 182|0x000000070c800000, 0x000000070c800000, 0x000000070c900000|  0%| F|  |TAMS 0x000000070c800000, 0x000000070c800000| Untracked 
| 183|0x000000070c900000, 0x000000070c900000, 0x000000070ca00000|  0%| F|  |TAMS 0x000000070c900000, 0x000000070c900000| Untracked 
| 184|0x000000070ca00000, 0x000000070ca00000, 0x000000070cb00000|  0%| F|  |TAMS 0x000000070ca00000, 0x000000070ca00000| Untracked 
| 185|0x000000070cb00000, 0x000000070cb00000, 0x000000070cc00000|  0%| F|  |TAMS 0x000000070cb00000, 0x000000070cb00000| Untracked 
| 186|0x000000070cc00000, 0x000000070cc00000, 0x000000070cd00000|  0%| F|  |TAMS 0x000000070cc00000, 0x000000070cc00000| Untracked 
| 187|0x000000070cd00000, 0x000000070cd00000, 0x000000070ce00000|  0%| F|  |TAMS 0x000000070cd00000, 0x000000070cd00000| Untracked 
| 188|0x000000070ce00000, 0x000000070ce00000, 0x000000070cf00000|  0%| F|  |TAMS 0x000000070ce00000, 0x000000070ce00000| Untracked 
| 189|0x000000070cf00000, 0x000000070cf00000, 0x000000070d000000|  0%| F|  |TAMS 0x000000070cf00000, 0x000000070cf00000| Untracked 
| 190|0x000000070d000000, 0x000000070d000000, 0x000000070d100000|  0%| F|  |TAMS 0x000000070d000000, 0x000000070d000000| Untracked 
| 191|0x000000070d100000, 0x000000070d100000, 0x000000070d200000|  0%| F|  |TAMS 0x000000070d100000, 0x000000070d100000| Untracked 
| 192|0x000000070d200000, 0x000000070d200000, 0x000000070d300000|  0%| F|  |TAMS 0x000000070d200000, 0x000000070d200000| Untracked 
| 193|0x000000070d300000, 0x000000070d300000, 0x000000070d400000|  0%| F|  |TAMS 0x000000070d300000, 0x000000070d300000| Untracked 
| 194|0x000000070d400000, 0x000000070d400000, 0x000000070d500000|  0%| F|  |TAMS 0x000000070d400000, 0x000000070d400000| Untracked 
| 195|0x000000070d500000, 0x000000070d500000, 0x000000070d600000|  0%| F|  |TAMS 0x000000070d500000, 0x000000070d500000| Untracked 
| 196|0x000000070d600000, 0x000000070d600000, 0x000000070d700000|  0%| F|  |TAMS 0x000000070d600000, 0x000000070d600000| Untracked 
| 197|0x000000070d700000, 0x000000070d700000, 0x000000070d800000|  0%| F|  |TAMS 0x000000070d700000, 0x000000070d700000| Untracked 
| 198|0x000000070d800000, 0x000000070d800000, 0x000000070d900000|  0%| F|  |TAMS 0x000000070d800000, 0x000000070d800000| Untracked 
| 199|0x000000070d900000, 0x000000070d900000, 0x000000070da00000|  0%| F|  |TAMS 0x000000070d900000, 0x000000070d900000| Untracked 
| 200|0x000000070da00000, 0x000000070da00000, 0x000000070db00000|  0%| F|  |TAMS 0x000000070da00000, 0x000000070da00000| Untracked 
| 201|0x000000070db00000, 0x000000070db00000, 0x000000070dc00000|  0%| F|  |TAMS 0x000000070db00000, 0x000000070db00000| Untracked 
| 202|0x000000070dc00000, 0x000000070dc00000, 0x000000070dd00000|  0%| F|  |TAMS 0x000000070dc00000, 0x000000070dc00000| Untracked 
| 203|0x000000070dd00000, 0x000000070dd00000, 0x000000070de00000|  0%| F|  |TAMS 0x000000070dd00000, 0x000000070dd00000| Untracked 
| 204|0x000000070de00000, 0x000000070de00000, 0x000000070df00000|  0%| F|  |TAMS 0x000000070de00000, 0x000000070de00000| Untracked 
| 205|0x000000070df00000, 0x000000070df00000, 0x000000070e000000|  0%| F|  |TAMS 0x000000070df00000, 0x000000070df00000| Untracked 
| 206|0x000000070e000000, 0x000000070e000000, 0x000000070e100000|  0%| F|  |TAMS 0x000000070e000000, 0x000000070e000000| Untracked 
| 207|0x000000070e100000, 0x000000070e100000, 0x000000070e200000|  0%| F|  |TAMS 0x000000070e100000, 0x000000070e100000| Untracked 
| 208|0x000000070e200000, 0x000000070e200000, 0x000000070e300000|  0%| F|  |TAMS 0x000000070e200000, 0x000000070e200000| Untracked 
| 209|0x000000070e300000, 0x000000070e300000, 0x000000070e400000|  0%| F|  |TAMS 0x000000070e300000, 0x000000070e300000| Untracked 
| 210|0x000000070e400000, 0x000000070e400000, 0x000000070e500000|  0%| F|  |TAMS 0x000000070e400000, 0x000000070e400000| Untracked 
| 211|0x000000070e500000, 0x000000070e500000, 0x000000070e600000|  0%| F|  |TAMS 0x000000070e500000, 0x000000070e500000| Untracked 
| 212|0x000000070e600000, 0x000000070e600000, 0x000000070e700000|  0%| F|  |TAMS 0x000000070e600000, 0x000000070e600000| Untracked 
| 213|0x000000070e700000, 0x000000070e700000, 0x000000070e800000|  0%| F|  |TAMS 0x000000070e700000, 0x000000070e700000| Untracked 
| 214|0x000000070e800000, 0x000000070e800000, 0x000000070e900000|  0%| F|  |TAMS 0x000000070e800000, 0x000000070e800000| Untracked 
| 215|0x000000070e900000, 0x000000070e900000, 0x000000070ea00000|  0%| F|  |TAMS 0x000000070e900000, 0x000000070e900000| Untracked 
| 216|0x000000070ea00000, 0x000000070ea00000, 0x000000070eb00000|  0%| F|  |TAMS 0x000000070ea00000, 0x000000070ea00000| Untracked 
| 217|0x000000070eb00000, 0x000000070eb00000, 0x000000070ec00000|  0%| F|  |TAMS 0x000000070eb00000, 0x000000070eb00000| Untracked 
| 218|0x000000070ec00000, 0x000000070ec00000, 0x000000070ed00000|  0%| F|  |TAMS 0x000000070ec00000, 0x000000070ec00000| Untracked 
| 219|0x000000070ed00000, 0x000000070ed00000, 0x000000070ee00000|  0%| F|  |TAMS 0x000000070ed00000, 0x000000070ed00000| Untracked 
| 220|0x000000070ee00000, 0x000000070ee00000, 0x000000070ef00000|  0%| F|  |TAMS 0x000000070ee00000, 0x000000070ee00000| Untracked 
| 221|0x000000070ef00000, 0x000000070ef00000, 0x000000070f000000|  0%| F|  |TAMS 0x000000070ef00000, 0x000000070ef00000| Untracked 
| 222|0x000000070f000000, 0x000000070f000000, 0x000000070f100000|  0%| F|  |TAMS 0x000000070f000000, 0x000000070f000000| Untracked 
| 223|0x000000070f100000, 0x000000070f100000, 0x000000070f200000|  0%| F|  |TAMS 0x000000070f100000, 0x000000070f100000| Untracked 
| 224|0x000000070f200000, 0x000000070f300000, 0x000000070f300000|100%| E|  |TAMS 0x000000070f200000, 0x000000070f200000| Complete 
| 225|0x000000070f300000, 0x000000070f400000, 0x000000070f400000|100%| E|CS|TAMS 0x000000070f300000, 0x000000070f300000| Complete 
| 226|0x000000070f400000, 0x000000070f500000, 0x000000070f500000|100%| E|CS|TAMS 0x000000070f400000, 0x000000070f400000| Complete 
| 227|0x000000070f500000, 0x000000070f600000, 0x000000070f600000|100%| E|CS|TAMS 0x000000070f500000, 0x000000070f500000| Complete 
| 228|0x000000070f600000, 0x000000070f700000, 0x000000070f700000|100%| E|CS|TAMS 0x000000070f600000, 0x000000070f600000| Complete 
| 229|0x000000070f700000, 0x000000070f800000, 0x000000070f800000|100%| E|CS|TAMS 0x000000070f700000, 0x000000070f700000| Complete 
| 230|0x000000070f800000, 0x000000070f900000, 0x000000070f900000|100%| E|CS|TAMS 0x000000070f800000, 0x000000070f800000| Complete 
| 231|0x000000070f900000, 0x000000070fa00000, 0x000000070fa00000|100%| E|CS|TAMS 0x000000070f900000, 0x000000070f900000| Complete 
| 232|0x000000070fa00000, 0x000000070fb00000, 0x000000070fb00000|100%| E|CS|TAMS 0x000000070fa00000, 0x000000070fa00000| Complete 
| 233|0x000000070fb00000, 0x000000070fc00000, 0x000000070fc00000|100%| E|CS|TAMS 0x000000070fb00000, 0x000000070fb00000| Complete 
| 234|0x000000070fc00000, 0x000000070fd00000, 0x000000070fd00000|100%| E|CS|TAMS 0x000000070fc00000, 0x000000070fc00000| Complete 
| 235|0x000000070fd00000, 0x000000070fe00000, 0x000000070fe00000|100%| E|CS|TAMS 0x000000070fd00000, 0x000000070fd00000| Complete 
| 236|0x000000070fe00000, 0x000000070ff00000, 0x000000070ff00000|100%| E|CS|TAMS 0x000000070fe00000, 0x000000070fe00000| Complete 
| 237|0x000000070ff00000, 0x0000000710000000, 0x0000000710000000|100%| E|CS|TAMS 0x000000070ff00000, 0x000000070ff00000| Complete 
| 238|0x0000000710000000, 0x0000000710100000, 0x0000000710100000|100%| E|CS|TAMS 0x0000000710000000, 0x0000000710000000| Complete 
| 239|0x0000000710100000, 0x0000000710200000, 0x0000000710200000|100%| E|CS|TAMS 0x0000000710100000, 0x0000000710100000| Complete 
| 240|0x0000000710200000, 0x0000000710300000, 0x0000000710300000|100%| E|CS|TAMS 0x0000000710200000, 0x0000000710200000| Complete 
| 241|0x0000000710300000, 0x0000000710400000, 0x0000000710400000|100%| E|CS|TAMS 0x0000000710300000, 0x0000000710300000| Complete 
| 242|0x0000000710400000, 0x0000000710500000, 0x0000000710500000|100%| E|CS|TAMS 0x0000000710400000, 0x0000000710400000| Complete 
| 243|0x0000000710500000, 0x0000000710600000, 0x0000000710600000|100%| E|CS|TAMS 0x0000000710500000, 0x0000000710500000| Complete 
| 244|0x0000000710600000, 0x0000000710700000, 0x0000000710700000|100%| E|CS|TAMS 0x0000000710600000, 0x0000000710600000| Complete 
| 245|0x0000000710700000, 0x0000000710800000, 0x0000000710800000|100%| E|CS|TAMS 0x0000000710700000, 0x0000000710700000| Complete 
| 246|0x0000000710800000, 0x0000000710900000, 0x0000000710900000|100%| E|CS|TAMS 0x0000000710800000, 0x0000000710800000| Complete 
| 247|0x0000000710900000, 0x0000000710a00000, 0x0000000710a00000|100%| E|CS|TAMS 0x0000000710900000, 0x0000000710900000| Complete 
| 248|0x0000000710a00000, 0x0000000710b00000, 0x0000000710b00000|100%| E|CS|TAMS 0x0000000710a00000, 0x0000000710a00000| Complete 
| 249|0x0000000710b00000, 0x0000000710c00000, 0x0000000710c00000|100%| E|CS|TAMS 0x0000000710b00000, 0x0000000710b00000| Complete 
| 250|0x0000000710c00000, 0x0000000710d00000, 0x0000000710d00000|100%| E|CS|TAMS 0x0000000710c00000, 0x0000000710c00000| Complete 
| 251|0x0000000710d00000, 0x0000000710e00000, 0x0000000710e00000|100%| E|CS|TAMS 0x0000000710d00000, 0x0000000710d00000| Complete 
| 252|0x0000000710e00000, 0x0000000710f00000, 0x0000000710f00000|100%| E|CS|TAMS 0x0000000710e00000, 0x0000000710e00000| Complete 
| 253|0x0000000710f00000, 0x0000000711000000, 0x0000000711000000|100%| E|CS|TAMS 0x0000000710f00000, 0x0000000710f00000| Complete 
| 254|0x0000000711000000, 0x0000000711100000, 0x0000000711100000|100%| E|CS|TAMS 0x0000000711000000, 0x0000000711000000| Complete 
| 255|0x0000000711100000, 0x0000000711200000, 0x0000000711200000|100%| E|CS|TAMS 0x0000000711100000, 0x0000000711100000| Complete 

Card table byte_map: [0x0000021f2f620000,0x0000021f2fe20000] _byte_map_base: 0x0000021f2be17000

Marking Bits (Prev, Next): (CMBitMap*) 0x0000021f16278a58, (CMBitMap*) 0x0000021f16278a90
 Prev Bits: [0x0000021f30620000, 0x0000021f345d8000)
 Next Bits: [0x0000021f345e0000, 0x0000021f38598000)

Polling page: 0x0000021f16040000

Metaspace:

Usage:
  Non-class:     44.94 MB capacity,    44.02 MB ( 98%) used,   750.86 KB (  2%) free+waste,   186.88 KB ( <1%) overhead. 
      Class:      6.72 MB capacity,     6.11 MB ( 91%) used,   529.62 KB (  8%) free+waste,    93.56 KB (  1%) overhead. 
       Both:     51.66 MB capacity,    50.14 MB ( 97%) used,     1.25 MB (  2%) free+waste,   280.44 KB ( <1%) overhead. 

Virtual space:
  Non-class space:       46.00 MB reserved,      45.08 MB ( 98%) committed 
      Class space:        1.00 GB reserved,       6.75 MB ( <1%) committed 
             Both:        1.04 GB reserved,      51.83 MB (  5%) committed 

Chunk freelists:
   Non-Class:  2.00 KB
       Class:  3.50 KB
        Both:  5.50 KB

CodeHeap 'non-profiled nmethods': size=120000Kb used=4064Kb max_used=4064Kb free=115935Kb
 bounds [0x0000021f26f80000, 0x0000021f27380000, 0x0000021f2e4b0000]
CodeHeap 'profiled nmethods': size=120000Kb used=13505Kb max_used=13505Kb free=106494Kb
 bounds [0x0000021f1fa50000, 0x0000021f20790000, 0x0000021f26f80000]
CodeHeap 'non-nmethods': size=5760Kb used=1210Kb max_used=1291Kb free=4549Kb
 bounds [0x0000021f1f4b0000, 0x0000021f1f720000, 0x0000021f1fa50000]
 total_blobs=6135 nmethods=5569 adapters=477
 compilation: enabled
              stopped_count=0, restarted_count=0
 full_count=0

Compilation events (10 events):
Event: 27.743 Thread 0x0000021f3ba88000 5571       3       java.util.AbstractList$SubList::get (27 bytes)
Event: 27.744 Thread 0x0000021f3ba88000 nmethod 5571 0x0000021f2076f790 code [0x0000021f2076f9c0, 0x0000021f20770368]
Event: 27.744 Thread 0x0000021f3ba88000 5572       3       net.bytebuddy.description.type.TypeDescription$Generic$OfNonGenericType::getStackSize (10 bytes)
Event: 27.744 Thread 0x0000021f3ba88000 nmethod 5572 0x0000021f20770690 code [0x0000021f20770840, 0x0000021f20770ad8]
Event: 27.745 Thread 0x0000021f3ba88000 5573       3       net.bytebuddy.description.type.TypeDescription$AbstractBase::hashCode (54 bytes)
Event: 27.745 Thread 0x0000021f3ba88000 nmethod 5573 0x0000021f20770b90 code [0x0000021f20770d60, 0x0000021f20771058]
Event: 27.745 Thread 0x0000021f3ba88000 5574       3       net.bytebuddy.description.type.TypeDescription$Generic$OfNonGenericType$ForLoadedType::<init> (15 bytes)
Event: 27.746 Thread 0x0000021f3ba88000 nmethod 5574 0x0000021f20771190 code [0x0000021f20771340, 0x0000021f20771678]
Event: 27.746 Thread 0x0000021f3ba88000 5575       3       net.bytebuddy.description.type.TypeDescription$Generic$OfNonGenericType::<init> (5 bytes)
Event: 27.746 Thread 0x0000021f3ba88000 nmethod 5575 0x0000021f20771790 code [0x0000021f20771940, 0x0000021f20771b58]

GC Heap History (10 events):
Event: 6.899 GC heap before
{Heap before GC invocations=1 (full 0):
 garbage-first heap   total 262144K, used 57494K [0x0000000701200000, 0x0000000800000000)
  region size 1024K, 54 young (55296K), 3 survivors (3072K)
 Metaspace       used 20403K, capacity 21134K, committed 21296K, reserved 1069056K
  class space    used 2286K, capacity 2575K, committed 2688K, reserved 1048576K
}
Event: 6.906 GC heap after
{Heap after GC invocations=2 (full 0):
 garbage-first heap   total 262144K, used 8623K [0x0000000701200000, 0x0000000800000000)
  region size 1024K, 6 young (6144K), 6 survivors (6144K)
 Metaspace       used 20403K, capacity 21134K, committed 21296K, reserved 1069056K
  class space    used 2286K, capacity 2575K, committed 2688K, reserved 1048576K
}
Event: 8.755 GC heap before
{Heap before GC invocations=3 (full 0):
 garbage-first heap   total 262144K, used 59823K [0x0000000701200000, 0x0000000800000000)
  region size 1024K, 56 young (57344K), 6 survivors (6144K)
 Metaspace       used 28020K, capacity 28942K, committed 29232K, reserved 1075200K
  class space    used 3263K, capacity 3634K, committed 3712K, reserved 1048576K
}
Event: 8.763 GC heap after
{Heap after GC invocations=4 (full 0):
 garbage-first heap   total 262144K, used 10439K [0x0000000701200000, 0x0000000800000000)
  region size 1024K, 5 young (5120K), 5 survivors (5120K)
 Metaspace       used 28020K, capacity 28942K, committed 29232K, reserved 1075200K
  class space    used 3263K, capacity 3634K, committed 3712K, reserved 1048576K
}
Event: 13.970 GC heap before
{Heap before GC invocations=4 (full 0):
 garbage-first heap   total 262144K, used 84167K [0x0000000701200000, 0x0000000800000000)
  region size 1024K, 77 young (78848K), 5 survivors (5120K)
 Metaspace       used 33534K, capacity 34610K, committed 34864K, reserved 1079296K
  class space    used 3957K, capacity 4400K, committed 4480K, reserved 1048576K
}
Event: 13.978 GC heap after
{Heap after GC invocations=5 (full 0):
 garbage-first heap   total 262144K, used 13478K [0x0000000701200000, 0x0000000800000000)
  region size 1024K, 8 young (8192K), 8 survivors (8192K)
 Metaspace       used 33534K, capacity 34610K, committed 34864K, reserved 1079296K
  class space    used 3957K, capacity 4400K, committed 4480K, reserved 1048576K
}
Event: 14.979 GC heap before
{Heap before GC invocations=5 (full 0):
 garbage-first heap   total 262144K, used 30886K [0x0000000701200000, 0x0000000800000000)
  region size 1024K, 26 young (26624K), 8 survivors (8192K)
 Metaspace       used 34762K, capacity 35867K, committed 35920K, reserved 1081344K
  class space    used 4121K, capacity 4607K, committed 4608K, reserved 1048576K
}
Event: 14.989 GC heap after
{Heap after GC invocations=6 (full 0):
 garbage-first heap   total 262144K, used 14790K [0x0000000701200000, 0x0000000800000000)
  region size 1024K, 9 young (9216K), 9 survivors (9216K)
 Metaspace       used 34762K, capacity 35867K, committed 35920K, reserved 1081344K
  class space    used 4121K, capacity 4607K, committed 4608K, reserved 1048576K
}
Event: 25.801 GC heap before
{Heap before GC invocations=7 (full 0):
 garbage-first heap   total 262144K, used 162246K [0x0000000701200000, 0x0000000800000000)
  region size 1024K, 153 young (156672K), 9 survivors (9216K)
 Metaspace       used 48322K, capacity 49826K, committed 50000K, reserved 1093632K
  class space    used 5721K, capacity 6330K, committed 6400K, reserved 1048576K
}
Event: 25.821 GC heap after
{Heap after GC invocations=8 (full 0):
 garbage-first heap   total 262144K, used 27013K [0x0000000701200000, 0x0000000800000000)
  region size 1024K, 20 young (20480K), 20 survivors (20480K)
 Metaspace       used 48322K, capacity 49826K, committed 50000K, reserved 1093632K
  class space    used 5721K, capacity 6330K, committed 6400K, reserved 1048576K
}

Deoptimization events (10 events):
Event: 24.646 Thread 0x0000021f16215000 Uncommon trap: reason=unstable_if action=reinterpret pc=0x0000021f2717c178 method=org.springframework.beans.factory.support.DefaultSingletonBeanRegistry.getSingleton(Ljava/lang/String;Z)Ljava/lang/Object; @ 39 c2
Event: 24.824 Thread 0x0000021f16215000 Uncommon trap: reason=unstable_if action=reinterpret pc=0x0000021f2730625c method=org.springframework.beans.factory.support.AbstractBeanFactory.isTypeMatch(Ljava/lang/String;Lorg/springframework/core/ResolvableType;Z)Z @ 34 c2
Event: 24.829 Thread 0x0000021f16215000 Uncommon trap: reason=unstable_if action=reinterpret pc=0x0000021f27207f30 method=java.util.StringJoiner.add(Ljava/lang/CharSequence;)Ljava/util/StringJoiner; @ 33 c2
Event: 24.831 Thread 0x0000021f16215000 Uncommon trap: reason=unstable_if action=reinterpret pc=0x0000021f272c2238 method=java.lang.reflect.Modifier.toString(I)Ljava/lang/String; @ 125 c2
Event: 25.076 Thread 0x0000021f16215000 Uncommon trap: reason=unstable_if action=reinterpret pc=0x0000021f2705c728 method=org.springframework.boot.context.properties.source.ConfigurationPropertyName.getElement(ILorg/springframework/boot/context/properties/source/ConfigurationPropertyName$Form;)
Event: 26.207 Thread 0x0000021f16215000 Uncommon trap: reason=unstable_if action=reinterpret pc=0x0000021f271f9ff0 method=org.springframework.core.annotation.AnnotationsScanner.isWithoutHierarchy(Ljava/lang/reflect/AnnotatedElement;Lorg/springframework/core/annotation/MergedAnnotations$SearchSt
Event: 26.303 Thread 0x0000021f16215000 Uncommon trap: reason=unstable_if action=reinterpret pc=0x0000021f2705ebdc method=org.springframework.util.ConcurrentReferenceHashMap$Segment.clear()V @ 7 c2
Event: 26.864 Thread 0x0000021f16215000 Uncommon trap: reason=bimorphic_or_optimized_type_check action=maybe_recompile pc=0x0000021f2722054c method=java.lang.ClassLoader.loadClass(Ljava/lang/String;)Ljava/lang/Class; @ 3 c2
Event: 26.864 Thread 0x0000021f16215000 Uncommon trap: reason=bimorphic_or_optimized_type_check action=maybe_recompile pc=0x0000021f2722054c method=java.lang.ClassLoader.loadClass(Ljava/lang/String;)Ljava/lang/Class; @ 3 c2
Event: 27.597 Thread 0x0000021f16215000 Uncommon trap: reason=bimorphic_or_optimized_type_check action=maybe_recompile pc=0x0000021f2722054c method=java.lang.ClassLoader.loadClass(Ljava/lang/String;)Ljava/lang/Class; @ 3 c2

Classes redefined (0 events):
No events

Internal exceptions (10 events):
Event: 26.198 Thread 0x0000021f16215000 Exception <a 'java/lang/ClassNotFoundException'{0x0000000710df58b0}: org/springframework/web/multipart/support/StandardServletMultipartResolverCustomizer> (0x0000000710df58b0) thrown at [./open/src/hotspot/share/classfile/systemDictionary.cpp, line 226]
Event: 26.199 Thread 0x0000021f16215000 Exception <a 'java/lang/ClassNotFoundException'{0x0000000710c0cc98}: org/springframework/web/multipart/MultipartResolverCustomizer> (0x0000000710c0cc98) thrown at [./open/src/hotspot/share/classfile/systemDictionary.cpp, line 226]
Event: 26.216 Thread 0x0000021f16215000 Exception <a 'java/lang/NoSuchMethodError'{0x0000000710cf1a50}: java.lang.invoke.DirectMethodHandle$Holder.invokeSpecial(Ljava/lang/Object;Ljava/lang/Object;ILjava/lang/Object;ILjava/lang/Object;)Ljava/lang/Object;> (0x0000000710cf1a50) thrown at [./open/
Event: 26.217 Thread 0x0000021f16215000 Exception <a 'java/lang/NoSuchMethodError'{0x0000000710cf9480}: java.lang.invoke.DirectMethodHandle$Holder.invokeStatic(Ljava/lang/Object;Ljava/lang/Object;ILjava/lang/Object;I)Ljava/lang/Object;> (0x0000000710cf9480) thrown at [./open/src/hotspot/share/i
Event: 26.218 Thread 0x0000021f16215000 Exception <a 'java/lang/NoSuchMethodError'{0x0000000710cfd1a8}: java.lang.invoke.DirectMethodHandle$Holder.invokeSpecial(Ljava/lang/Object;Ljava/lang/Object;Ljava/lang/Object;ILjava/lang/Object;I)Ljava/lang/Object;> (0x0000000710cfd1a8) thrown at [./open/
Event: 26.220 Thread 0x0000021f16215000 Exception <a 'java/lang/NoSuchMethodError'{0x0000000710b0ae38}: java.lang.invoke.DirectMethodHandle$Holder.invokeVirtual(Ljava/lang/Object;Ljava/lang/Object;)V> (0x0000000710b0ae38) thrown at [./open/src/hotspot/share/interpreter/linkResolver.cpp, line 77
Event: 26.350 Thread 0x0000021f16215000 Exception <a 'java/lang/ClassNotFoundException'{0x0000000710acec40}: java/lang/ObjectCustomizer> (0x0000000710acec40) thrown at [./open/src/hotspot/share/classfile/systemDictionary.cpp, line 226]
Event: 26.351 Thread 0x0000021f16215000 Exception <a 'java/lang/ClassNotFoundException'{0x0000000710ae1290}: com/flow/network/NetworkApplicationTestsCustomizer> (0x0000000710ae1290) thrown at [./open/src/hotspot/share/classfile/systemDictionary.cpp, line 226]
Event: 26.392 Thread 0x0000021f16215000 Exception <a 'java/lang/NoSuchMethodError'{0x00000007109628e0}: java.lang.invoke.DirectMethodHandle$Holder.invokeSpecial(Ljava/lang/Object;Ljava/lang/Object;Ljava/lang/Object;Ljava/lang/Object;Ljava/lang/Object;I)Ljava/lang/Object;> (0x00000007109628e0) t
Event: 26.410 Thread 0x0000021f16215000 Exception <a 'java/lang/NoSuchMethodError'{0x0000000710965fd0}: java.lang.invoke.Invokers$Holder.linkToTargetMethod(Ljava/lang/Object;Ljava/lang/Object;Ljava/lang/Object;ILjava/lang/Object;)Ljava/lang/Object;> (0x0000000710965fd0) thrown at [./open/src/ho

Events (10 events):
Event: 27.745 loading class net/bytebuddy/matcher/BooleanMatcher
Event: 27.745 loading class net/bytebuddy/matcher/BooleanMatcher done
Event: 27.746 loading class net/bytebuddy/matcher/NegatingMatcher
Event: 27.746 loading class net/bytebuddy/matcher/NegatingMatcher done
Event: 27.747 loading class net/bytebuddy/matcher/MethodParameterTypeMatcher
Event: 27.747 loading class net/bytebuddy/matcher/MethodParameterTypeMatcher done
Event: 27.747 loading class net/bytebuddy/matcher/CollectionItemMatcher
Event: 27.747 loading class net/bytebuddy/matcher/CollectionItemMatcher done
Event: 27.749 loading class net/bytebuddy/dynamic/scaffold/MethodGraph$NodeList
Event: 27.749 loading class net/bytebuddy/dynamic/scaffold/MethodGraph$NodeList done


Dynamic libraries:
0x00007ff7199f0000 - 0x00007ff719a00000 	D:\software\JDK11\bin\java.exe
0x00007ffb5e480000 - 0x00007ffb5e670000 	C:\WINDOWS\SYSTEM32\ntdll.dll
0x00007ffb5e2b0000 - 0x00007ffb5e362000 	C:\WINDOWS\System32\KERNEL32.DLL
0x00007ffb5bad0000 - 0x00007ffb5bd75000 	C:\WINDOWS\System32\KERNELBASE.dll
0x00007ffb5b6e0000 - 0x00007ffb5b7da000 	C:\WINDOWS\System32\ucrtbase.dll
0x00007ffb40470000 - 0x00007ffb40489000 	D:\software\JDK11\bin\jli.dll
0x00007ffb5df70000 - 0x00007ffb5e013000 	C:\WINDOWS\System32\ADVAPI32.dll
0x00007ffb5e020000 - 0x00007ffb5e0be000 	C:\WINDOWS\System32\msvcrt.dll
0x00007ffb5d740000 - 0x00007ffb5d7d7000 	C:\WINDOWS\System32\sechost.dll
0x00007ffb5e0c0000 - 0x00007ffb5e1df000 	C:\WINDOWS\System32\RPCRT4.dll
0x00007ffb5d5a0000 - 0x00007ffb5d734000 	C:\WINDOWS\System32\USER32.dll
0x00007ffb5bd80000 - 0x00007ffb5bda1000 	C:\WINDOWS\System32\win32u.dll
0x00007ffb5d890000 - 0x00007ffb5d8b6000 	C:\WINDOWS\System32\GDI32.dll
0x00007ffb5b890000 - 0x00007ffb5ba28000 	C:\WINDOWS\System32\gdi32full.dll
0x00007ffb5ba30000 - 0x00007ffb5bace000 	C:\WINDOWS\System32\msvcp_win.dll
0x00007ffb27db0000 - 0x00007ffb27dcb000 	D:\software\JDK11\bin\VCRUNTIME140.dll
0x00007ffb4c270000 - 0x00007ffb4c4f4000 	C:\WINDOWS\WinSxS\amd64_microsoft.windows.common-controls_6595b64144ccf1df_6.0.18362.1556_none_9e7e372fe45e41d5\COMCTL32.dll
0x00007ffb5c790000 - 0x00007ffb5cac6000 	C:\WINDOWS\System32\combase.dll
0x00007ffb5b5e0000 - 0x00007ffb5b661000 	C:\WINDOWS\System32\bcryptPrimitives.dll
0x00007ffb5af10000 - 0x00007ffb5af1a000 	C:\WINDOWS\SYSTEM32\VERSION.dll
0x00007ffb5d860000 - 0x00007ffb5d88e000 	C:\WINDOWS\System32\IMM32.DLL
0x0000000059c40000 - 0x0000000059c4d000 	D:\software\360\360Safe\safemon\SafeWrapper.dll
0x00007ffb40c30000 - 0x00007ffb40cdc000 	D:\software\360\360Safe\safemon\libzdtp64.dll
0x00007ffb5cc90000 - 0x00007ffb5d377000 	C:\WINDOWS\System32\SHELL32.dll
0x00007ffb5b690000 - 0x00007ffb5b6da000 	C:\WINDOWS\System32\cfgmgr32.dll
0x00007ffb5c6e0000 - 0x00007ffb5c788000 	C:\WINDOWS\System32\shcore.dll
0x00007ffb5bdb0000 - 0x00007ffb5c52b000 	C:\WINDOWS\System32\windows.storage.dll
0x00007ffb5b3d0000 - 0x00007ffb5b3ee000 	C:\WINDOWS\System32\profapi.dll
0x00007ffb5b380000 - 0x00007ffb5b3ca000 	C:\WINDOWS\System32\powrprof.dll
0x00007ffb5b330000 - 0x00007ffb5b340000 	C:\WINDOWS\System32\UMPDC.dll
0x00007ffb5da20000 - 0x00007ffb5da72000 	C:\WINDOWS\System32\shlwapi.dll
0x00007ffb5b340000 - 0x00007ffb5b351000 	C:\WINDOWS\System32\kernel.appcore.dll
0x00007ffb5b670000 - 0x00007ffb5b687000 	C:\WINDOWS\System32\cryptsp.dll
0x00007ffb41100000 - 0x00007ffb4110c000 	D:\software\JDK11\bin\vcruntime140_1.dll
0x00007ffb27d20000 - 0x00007ffb27dae000 	D:\software\JDK11\bin\msvcp140.dll
0x00007ffaf1ac0000 - 0x00007ffaf262c000 	D:\software\JDK11\bin\server\jvm.dll
0x00007ffb5d590000 - 0x00007ffb5d598000 	C:\WINDOWS\System32\PSAPI.DLL
0x00007ffb48ad0000 - 0x00007ffb48ad9000 	C:\WINDOWS\SYSTEM32\WSOCK32.dll
0x00007ffb5d8c0000 - 0x00007ffb5d92f000 	C:\WINDOWS\System32\WS2_32.dll
0x00007ffb59240000 - 0x00007ffb59264000 	C:\WINDOWS\SYSTEM32\WINMM.dll
0x00007ffb58dc0000 - 0x00007ffb58ded000 	C:\WINDOWS\SYSTEM32\WINMMBASE.dll
0x00007ffb40460000 - 0x00007ffb40470000 	D:\software\JDK11\bin\verify.dll
0x00007ffb49c00000 - 0x00007ffb49df4000 	C:\WINDOWS\SYSTEM32\DBGHELP.DLL
0x00007ffb46950000 - 0x00007ffb4697a000 	C:\WINDOWS\SYSTEM32\dbgcore.DLL
0x00007ffb27cf0000 - 0x00007ffb27d18000 	D:\software\JDK11\bin\java.dll
0x00007ffb27ce0000 - 0x00007ffb27cea000 	D:\software\JDK11\bin\jimage.dll
0x00007ffb27cc0000 - 0x00007ffb27cd7000 	D:\software\JDK11\bin\zip.dll
0x00007ffb27ca0000 - 0x00007ffb27cb9000 	D:\software\JDK11\bin\net.dll
0x00007ffb4bf50000 - 0x00007ffb4c04a000 	C:\WINDOWS\SYSTEM32\WINHTTP.dll
0x00007ffb5ab00000 - 0x00007ffb5ab67000 	C:\WINDOWS\system32\mswsock.dll
0x00007ffb27c80000 - 0x00007ffb27c92000 	D:\software\JDK11\bin\nio.dll
0x00007ffb42f10000 - 0x00007ffb42f19000 	D:\software\JDK11\bin\management.dll
0x00007ffb42f00000 - 0x00007ffb42f0b000 	D:\software\JDK11\bin\management_ext.dll
0x00007ffb3c370000 - 0x00007ffb3c386000 	C:\WINDOWS\system32\napinsp.dll
0x00007ffb3c350000 - 0x00007ffb3c36a000 	C:\WINDOWS\system32\pnrpnsp.dll
0x00007ffb5a850000 - 0x00007ffb5a91b000 	C:\WINDOWS\SYSTEM32\DNSAPI.dll
0x00007ffb5def0000 - 0x00007ffb5def8000 	C:\WINDOWS\System32\NSI.dll
0x00007ffb5a810000 - 0x00007ffb5a84a000 	C:\WINDOWS\SYSTEM32\IPHLPAPI.DLL
0x00007ffb3dfb0000 - 0x00007ffb3dfbe000 	C:\WINDOWS\System32\winrnr.dll
0x00007ffb579a0000 - 0x00007ffb579bc000 	C:\WINDOWS\system32\NLAapi.dll
0x00007ffb566b0000 - 0x00007ffb566c5000 	C:\WINDOWS\system32\wshbth.dll
0x00007ffb54a40000 - 0x00007ffb54a4a000 	C:\Windows\System32\rasadhlp.dll
0x00007ffb539c0000 - 0x00007ffb53a37000 	C:\WINDOWS\System32\fwpuclnt.dll
0x00007ffb5b3f0000 - 0x00007ffb5b416000 	C:\WINDOWS\System32\bcrypt.dll
0x00007ffb28a60000 - 0x00007ffb28a6d000 	D:\software\JDK11\bin\sunmscapi.dll
0x00007ffb5b480000 - 0x00007ffb5b5d1000 	C:\WINDOWS\System32\CRYPT32.dll
0x00007ffb5b360000 - 0x00007ffb5b372000 	C:\WINDOWS\System32\MSASN1.dll
0x00007ffb5ade0000 - 0x00007ffb5ae06000 	C:\WINDOWS\SYSTEM32\ncrypt.dll
0x00007ffb5ada0000 - 0x00007ffb5addb000 	C:\WINDOWS\SYSTEM32\NTASN1.dll
0x00007ffafff30000 - 0x00007ffafff57000 	D:\software\JDK11\bin\sunec.dll
0x00007ffb5a680000 - 0x00007ffb5a6b3000 	C:\WINDOWS\system32\rsaenh.dll
0x00007ffb5b250000 - 0x00007ffb5b275000 	C:\WINDOWS\SYSTEM32\USERENV.dll
0x00007ffb5acd0000 - 0x00007ffb5acdc000 	C:\WINDOWS\SYSTEM32\CRYPTBASE.dll
0x00007ffb53c60000 - 0x00007ffb53c76000 	C:\WINDOWS\SYSTEM32\dhcpcsvc6.DLL
0x00007ffb53cc0000 - 0x00007ffb53cdc000 	C:\WINDOWS\SYSTEM32\dhcpcsvc.DLL

dbghelp: loaded successfully - version: 4.0.5 - missing functions: none
symbol engine: initialized successfully - sym options: 0x614 - pdb path: .;D:\software\JDK11\bin;C:\WINDOWS\SYSTEM32;C:\WINDOWS\WinSxS\amd64_microsoft.windows.common-controls_6595b64144ccf1df_6.0.18362.1556_none_9e7e372fe45e41d5;D:\software\360\360Safe\safemon;D:\software\JDK11\bin\server

VM Arguments:
java_command: D:\TEMP\surefire9746806109211713910\surefirebooter14266356543728807858.jar D:\TEMP\surefire9746806109211713910 2023-10-30T18-30-57_466-jvmRun1 surefire15271735929881848551tmp surefire_014185993109839777287tmp
java_class_path (initial): D:\TEMP\surefire9746806109211713910\surefirebooter14266356543728807858.jar
Launcher Type: SUN_STANDARD

[Global flags]
     intx CICompilerCount                          = 4                                         {product} {ergonomic}
     uint ConcGCThreads                            = 2                                         {product} {ergonomic}
     uint G1ConcRefinementThreads                  = 8                                         {product} {ergonomic}
   size_t G1HeapRegionSize                         = 1048576                                   {product} {ergonomic}
    uintx GCDrainStackTargetSize                   = 64                                        {product} {ergonomic}
   size_t InitialHeapSize                          = 268435456                                 {product} {ergonomic}
   size_t MarkStackSize                            = 4194304                                   {product} {ergonomic}
   size_t MaxHeapSize                              = 4276092928                                {product} {ergonomic}
   size_t MaxNewSize                               = 2564816896                                {product} {ergonomic}
   size_t MinHeapDeltaBytes                        = 1048576                                   {product} {ergonomic}
    uintx NonNMethodCodeHeapSize                   = 5836300                                {pd product} {ergonomic}
    uintx NonProfiledCodeHeapSize                  = 122910970                              {pd product} {ergonomic}
    uintx ProfiledCodeHeapSize                     = 122910970                              {pd product} {ergonomic}
    uintx ReservedCodeCacheSize                    = 251658240                              {pd product} {ergonomic}
     bool SegmentedCodeCache                       = true                                      {product} {ergonomic}
     bool UseCompressedClassPointers               = true                                 {lp64_product} {ergonomic}
     bool UseCompressedOops                        = true                                 {lp64_product} {ergonomic}
     bool UseG1GC                                  = true                                      {product} {ergonomic}
     bool UseLargePagesIndividualAllocation        = false                                  {pd product} {ergonomic}

Logging:
Log output configuration:
 #0: stdout all=warning uptime,level,tags
 #1: stderr all=off uptime,level,tags

Environment Variables:
JAVA_HOME=D:\software\jdk16\
CLASSPATH= .;D:\software\jdk16\\lib;D:\software\jdk16\\lib\tools.jar;D:\software\jdk16\\lib\dt.jar; 
PATH=C:\Python312\Scripts\;C:\Python312\;C:\Program Files\Common Files\Oracle\Java\javapath;C:\ProgramData\Oracle\Java\javapath;C:\WINDOWS\system32;C:\WINDOWS;C:\WINDOWS\System32\Wbem;C:\WINDOWS\System32\WindowsPowerShell\v1.0\;C:\WINDOWS\System32\OpenSSH\;C:\Program Files (x86)\NVIDIA Corporation\PhysX\Common;D:\software\jdk7\bin;D:\software\jdk7\jre\bin;D:\software\Anaconda;D:\software\Anaconda\Scripts;D:\steam\putty\;C:\WINDOWS\system32;C:\WINDOWS;C:\WINDOWS\System32\Wbem;C:\WINDOWS\System32\WindowsPowerShell\v1.0\;C:\WINDOWS\System32\OpenSSH\;C:\Program Files\NVIDIA Corporation\NVIDIA NvDLISR;C:\Program Files\dotnet\;D:\software\npm\;C:\ProgramData\chocolatey\bin;D:\software\Git\cmd;C:\Program Files\MySQL\MySQL Shell 8.0\bin\;D:\software\python37\Scripts\;D:\software\python37\;C:\Users\ice\AppData\Local\Microsoft\WindowsApps;C:\ProgramData\ice\GitHubDesktop\bin;C:\Users\ice\AppData\Local\GitHubDesktop\bin;C:\Users\ice\AppData\Local\Microsoft\WindowsApps;D:\software\PyCharm 2019.3.1\bin;;D:\software\jdk16\bin\;D:\software\jdk16\;D:\software\IntelliJ IDEA 2022.3.2\bin;;C:\Users\ice\AppData\Roaming\npm;D:\software\mysql5.7\bin;
USERNAME=ice
OS=Windows_NT
PROCESSOR_IDENTIFIER=Intel64 Family 6 Model 60 Stepping 3, GenuineIntel



---------------  S Y S T E M  ---------------

OS: Windows 10 , 64 bit Build 18362 (10.0.18362.1500)

CPU:total 8 (initial active 8) (4 cores per cpu, 2 threads per core) family 6 model 60 stepping 3 microcode 0x28, cmov, cx8, fxsr, mmx, sse, sse2, sse3, ssse3, sse4.1, sse4.2, popcnt, avx, avx2, aes, clmul, erms, lzcnt, ht, tsc, tscinvbit, bmi1, bmi2, fma

Memory: 4k page, system-wide physical 16304M (4242M free)
TotalPageFile size 16304M (AvailPageFile size 303M)
current process WorkingSet (physical memory assigned to process): 353M, peak: 360M
current process commit charge ("private bytes"): 467M, peak: 482M

vm_info: Java HotSpot(TM) 64-Bit Server VM (11.0.19+9-LTS-224) for windows-amd64 JRE (11.0.19+9-LTS-224), built on Mar 27 2023 08:48:55 by "mach5one" with MS VC++ 17.1 (VS2022)

END.
