#
# There is insufficient memory for the Java Runtime Environment to continue.
# Native memory allocation (malloc) failed to allocate 2097152 bytes for AllocateHeap
# Possible reasons:
#   The system is out of physical RAM or swap space
#   The process is running with CompressedOops enabled, and the Java Heap may be blocking the growth of the native heap
# Possible solutions:
#   Reduce memory load on the system
#   Increase physical memory or swap space
#   Check if swap backing store is full
#   Decrease Java heap size (-Xmx/-Xms)
#   Decrease number of Java threads
#   Decrease Java thread stack sizes (-Xss)
#   Set larger code cache with -XX:ReservedCodeCacheSize=
#   JVM is running with Zero Based Compressed Oops mode in which the Java heap is
#     placed in the first 32GB address space. The Java Heap base address is the
#     maximum limit for the native heap growth. Please use -XX:HeapBaseMinAddress
#     to set the Java Heap base and to place the Java Heap above 32GB virtual address.
# This output file may be truncated or incomplete.
#
#  Out of Memory Error (./open/src/hotspot/share/memory/allocation.cpp:46), pid=13072, tid=8420
#
# JRE version: Java(TM) SE Runtime Environment 18.9 (11.0.19+9) (build 11.0.19+9-LTS-224)
# Java VM: Java HotSpot(TM) 64-Bit Server VM 18.9 (11.0.19+9-LTS-224, mixed mode, tiered, compressed oops, g1 gc, windows-amd64)
# No core dump will be written. Minidumps are not enabled by default on client versions of Windows
#

---------------  S U M M A R Y ------------

Command Line: -XX:TieredStopAtLevel=1 -Xverify:none -Dspring.output.ansi.enabled=always -Dcom.sun.management.jmxremote -Dspring.jmx.enabled=true -Dspring.liveBeansView.mbeanDomain -Dspring.application.admin.enabled=true -Dmanagement.endpoints.jmx.exposure.include=* -javaagent:D:\software\IntelliJ IDEA 2022.3.2\lib\idea_rt.jar=4156:D:\software\IntelliJ IDEA 2022.3.2\bin -Dfile.encoding=UTF-8 com.flow.network.NetworkApplication

Host: Intel(R) Xeon(R) CPU E3-1230 v3 @ 3.30GHz, 8 cores, 15G,  Windows 10 , 64 bit Build 18362 (10.0.18362.1500)
Time: Tue Nov 28 19:46:09 2023 中国标准时间 elapsed time: 4036.287641 seconds (0d 1h 7m 16s)

---------------  T H R E A D  ---------------

Current thread (0x00000273c5561000):  VMThread "VM Thread" [stack: 0x000000bf20400000,0x000000bf20500000] [id=8420]

Stack: [0x000000bf20400000,0x000000bf20500000]
[error occurred during error reporting (printing stack bounds), id 0xc0000005, EXCEPTION_ACCESS_VIOLATION (0xc0000005) at pc=0x00000273a8f30f2d]

Native frames: (J=compiled Java code, j=interpreted, Vv=VM code, C=native code)
V  [jvm.dll+0x65fe1a]
V  [jvm.dll+0x7a2bbf]
V  [jvm.dll+0x7a4289]
V  [jvm.dll+0x7a4885]
V  [jvm.dll+0x7a483b]
V  [jvm.dll+0x65f323]
V  [jvm.dll+0x65fa18]
C  [ntdll.dll+0xa1fff]
C  [ntdll.dll+0x6aad9]
C  [ntdll.dll+0xa0c6e]
C  0x00000273a8f30f2d

VM_Operation (0x000000bf236ff2f0): G1CollectFull, mode: safepoint, requested by thread 0x00000273c9176000


---------------  P R O C E S S  ---------------

Threads class SMR info:
_java_thread_list=0x00000273c9b945e0, length=44, elements={
0x00000273c5565800, 0x00000273c5592000, 0x00000273c55f4800, 0x00000273c55f8800,
0x00000273c55fa000, 0x00000273c55fd000, 0x00000273c5600000, 0x00000273c5520800,
0x00000273c5b5a000, 0x00000273c5c96000, 0x00000273c5dbe000, 0x00000273c7462800,
0x00000273c7464000, 0x00000273c8e7e000, 0x00000273c8e82000, 0x00000273c8e81000,
0x00000273c8e7c800, 0x00000273c8e7e800, 0x00000273c8e83000, 0x00000273c8e7f800,
0x00000273c8e80800, 0x00000273c9168000, 0x00000273c8e7d000, 0x00000273c916c000,
0x00000273c8e88800, 0x00000273c9168800, 0x00000273c8e85800, 0x00000273c916b000,
0x00000273c8e89800, 0x00000273c916f800, 0x00000273c8e83800, 0x00000273c7463800,
0x00000273c916d000, 0x00000273c9169800, 0x00000273c916e800, 0x00000273c9170000,
0x00000273c916d800, 0x00000273c916a800, 0x00000273c9171000, 0x00000273c96a0800,
0x00000273c96a1800, 0x00000273c96a2800, 0x00000273c96a3000, 0x00000273c9176000
}

Java Threads: ( => current thread )
  0x00000273c5565800 JavaThread "Reference Handler" daemon [_thread_blocked, id=11524, stack(0x000000bf20500000,0x000000bf20600000)]
  0x00000273c5592000 JavaThread "Finalizer" daemon [_thread_blocked, id=14352, stack(0x000000bf20600000,0x000000bf20700000)]
  0x00000273c55f4800 JavaThread "Signal Dispatcher" daemon [_thread_blocked, id=10276, stack(0x000000bf20700000,0x000000bf20800000)]
  0x00000273c55f8800 JavaThread "Attach Listener" daemon [_thread_blocked, id=8180, stack(0x000000bf20800000,0x000000bf20900000)]
  0x00000273c55fa000 JavaThread "Service Thread" daemon [_thread_blocked, id=11668, stack(0x000000bf20900000,0x000000bf20a00000)]
  0x00000273c55fd000 JavaThread "C1 CompilerThread0" daemon [_thread_blocked, id=5704, stack(0x000000bf20a00000,0x000000bf20b00000)]
  0x00000273c5600000 JavaThread "Sweeper thread" daemon [_thread_blocked, id=1332, stack(0x000000bf20b00000,0x000000bf20c00000)]
  0x00000273c5520800 JavaThread "Common-Cleaner" daemon [_thread_blocked, id=3024, stack(0x000000bf20c00000,0x000000bf20d00000)]
  0x00000273c5b5a000 JavaThread "Monitor Ctrl-Break" daemon [_thread_in_native, id=8740, stack(0x000000bf20d00000,0x000000bf20e00000)]
  0x00000273c5c96000 JavaThread "RMI TCP Accept-0" daemon [_thread_in_native, id=9256, stack(0x000000bf20e00000,0x000000bf20f00000)]
  0x00000273c5dbe000 JavaThread "RMI Scheduler(0)" daemon [_thread_blocked, id=2664, stack(0x000000bf21800000,0x000000bf21900000)]
  0x00000273c7462800 JavaThread "mysql-cj-abandoned-connection-cleanup" daemon [_thread_blocked, id=14128, stack(0x000000bf22000000,0x000000bf22100000)]
  0x00000273c7464000 JavaThread "Live Reload Server" daemon [_thread_in_native, id=14756, stack(0x000000bf22600000,0x000000bf22700000)]
  0x00000273c8e7e000 JavaThread "DestroyJavaVM" [_thread_blocked, id=12052, stack(0x000000bf1fe00000,0x000000bf1ff00000)]
  0x00000273c8e82000 JavaThread "File Watcher" daemon [_thread_blocked, id=12736, stack(0x000000bf1fc00000,0x000000bf1fd00000)]
  0x00000273c8e81000 JavaThread "File Watcher" daemon [_thread_blocked, id=3164, stack(0x000000bf1fd00000,0x000000bf1fe00000)]
  0x00000273c8e7c800 JavaThread "File Watcher" daemon [_thread_blocked, id=12344, stack(0x000000bf21600000,0x000000bf21700000)]
  0x00000273c8e7e800 JavaThread "File Watcher" daemon [_thread_blocked, id=14896, stack(0x000000bf21500000,0x000000bf21600000)]
  0x00000273c8e83000 JavaThread "File Watcher" daemon [_thread_blocked, id=14632, stack(0x000000bf21700000,0x000000bf21800000)]
  0x00000273c8e7f800 JavaThread "File Watcher" daemon [_thread_blocked, id=12132, stack(0x000000bf21d00000,0x000000bf21e00000)]
  0x00000273c8e80800 JavaThread "File Watcher" daemon [_thread_blocked, id=2688, stack(0x000000bf21e00000,0x000000bf21f00000)]
  0x00000273c9168000 JavaThread "File Watcher" daemon [_thread_blocked, id=14528, stack(0x000000bf21f00000,0x000000bf22000000)]
  0x00000273c8e7d000 JavaThread "File Watcher" daemon [_thread_blocked, id=11864, stack(0x000000bf21900000,0x000000bf21a00000)]
  0x00000273c916c000 JavaThread "File Watcher" daemon [_thread_blocked, id=10736, stack(0x000000bf22200000,0x000000bf22300000)]
  0x00000273c8e88800 JavaThread "File Watcher" daemon [_thread_blocked, id=7400, stack(0x000000bf22300000,0x000000bf22400000)]
  0x00000273c9168800 JavaThread "File Watcher" daemon [_thread_blocked, id=10048, stack(0x000000bf22700000,0x000000bf22800000)]
  0x00000273c8e85800 JavaThread "File Watcher" daemon [_thread_blocked, id=1352, stack(0x000000bf22500000,0x000000bf22600000)]
  0x00000273c916b000 JavaThread "File Watcher" daemon [_thread_blocked, id=3780, stack(0x000000bf22800000,0x000000bf22900000)]
  0x00000273c8e89800 JavaThread "File Watcher" daemon [_thread_blocked, id=10104, stack(0x000000bf22b00000,0x000000bf22c00000)]
  0x00000273c916f800 JavaThread "File Watcher" daemon [_thread_blocked, id=6876, stack(0x000000bf22900000,0x000000bf22a00000)]
  0x00000273c8e83800 JavaThread "File Watcher" daemon [_thread_blocked, id=4540, stack(0x000000bf22a00000,0x000000bf22b00000)]
  0x00000273c7463800 JavaThread "File Watcher" daemon [_thread_blocked, id=13916, stack(0x000000bf22c00000,0x000000bf22d00000)]
  0x00000273c916d000 JavaThread "File Watcher" daemon [_thread_blocked, id=14740, stack(0x000000bf22d00000,0x000000bf22e00000)]
  0x00000273c9169800 JavaThread "File Watcher" daemon [_thread_blocked, id=16328, stack(0x000000bf23000000,0x000000bf23100000)]
  0x00000273c916e800 JavaThread "File Watcher" daemon [_thread_blocked, id=15528, stack(0x000000bf23100000,0x000000bf23200000)]
  0x00000273c9170000 JavaThread "File Watcher" daemon [_thread_blocked, id=7720, stack(0x000000bf23200000,0x000000bf23300000)]
  0x00000273c916d800 JavaThread "File Watcher" daemon [_thread_blocked, id=15460, stack(0x000000bf23300000,0x000000bf23400000)]
  0x00000273c916a800 JavaThread "File Watcher" daemon [_thread_blocked, id=10148, stack(0x000000bf23400000,0x000000bf23500000)]
  0x00000273c9171000 JavaThread "File Watcher" daemon [_thread_blocked, id=14264, stack(0x000000bf22f00000,0x000000bf23000000)]
  0x00000273c96a0800 JavaThread "File Watcher" daemon [_thread_blocked, id=10140, stack(0x000000bf23800000,0x000000bf23900000)]
  0x00000273c96a1800 JavaThread "File Watcher" daemon [_thread_blocked, id=6176, stack(0x000000bf23500000,0x000000bf23600000)]
  0x00000273c96a2800 JavaThread "File Watcher" daemon [_thread_blocked, id=14436, stack(0x000000bf22400000,0x000000bf22500000)]
  0x00000273c96a3000 JavaThread "File Watcher" daemon [_thread_blocked, id=17100, stack(0x000000bf23700000,0x000000bf23800000)]
  0x00000273c9176000 JavaThread "Thread-199" [_thread_blocked, id=3060, stack(0x000000bf23600000,0x000000bf23700000)]

Other Threads:
=>0x00000273c5561000 VMThread "VM Thread" [stack: 0x000000bf20400000,0x000000bf20500000] [id=8420]
  0x00000273c5d70800 WatcherThread [stack: 0x000000bf20f00000,0x000000bf21000000] [id=13952]
  0x00000273a153a000 GCTaskThread "GC Thread#0" [stack: 0x000000bf1ff00000,0x000000bf20000000] [id=1640]
  0x00000273c6656800 GCTaskThread "GC Thread#1" [stack: 0x000000bf21000000,0x000000bf21100000] [id=1756]
  0x00000273c6657000 GCTaskThread "GC Thread#2" [stack: 0x000000bf21100000,0x000000bf21200000] [id=11828]
  0x00000273c6671000 GCTaskThread "GC Thread#3" [stack: 0x000000bf21200000,0x000000bf21300000] [id=2124]
  0x00000273c6671800 GCTaskThread "GC Thread#4" [stack: 0x000000bf21300000,0x000000bf21400000] [id=4432]
  0x00000273c6676000 GCTaskThread "GC Thread#5" [stack: 0x000000bf21400000,0x000000bf21500000] [id=1596]
  0x00000273c6938800 GCTaskThread "GC Thread#6" [stack: 0x000000bf21a00000,0x000000bf21b00000] [id=4076]
  0x00000273c6939800 GCTaskThread "GC Thread#7" [stack: 0x000000bf21b00000,0x000000bf21c00000] [id=8528]
  0x00000273a1596000 ConcurrentGCThread "G1 Main Marker" [stack: 0x000000bf20000000,0x000000bf20100000] [id=14260]
  0x00000273a1597800 ConcurrentGCThread "G1 Conc#0" [stack: 0x000000bf20100000,0x000000bf20200000] [id=4692]
  0x00000273c697a000 ConcurrentGCThread "G1 Conc#1" [stack: 0x000000bf21c00000,0x000000bf21d00000] [id=13912]
  0x00000273c4456800 ConcurrentGCThread "G1 Refine#0" [stack: 0x000000bf20200000,0x000000bf20300000] [id=14108]
  0x00000273c4457800 ConcurrentGCThread "G1 Young RemSet Sampling" [stack: 0x000000bf20300000,0x000000bf20400000] [id=5444]

Threads with active compile tasks:

VM state:at safepoint (normal execution)

VM Mutex/Monitor currently owned by a thread:  ([mutex/lock_event])
[0x00000273a1520300] Threads_lock - owner thread: 0x00000273c5561000
[0x00000273a15228b0] Heap_lock - owner thread: 0x00000273c9176000

Heap address: 0x0000000701200000, size: 4078 MB, Compressed Oops mode: Zero based, Oop shift amount: 3
Narrow klass base: 0x0000000800000000, Narrow klass shift: 0
Compressed class space size: 1073741824 Address: 0x0000000800000000

Heap:
 garbage-first heap   total 122880K, used 92421K [0x0000000701200000, 0x0000000800000000)
  region size 1024K, 15 young (15360K), 1 survivors (1024K)
 Metaspace       used 107754K, capacity 114198K, committed 115072K, reserved 1148928K
  class space    used 12775K, capacity 14932K, committed 15232K, reserved 1048576K
Heap Regions: E=young(eden), S=young(survivor), O=old, HS=humongous(starts), HC=humongous(continues), CS=collection set, F=free, A=archive, TAMS=top-at-mark-start (previous, next)
|   0|0x0000000701200000, 0x0000000701300000, 0x0000000701300000|100%|HS|  |TAMS 0x0000000701300000, 0x0000000701200000| Complete 
|   1|0x0000000701300000, 0x00000007013ffff0, 0x0000000701400000| 99%| O|  |TAMS 0x00000007013ffff0, 0x0000000701300000| Untracked 
|   2|0x0000000701400000, 0x00000007014ffff8, 0x0000000701500000| 99%| O|  |TAMS 0x00000007014ffff8, 0x0000000701400000| Untracked 
|   3|0x0000000701500000, 0x0000000701600000, 0x0000000701600000|100%| O|  |TAMS 0x0000000701600000, 0x0000000701500000| Untracked 
|   4|0x0000000701600000, 0x00000007016ffff0, 0x0000000701700000| 99%| O|  |TAMS 0x00000007016ffff0, 0x0000000701600000| Untracked 
|   5|0x0000000701700000, 0x00000007017ffff8, 0x0000000701800000| 99%| O|  |TAMS 0x00000007017ffff8, 0x0000000701700000| Untracked 
|   6|0x0000000701800000, 0x00000007018ffff8, 0x0000000701900000| 99%| O|  |TAMS 0x00000007018ffff8, 0x0000000701800000| Untracked 
|   7|0x0000000701900000, 0x00000007019ffff0, 0x0000000701a00000| 99%| O|  |TAMS 0x00000007019ffff0, 0x0000000701900000| Untracked 
|   8|0x0000000701a00000, 0x0000000701afffd8, 0x0000000701b00000| 99%| O|  |TAMS 0x0000000701afffd8, 0x0000000701a00000| Untracked 
|   9|0x0000000701b00000, 0x0000000701bffff8, 0x0000000701c00000| 99%| O|  |TAMS 0x0000000701bffff8, 0x0000000701b00000| Untracked 
|  10|0x0000000701c00000, 0x0000000701cffff8, 0x0000000701d00000| 99%| O|  |TAMS 0x0000000701cffff8, 0x0000000701c00000| Untracked 
|  11|0x0000000701d00000, 0x0000000701e00000, 0x0000000701e00000|100%| O|  |TAMS 0x0000000701e00000, 0x0000000701d00000| Untracked 
|  12|0x0000000701e00000, 0x0000000701efffd8, 0x0000000701f00000| 99%| O|  |TAMS 0x0000000701efffd8, 0x0000000701e00000| Untracked 
|  13|0x0000000701f00000, 0x0000000701fffff8, 0x0000000702000000| 99%| O|  |TAMS 0x0000000701fffff8, 0x0000000701f00000| Untracked 
|  14|0x0000000702000000, 0x00000007020ffff0, 0x0000000702100000| 99%| O|  |TAMS 0x00000007020ffff0, 0x0000000702000000| Untracked 
|  15|0x0000000702100000, 0x0000000702200000, 0x0000000702200000|100%| O|  |TAMS 0x0000000702200000, 0x0000000702100000| Untracked 
|  16|0x0000000702200000, 0x0000000702300000, 0x0000000702300000|100%| O|  |TAMS 0x0000000702300000, 0x0000000702200000| Untracked 
|  17|0x0000000702300000, 0x0000000702400000, 0x0000000702400000|100%| O|  |TAMS 0x0000000702400000, 0x0000000702300000| Untracked 
|  18|0x0000000702400000, 0x00000007024fffb8, 0x0000000702500000| 99%| O|  |TAMS 0x00000007024fffb8, 0x0000000702400000| Untracked 
|  19|0x0000000702500000, 0x00000007025fffb0, 0x0000000702600000| 99%| O|  |TAMS 0x00000007025fffb0, 0x0000000702500000| Untracked 
|  20|0x0000000702600000, 0x00000007026fffe0, 0x0000000702700000| 99%| O|  |TAMS 0x00000007026fffe0, 0x0000000702600000| Untracked 
|  21|0x0000000702700000, 0x00000007027fffe8, 0x0000000702800000| 99%| O|  |TAMS 0x00000007027fffe8, 0x0000000702700000| Untracked 
|  22|0x0000000702800000, 0x00000007028ffff0, 0x0000000702900000| 99%| O|  |TAMS 0x00000007028ffff0, 0x0000000702800000| Untracked 
|  23|0x0000000702900000, 0x00000007029fffe0, 0x0000000702a00000| 99%| O|  |TAMS 0x00000007029fffe0, 0x0000000702900000| Untracked 
|  24|0x0000000702a00000, 0x0000000702afffb0, 0x0000000702b00000| 99%| O|  |TAMS 0x0000000702afffb0, 0x0000000702a00000| Untracked 
|  25|0x0000000702b00000, 0x0000000702c00000, 0x0000000702c00000|100%| O|  |TAMS 0x0000000702c00000, 0x0000000702b00000| Untracked 
|  26|0x0000000702c00000, 0x0000000702cfffd0, 0x0000000702d00000| 99%| O|  |TAMS 0x0000000702cfffd0, 0x0000000702c00000| Untracked 
|  27|0x0000000702d00000, 0x0000000702e00000, 0x0000000702e00000|100%| O|  |TAMS 0x0000000702e00000, 0x0000000702d00000| Untracked 
|  28|0x0000000702e00000, 0x0000000702effff0, 0x0000000702f00000| 99%| O|  |TAMS 0x0000000702effff0, 0x0000000702e00000| Untracked 
|  29|0x0000000702f00000, 0x0000000702fffff8, 0x0000000703000000| 99%| O|  |TAMS 0x0000000702fffff8, 0x0000000702f00000| Untracked 
|  30|0x0000000703000000, 0x00000007030fffe8, 0x0000000703100000| 99%| O|  |TAMS 0x00000007030fffe8, 0x0000000703000000| Untracked 
|  31|0x0000000703100000, 0x00000007031fffe8, 0x0000000703200000| 99%| O|  |TAMS 0x00000007031fffe8, 0x0000000703100000| Untracked 
|  32|0x0000000703200000, 0x00000007032fffd8, 0x0000000703300000| 99%| O|  |TAMS 0x00000007032fffd8, 0x0000000703200000| Untracked 
|  33|0x0000000703300000, 0x00000007033ffff8, 0x0000000703400000| 99%| O|  |TAMS 0x00000007033ffff8, 0x0000000703300000| Untracked 
|  34|0x0000000703400000, 0x00000007034fffe8, 0x0000000703500000| 99%| O|  |TAMS 0x00000007034fffe8, 0x0000000703400000| Untracked 
|  35|0x0000000703500000, 0x00000007035ffff8, 0x0000000703600000| 99%| O|  |TAMS 0x00000007035ffff8, 0x0000000703500000| Untracked 
|  36|0x0000000703600000, 0x00000007036fffe8, 0x0000000703700000| 99%| O|  |TAMS 0x00000007036fffe8, 0x0000000703600000| Untracked 
|  37|0x0000000703700000, 0x00000007037ffff8, 0x0000000703800000| 99%| O|  |TAMS 0x00000007037ffff8, 0x0000000703700000| Untracked 
|  38|0x0000000703800000, 0x00000007038ffff8, 0x0000000703900000| 99%| O|  |TAMS 0x00000007038ffff8, 0x0000000703800000| Untracked 
|  39|0x0000000703900000, 0x00000007039ffff8, 0x0000000703a00000| 99%| O|  |TAMS 0x00000007039ffff8, 0x0000000703900000| Untracked 
|  40|0x0000000703a00000, 0x0000000703afffe0, 0x0000000703b00000| 99%| O|  |TAMS 0x0000000703afffe0, 0x0000000703a00000| Untracked 
|  41|0x0000000703b00000, 0x0000000703bffff0, 0x0000000703c00000| 99%| O|  |TAMS 0x0000000703bffff0, 0x0000000703b00000| Untracked 
|  42|0x0000000703c00000, 0x0000000703cfff90, 0x0000000703d00000| 99%| O|  |TAMS 0x0000000703cfff90, 0x0000000703c00000| Untracked 
|  43|0x0000000703d00000, 0x0000000703dffff0, 0x0000000703e00000| 99%| O|  |TAMS 0x0000000703dffff0, 0x0000000703d00000| Untracked 
|  44|0x0000000703e00000, 0x0000000703effff8, 0x0000000703f00000| 99%| O|  |TAMS 0x0000000703effff8, 0x0000000703e00000| Untracked 
|  45|0x0000000703f00000, 0x0000000703fffff0, 0x0000000704000000| 99%| O|  |TAMS 0x0000000703fffff0, 0x0000000703f00000| Untracked 
|  46|0x0000000704000000, 0x00000007040fff38, 0x0000000704100000| 99%| O|  |TAMS 0x00000007040fff38, 0x0000000704000000| Untracked 
|  47|0x0000000704100000, 0x00000007041ffff8, 0x0000000704200000| 99%| O|  |TAMS 0x00000007041ffff8, 0x0000000704100000| Untracked 
|  48|0x0000000704200000, 0x00000007042fffc0, 0x0000000704300000| 99%| O|  |TAMS 0x00000007042fffc0, 0x0000000704200000| Untracked 
|  49|0x0000000704300000, 0x00000007043ffff0, 0x0000000704400000| 99%| O|  |TAMS 0x00000007043ffff0, 0x0000000704300000| Untracked 
|  50|0x0000000704400000, 0x00000007044fffb8, 0x0000000704500000| 99%| O|  |TAMS 0x00000007044fffb8, 0x0000000704400000| Untracked 
|  51|0x0000000704500000, 0x00000007045fffe8, 0x0000000704600000| 99%| O|  |TAMS 0x00000007045fffe8, 0x0000000704500000| Untracked 
|  52|0x0000000704600000, 0x0000000704700000, 0x0000000704700000|100%| O|  |TAMS 0x0000000704700000, 0x0000000704600000| Untracked 
|  53|0x0000000704700000, 0x00000007047fffe0, 0x0000000704800000| 99%| O|  |TAMS 0x00000007047fffe0, 0x0000000704700000| Untracked 
|  54|0x0000000704800000, 0x00000007048fffe0, 0x0000000704900000| 99%| O|  |TAMS 0x00000007048fffe0, 0x0000000704800000| Untracked 
|  55|0x0000000704900000, 0x00000007049ffff0, 0x0000000704a00000| 99%| O|  |TAMS 0x00000007049ffff0, 0x0000000704900000| Untracked 
|  56|0x0000000704a00000, 0x0000000704afffe8, 0x0000000704b00000| 99%| O|  |TAMS 0x0000000704afffe8, 0x0000000704a00000| Untracked 
|  57|0x0000000704b00000, 0x0000000704bffff8, 0x0000000704c00000| 99%| O|  |TAMS 0x0000000704bffff8, 0x0000000704b00000| Untracked 
|  58|0x0000000704c00000, 0x0000000704cffff0, 0x0000000704d00000| 99%| O|  |TAMS 0x0000000704cffff0, 0x0000000704c00000| Untracked 
|  59|0x0000000704d00000, 0x0000000704dff9c8, 0x0000000704e00000| 99%| O|  |TAMS 0x0000000704dff9c8, 0x0000000704d00000| Untracked 
|  60|0x0000000704e00000, 0x0000000704efffd8, 0x0000000704f00000| 99%| O|  |TAMS 0x0000000704efffd8, 0x0000000704e00000| Untracked 
|  61|0x0000000704f00000, 0x0000000704fffff0, 0x0000000705000000| 99%| O|  |TAMS 0x0000000704fffff0, 0x0000000704f00000| Untracked 
|  62|0x0000000705000000, 0x0000000705000000, 0x0000000705100000|  0%| F|  |TAMS 0x0000000705000000, 0x0000000705000000| Untracked 
|  63|0x0000000705100000, 0x0000000705100000, 0x0000000705200000|  0%| F|  |TAMS 0x0000000705100000, 0x0000000705100000| Untracked 
|  64|0x0000000705200000, 0x0000000705200000, 0x0000000705300000|  0%| F|  |TAMS 0x0000000705200000, 0x0000000705200000| Untracked 
|  65|0x0000000705300000, 0x00000007053ca200, 0x0000000705400000| 78%| O|  |TAMS 0x00000007053ca200, 0x0000000705300000| Untracked 
|  66|0x0000000705400000, 0x0000000705500000, 0x0000000705500000|100%| O|  |TAMS 0x0000000705500000, 0x0000000705400000| Untracked 
|  67|0x0000000705500000, 0x0000000705500000, 0x0000000705600000|  0%| F|  |TAMS 0x0000000705500000, 0x0000000705500000| Untracked 
|  68|0x0000000705600000, 0x0000000705600000, 0x0000000705700000|  0%| F|  |TAMS 0x0000000705600000, 0x0000000705600000| Untracked 
|  69|0x0000000705700000, 0x00000007057fff90, 0x0000000705800000| 99%| O|  |TAMS 0x00000007057fff90, 0x0000000705700000| Untracked 
|  70|0x0000000705800000, 0x0000000705800000, 0x0000000705900000|  0%| F|  |TAMS 0x0000000705800000, 0x0000000705800000| Untracked 
|  71|0x0000000705900000, 0x0000000705900000, 0x0000000705a00000|  0%| F|  |TAMS 0x0000000705900000, 0x0000000705900000| Untracked 
|  72|0x0000000705a00000, 0x0000000705afffc0, 0x0000000705b00000| 99%| O|  |TAMS 0x0000000705afffc0, 0x0000000705a00000| Untracked 
|  73|0x0000000705b00000, 0x0000000705b00000, 0x0000000705c00000|  0%| F|  |TAMS 0x0000000705b00000, 0x0000000705b00000| Untracked 
|  74|0x0000000705c00000, 0x0000000705d00000, 0x0000000705d00000|100%| O|  |TAMS 0x0000000705d00000, 0x0000000705c00000| Untracked 
|  75|0x0000000705d00000, 0x0000000705e00000, 0x0000000705e00000|100%| O|  |TAMS 0x0000000705e00000, 0x0000000705d00000| Untracked 
|  76|0x0000000705e00000, 0x0000000705f00000, 0x0000000705f00000|100%| O|  |TAMS 0x0000000705f00000, 0x0000000705e00000| Untracked 
|  77|0x0000000705f00000, 0x0000000706000000, 0x0000000706000000|100%| O|  |TAMS 0x0000000706000000, 0x0000000705f00000| Untracked 
|  78|0x0000000706000000, 0x0000000706000000, 0x0000000706100000|  0%| F|  |TAMS 0x0000000706000000, 0x0000000706000000| Untracked 
|  79|0x0000000706100000, 0x0000000706200000, 0x0000000706200000|100%| O|  |TAMS 0x0000000706200000, 0x0000000706100000| Untracked 
|  80|0x0000000706200000, 0x0000000706300000, 0x0000000706300000|100%| O|  |TAMS 0x0000000706300000, 0x0000000706200000| Untracked 
|  81|0x0000000706300000, 0x0000000706400000, 0x0000000706400000|100%| O|  |TAMS 0x0000000706400000, 0x0000000706300000| Untracked 
|  82|0x0000000706400000, 0x0000000706500000, 0x0000000706500000|100%| O|  |TAMS 0x0000000706500000, 0x0000000706400000| Untracked 
|  83|0x0000000706500000, 0x0000000706600000, 0x0000000706600000|100%| O|  |TAMS 0x0000000706600000, 0x0000000706500000| Untracked 
|  84|0x0000000706600000, 0x0000000706700000, 0x0000000706700000|100%| O|  |TAMS 0x0000000706700000, 0x0000000706600000| Untracked 
|  85|0x0000000706700000, 0x0000000706800000, 0x0000000706800000|100%| O|  |TAMS 0x0000000706800000, 0x0000000706700000| Untracked 
|  86|0x0000000706800000, 0x0000000706800000, 0x0000000706900000|  0%| F|  |TAMS 0x0000000706800000, 0x0000000706800000| Untracked 
|  87|0x0000000706900000, 0x0000000706900000, 0x0000000706a00000|  0%| F|  |TAMS 0x0000000706900000, 0x0000000706900000| Untracked 
|  88|0x0000000706a00000, 0x0000000706a00000, 0x0000000706b00000|  0%| F|  |TAMS 0x0000000706a00000, 0x0000000706a00000| Untracked 
|  89|0x0000000706b00000, 0x0000000706b77fc0, 0x0000000706c00000| 46%| S|CS|TAMS 0x0000000706b00000, 0x0000000706b00000| Complete 
|  90|0x0000000706c00000, 0x0000000706c00000, 0x0000000706d00000|  0%| F|  |TAMS 0x0000000706c00000, 0x0000000706c00000| Untracked 
|  91|0x0000000706d00000, 0x0000000706d00000, 0x0000000706e00000|  0%| F|  |TAMS 0x0000000706d00000, 0x0000000706d00000| Untracked 
|  92|0x0000000706e00000, 0x0000000706e00000, 0x0000000706f00000|  0%| F|  |TAMS 0x0000000706e00000, 0x0000000706e00000| Untracked 
|  93|0x0000000706f00000, 0x0000000706f00000, 0x0000000707000000|  0%| F|  |TAMS 0x0000000706f00000, 0x0000000706f00000| Untracked 
|  94|0x0000000707000000, 0x0000000707000000, 0x0000000707100000|  0%| F|  |TAMS 0x0000000707000000, 0x0000000707000000| Untracked 
|  95|0x0000000707100000, 0x0000000707100000, 0x0000000707200000|  0%| F|  |TAMS 0x0000000707100000, 0x0000000707100000| Untracked 
|  96|0x0000000707200000, 0x0000000707200000, 0x0000000707300000|  0%| F|  |TAMS 0x0000000707200000, 0x0000000707200000| Untracked 
|  97|0x0000000707300000, 0x0000000707300000, 0x0000000707400000|  0%| F|  |TAMS 0x0000000707300000, 0x0000000707300000| Untracked 
|  98|0x0000000707400000, 0x0000000707400000, 0x0000000707500000|  0%| F|  |TAMS 0x0000000707400000, 0x0000000707400000| Untracked 
|  99|0x0000000707500000, 0x0000000707500000, 0x0000000707600000|  0%| F|  |TAMS 0x0000000707500000, 0x0000000707500000| Untracked 
| 100|0x0000000707600000, 0x0000000707600000, 0x0000000707700000|  0%| F|  |TAMS 0x0000000707600000, 0x0000000707600000| Untracked 
| 101|0x0000000707700000, 0x0000000707700000, 0x0000000707800000|  0%| F|  |TAMS 0x0000000707700000, 0x0000000707700000| Untracked 
| 102|0x0000000707800000, 0x0000000707800000, 0x0000000707900000|  0%| F|  |TAMS 0x0000000707800000, 0x0000000707800000| Untracked 
| 103|0x0000000707900000, 0x0000000707900000, 0x0000000707a00000|  0%| F|  |TAMS 0x0000000707900000, 0x0000000707900000| Untracked 
| 104|0x0000000707a00000, 0x0000000707a00000, 0x0000000707b00000|  0%| F|  |TAMS 0x0000000707a00000, 0x0000000707a00000| Untracked 
| 105|0x0000000707b00000, 0x0000000707b00000, 0x0000000707c00000|  0%| F|  |TAMS 0x0000000707b00000, 0x0000000707b00000| Untracked 
| 106|0x0000000707c00000, 0x0000000707c717f8, 0x0000000707d00000| 44%| E|  |TAMS 0x0000000707c00000, 0x0000000707c00000| Complete 
| 107|0x0000000707d00000, 0x0000000707e00000, 0x0000000707e00000|100%| E|CS|TAMS 0x0000000707d00000, 0x0000000707d00000| Complete 
| 108|0x0000000707e00000, 0x0000000707f00000, 0x0000000707f00000|100%| E|CS|TAMS 0x0000000707e00000, 0x0000000707e00000| Complete 
| 109|0x0000000707f00000, 0x0000000708000000, 0x0000000708000000|100%| E|CS|TAMS 0x0000000707f00000, 0x0000000707f00000| Complete 
| 110|0x0000000708000000, 0x0000000708100000, 0x0000000708100000|100%| E|CS|TAMS 0x0000000708000000, 0x0000000708000000| Complete 
| 111|0x0000000708100000, 0x0000000708200000, 0x0000000708200000|100%| E|CS|TAMS 0x0000000708100000, 0x0000000708100000| Complete 
| 112|0x0000000708200000, 0x0000000708300000, 0x0000000708300000|100%| E|CS|TAMS 0x0000000708200000, 0x0000000708200000| Complete 
| 113|0x0000000708300000, 0x0000000708400000, 0x0000000708400000|100%| E|CS|TAMS 0x0000000708300000, 0x0000000708300000| Complete 
| 114|0x0000000708400000, 0x0000000708500000, 0x0000000708500000|100%| E|CS|TAMS 0x0000000708400000, 0x0000000708400000| Complete 
| 115|0x0000000708500000, 0x0000000708600000, 0x0000000708600000|100%| E|CS|TAMS 0x0000000708500000, 0x0000000708500000| Complete 
| 116|0x0000000708600000, 0x0000000708700000, 0x0000000708700000|100%| E|CS|TAMS 0x0000000708600000, 0x0000000708600000| Complete 
| 117|0x0000000708700000, 0x0000000708800000, 0x0000000708800000|100%| E|CS|TAMS 0x0000000708700000, 0x0000000708700000| Complete 
| 118|0x0000000708800000, 0x0000000708900000, 0x0000000708900000|100%| E|CS|TAMS 0x0000000708800000, 0x0000000708800000| Complete 
| 119|0x0000000708900000, 0x0000000708a00000, 0x0000000708a00000|100%| E|CS|TAMS 0x0000000708900000, 0x0000000708900000| Complete 

Card table byte_map: [0x00000273b9190000,0x00000273b9990000] _byte_map_base: 0x00000273b5987000

Marking Bits (Prev, Next): (CMBitMap*) 0x00000273a1585518, (CMBitMap*) 0x00000273a1585550
 Prev Bits: [0x00000273ba190000, 0x00000273be148000)
 Next Bits: [0x00000273be150000, 0x00000273c2108000)

Polling page: 0x000002739fa60000

Metaspace:

Usage:
  Non-class:     96.94 MB capacity,    92.75 MB ( 96%) used,     3.90 MB (  4%) free+waste,   290.81 KB ( <1%) overhead. 
      Class:     14.58 MB capacity,    12.48 MB ( 86%) used,     1.97 MB ( 13%) free+waste,   144.13 KB ( <1%) overhead. 
       Both:    111.52 MB capacity,   105.23 MB ( 94%) used,     5.87 MB (  5%) free+waste,   434.94 KB ( <1%) overhead. 

Virtual space:
  Non-class space:       98.00 MB reserved,      97.50 MB (>99%) committed 
      Class space:        1.00 GB reserved,      14.88 MB (  1%) committed 
             Both:        1.10 GB reserved,     112.38 MB ( 10%) committed 

Chunk freelists:
   Non-Class:  55.75 KB
       Class:  25.50 KB
        Both:  81.25 KB

CodeHeap 'non-profiled nmethods': size=238336Kb used=20882Kb max_used=20882Kb free=217453Kb
 bounds [0x00000273a9670000, 0x00000273aaae0000, 0x00000273b7f30000]
CodeHeap 'non-nmethods': size=7424Kb used=1247Kb max_used=1247Kb free=6176Kb
 bounds [0x00000273a8f30000, 0x00000273a91a0000, 0x00000273a9670000]
 total_blobs=12861 nmethods=12245 adapters=541
 compilation: enabled
              stopped_count=0, restarted_count=0
 full_count=0

Compilation events (10 events):
Event: 3919.684 Thread 0x00000273c55fd000 12244   !   1       org.springframework.boot.devtools.filewatch.FileSystemWatcher$Watcher::run (55 bytes)
Event: 3919.684 Thread 0x00000273c55fd000 nmethod 12244 0x00000273aaad3890 code [0x00000273aaad3a40, 0x00000273aaad3bd8]
Event: 3939.484 Thread 0x00000273c55fd000 12245       1       com.zaxxer.hikari.pool.HikariPool::access$500 (5 bytes)
Event: 3939.484 Thread 0x00000273c55fd000 nmethod 12245 0x00000273aaad3d90 code [0x00000273aaad3f20, 0x00000273aaad3fb8]
Event: 3939.484 Thread 0x00000273c55fd000 12246       1       com.zaxxer.hikari.pool.ProxyLeakTaskFactory::updateLeakDetectionThreshold (6 bytes)
Event: 3939.484 Thread 0x00000273c55fd000 nmethod 12246 0x00000273aaad4090 code [0x00000273aaad4220, 0x00000273aaad42d8]
Event: 3939.484 Thread 0x00000273c55fd000 12247       1       com.zaxxer.hikari.HikariConfig::getIdleTimeout (5 bytes)
Event: 3939.484 Thread 0x00000273c55fd000 nmethod 12247 0x00000273aaad4390 code [0x00000273aaad4520, 0x00000273aaad45d8]
Event: 4036.133 Thread 0x00000273c55fd000 12248       1       java.lang.ClassValue::version (5 bytes)
Event: 4036.133 Thread 0x00000273c55fd000 nmethod 12248 0x00000273aaad4690 code [0x00000273aaad4820, 0x00000273aaad48d8]

GC Heap History (10 events):
Event: 4014.686 GC heap before
{Heap before GC invocations=1075 (full 28):
 garbage-first heap   total 122880K, used 108634K [0x0000000701200000, 0x0000000800000000)
  region size 1024K, 29 young (29696K), 1 survivors (1024K)
 Metaspace       used 107751K, capacity 114192K, committed 115072K, reserved 1148928K
  class space    used 12774K, capacity 14930K, committed 15232K, reserved 1048576K
}
Event: 4014.687 GC heap after
{Heap after GC invocations=1076 (full 28):
 garbage-first heap   total 122880K, used 80376K [0x0000000701200000, 0x0000000800000000)
  region size 1024K, 1 young (1024K), 1 survivors (1024K)
 Metaspace       used 107751K, capacity 114192K, committed 115072K, reserved 1148928K
  class space    used 12774K, capacity 14930K, committed 15232K, reserved 1048576K
}
Event: 4015.751 GC heap before
{Heap before GC invocations=1076 (full 28):
 garbage-first heap   total 122880K, used 85496K [0x0000000701200000, 0x0000000800000000)
  region size 1024K, 6 young (6144K), 1 survivors (1024K)
 Metaspace       used 107751K, capacity 114192K, committed 115072K, reserved 1148928K
  class space    used 12774K, capacity 14930K, committed 15232K, reserved 1048576K
}
Event: 4015.753 GC heap after
{Heap after GC invocations=1077 (full 28):
 garbage-first heap   total 122880K, used 79082K [0x0000000701200000, 0x0000000800000000)
  region size 1024K, 1 young (1024K), 1 survivors (1024K)
 Metaspace       used 107751K, capacity 114192K, committed 115072K, reserved 1148928K
  class space    used 12774K, capacity 14930K, committed 15232K, reserved 1048576K
}
Event: 4021.751 GC heap before
{Heap before GC invocations=1077 (full 28):
 garbage-first heap   total 122880K, used 108778K [0x0000000701200000, 0x0000000800000000)
  region size 1024K, 30 young (30720K), 1 survivors (1024K)
 Metaspace       used 107751K, capacity 114192K, committed 115072K, reserved 1148928K
  class space    used 12774K, capacity 14930K, committed 15232K, reserved 1048576K
}
Event: 4021.753 GC heap after
{Heap after GC invocations=1078 (full 28):
 garbage-first heap   total 122880K, used 79236K [0x0000000701200000, 0x0000000800000000)
  region size 1024K, 1 young (1024K), 1 survivors (1024K)
 Metaspace       used 107751K, capacity 114192K, committed 115072K, reserved 1148928K
  class space    used 12774K, capacity 14930K, committed 15232K, reserved 1048576K
}
Event: 4027.726 GC heap before
{Heap before GC invocations=1078 (full 28):
 garbage-first heap   total 122880K, used 108932K [0x0000000701200000, 0x0000000800000000)
  region size 1024K, 30 young (30720K), 1 survivors (1024K)
 Metaspace       used 107751K, capacity 114192K, committed 115072K, reserved 1148928K
  class space    used 12774K, capacity 14930K, committed 15232K, reserved 1048576K
}
Event: 4027.726 GC heap after
{Heap after GC invocations=1079 (full 28):
 garbage-first heap   total 122880K, used 79414K [0x0000000701200000, 0x0000000800000000)
  region size 1024K, 1 young (1024K), 1 survivors (1024K)
 Metaspace       used 107751K, capacity 114192K, committed 115072K, reserved 1148928K
  class space    used 12774K, capacity 14930K, committed 15232K, reserved 1048576K
}
Event: 4034.224 GC heap before
{Heap before GC invocations=1079 (full 28):
 garbage-first heap   total 122880K, used 109110K [0x0000000701200000, 0x0000000800000000)
  region size 1024K, 30 young (30720K), 1 survivors (1024K)
 Metaspace       used 107751K, capacity 114192K, committed 115072K, reserved 1148928K
  class space    used 12774K, capacity 14930K, committed 15232K, reserved 1048576K
}
Event: 4034.225 GC heap after
{Heap after GC invocations=1080 (full 28):
 garbage-first heap   total 122880K, used 79109K [0x0000000701200000, 0x0000000800000000)
  region size 1024K, 1 young (1024K), 1 survivors (1024K)
 Metaspace       used 107751K, capacity 114192K, committed 115072K, reserved 1148928K
  class space    used 12774K, capacity 14930K, committed 15232K, reserved 1048576K
}

Deoptimization events (0 events):
No events

Classes redefined (0 events):
No events

Internal exceptions (10 events):
Event: 3879.192 Thread 0x00000273c96a4000 Exception <a 'java/lang/NoClassDefFoundError'{0x0000000708676680}: org/springframework/batch/core/repository/JobRepository> (0x0000000708676680) thrown at [./open/src/hotspot/share/oops/constantPool.cpp, line 770]
Event: 3879.192 Thread 0x00000273c96a4000 Exception <a 'java/lang/NoClassDefFoundError'{0x00000007086769b8}: org/quartz/Scheduler> (0x00000007086769b8) thrown at [./open/src/hotspot/share/oops/constantPool.cpp, line 770]
Event: 3879.192 Thread 0x00000273c96a4000 Exception <a 'java/lang/NoClassDefFoundError'{0x0000000708676cf0}: org/springframework/session/jdbc/JdbcIndexedSessionRepository> (0x0000000708676cf0) thrown at [./open/src/hotspot/share/oops/constantPool.cpp, line 770]
Event: 3879.229 Thread 0x00000273c96a4000 Exception <a 'sun/nio/fs/WindowsException'{0x0000000707f5eed0}> (0x0000000707f5eed0) thrown at [./open/src/hotspot/share/prims/jni.cpp, line 611]
Event: 3879.229 Thread 0x00000273c96a4000 Exception <a 'sun/nio/fs/WindowsException'{0x0000000707f5f368}> (0x0000000707f5f368) thrown at [./open/src/hotspot/share/prims/jni.cpp, line 611]
Event: 3879.229 Thread 0x00000273c96a4000 Exception <a 'sun/nio/fs/WindowsException'{0x0000000707f5f910}> (0x0000000707f5f910) thrown at [./open/src/hotspot/share/prims/jni.cpp, line 611]
Event: 3879.236 Thread 0x00000273c96a4000 Exception <a 'java/io/FileNotFoundException'{0x0000000707f988c0}> (0x0000000707f988c0) thrown at [./open/src/hotspot/share/prims/jni.cpp, line 611]
Event: 3879.302 Thread 0x00000273c96a4000 Exception <a 'java/lang/ClassNotFoundException'{0x0000000707637a18}: java/lang/ObjectCustomizer> (0x0000000707637a18) thrown at [./open/src/hotspot/share/classfile/systemDictionary.cpp, line 226]
Event: 3879.303 Thread 0x00000273c96a4000 Exception <a 'java/lang/ClassNotFoundException'{0x000000070765fb70}: com/flow/network/service/FlowServiceImpCustomizer> (0x000000070765fb70) thrown at [./open/src/hotspot/share/classfile/systemDictionary.cpp, line 226]
Event: 4036.146 Thread 0x00000273c96a5000 Exception <a 'java/lang/InterruptedException'{0x0000000707d82a10}: sleep interrupted> (0x0000000707d82a10) thrown at [./open/src/hotspot/share/prims/jvm.cpp, line 3127]

Events (10 events):
Event: 4036.281 Executing VM operation: RevokeBias
Event: 4036.281 Executing VM operation: RevokeBias done
Event: 4036.281 Executing VM operation: RevokeBias
Event: 4036.281 Executing VM operation: RevokeBias done
Event: 4036.281 Executing VM operation: RevokeBias
Event: 4036.281 Executing VM operation: RevokeBias done
Event: 4036.281 Executing VM operation: RevokeBias
Event: 4036.281 Executing VM operation: RevokeBias done
Event: 4036.281 Thread 0x00000273c9176800 Thread exited: 0x00000273c9176800
Event: 4036.282 Executing VM operation: G1CollectFull


Dynamic libraries:
0x00007ff6c5450000 - 0x00007ff6c5460000 	D:\software\JDK11\bin\java.exe
0x00007ff870ca0000 - 0x00007ff870e90000 	C:\WINDOWS\SYSTEM32\ntdll.dll
0x00007ff86f110000 - 0x00007ff86f1c2000 	C:\WINDOWS\System32\KERNEL32.DLL
0x00007ff86e840000 - 0x00007ff86eae5000 	C:\WINDOWS\System32\KERNELBASE.dll
0x00007ff86dcd0000 - 0x00007ff86ddca000 	C:\WINDOWS\System32\ucrtbase.dll
0x00007ff849a60000 - 0x00007ff849a79000 	D:\software\JDK11\bin\jli.dll
0x00007ff870340000 - 0x00007ff8703e3000 	C:\WINDOWS\System32\ADVAPI32.dll
0x00007ff86ed70000 - 0x00007ff86ee0e000 	C:\WINDOWS\System32\msvcrt.dll
0x00007ff8464b0000 - 0x00007ff8464cb000 	D:\software\JDK11\bin\VCRUNTIME140.dll
0x00007ff86ee10000 - 0x00007ff86eea7000 	C:\WINDOWS\System32\sechost.dll
0x00007ff86eff0000 - 0x00007ff86f10f000 	C:\WINDOWS\System32\RPCRT4.dll
0x00007ff870930000 - 0x00007ff870ac4000 	C:\WINDOWS\System32\USER32.dll
0x00007ff86ed20000 - 0x00007ff86ed41000 	C:\WINDOWS\System32\win32u.dll
0x00007ff86fbb0000 - 0x00007ff86fbd6000 	C:\WINDOWS\System32\GDI32.dll
0x00007ff86eaf0000 - 0x00007ff86ec88000 	C:\WINDOWS\System32\gdi32full.dll
0x00007ff863e30000 - 0x00007ff8640b4000 	C:\WINDOWS\WinSxS\amd64_microsoft.windows.common-controls_6595b64144ccf1df_6.0.18362.1556_none_9e7e372fe45e41d5\COMCTL32.dll
0x00007ff86dc30000 - 0x00007ff86dcce000 	C:\WINDOWS\System32\msvcp_win.dll
0x00007ff86f560000 - 0x00007ff86f896000 	C:\WINDOWS\System32\combase.dll
0x00007ff86ec90000 - 0x00007ff86ed11000 	C:\WINDOWS\System32\bcryptPrimitives.dll
0x00007ff86d730000 - 0x00007ff86d73a000 	C:\WINDOWS\SYSTEM32\VERSION.dll
0x00007ff86eeb0000 - 0x00007ff86eede000 	C:\WINDOWS\System32\IMM32.DLL
0x00000000590a0000 - 0x00000000590ad000 	D:\software\360\360Safe\safemon\SafeWrapper.dll
0x00007ff853950000 - 0x00007ff8539fc000 	D:\software\360\360Safe\safemon\libzdtp64.dll
0x00007ff86fbe0000 - 0x00007ff8702c7000 	C:\WINDOWS\System32\SHELL32.dll
0x00007ff86e040000 - 0x00007ff86e08a000 	C:\WINDOWS\System32\cfgmgr32.dll
0x00007ff86ef40000 - 0x00007ff86efe8000 	C:\WINDOWS\System32\shcore.dll
0x00007ff86e0c0000 - 0x00007ff86e83b000 	C:\WINDOWS\System32\windows.storage.dll
0x00007ff86db60000 - 0x00007ff86db7e000 	C:\WINDOWS\System32\profapi.dll
0x00007ff86dba0000 - 0x00007ff86dbea000 	C:\WINDOWS\System32\powrprof.dll
0x00007ff86db50000 - 0x00007ff86db60000 	C:\WINDOWS\System32\UMPDC.dll
0x00007ff870860000 - 0x00007ff8708b2000 	C:\WINDOWS\System32\shlwapi.dll
0x00007ff86dbf0000 - 0x00007ff86dc01000 	C:\WINDOWS\System32\kernel.appcore.dll
0x00007ff86dc10000 - 0x00007ff86dc27000 	C:\WINDOWS\System32\cryptsp.dll
0x00007ff856410000 - 0x00007ff85641c000 	D:\software\JDK11\bin\vcruntime140_1.dll
0x00007ff842da0000 - 0x00007ff842e2e000 	D:\software\JDK11\bin\msvcp140.dll
0x00007ff801db0000 - 0x00007ff80291c000 	D:\software\JDK11\bin\server\jvm.dll
0x00007ff870ad0000 - 0x00007ff870ad8000 	C:\WINDOWS\System32\PSAPI.DLL
0x00007ff86ba30000 - 0x00007ff86ba54000 	C:\WINDOWS\SYSTEM32\WINMM.dll
0x00007ff86b920000 - 0x00007ff86b94d000 	C:\WINDOWS\SYSTEM32\WINMMBASE.dll
0x00007ff86a300000 - 0x00007ff86a309000 	C:\WINDOWS\SYSTEM32\WSOCK32.dll
0x00007ff8708c0000 - 0x00007ff87092f000 	C:\WINDOWS\System32\WS2_32.dll
0x00007ff856380000 - 0x00007ff856390000 	D:\software\JDK11\bin\verify.dll
0x00007ff85c470000 - 0x00007ff85c664000 	C:\WINDOWS\SYSTEM32\DBGHELP.DLL
0x00007ff859170000 - 0x00007ff85919a000 	C:\WINDOWS\SYSTEM32\dbgcore.DLL
0x00007ff849ad0000 - 0x00007ff849af8000 	D:\software\JDK11\bin\java.dll
0x00007ff853530000 - 0x00007ff85353a000 	D:\software\JDK11\bin\jimage.dll
0x00007ff86a350000 - 0x00007ff86a35e000 	D:\software\JDK11\bin\instrument.dll
0x00007ff849a90000 - 0x00007ff849aa7000 	D:\software\JDK11\bin\zip.dll
0x00007ff842d80000 - 0x00007ff842d99000 	D:\software\JDK11\bin\net.dll
0x00007ff864200000 - 0x00007ff8642fa000 	C:\WINDOWS\SYSTEM32\WINHTTP.dll
0x00007ff86d320000 - 0x00007ff86d387000 	C:\WINDOWS\system32\mswsock.dll
0x00007ff842d30000 - 0x00007ff842d42000 	D:\software\JDK11\bin\nio.dll
0x00007ff855cc0000 - 0x00007ff855cda000 	D:\software\IntelliJ IDEA 2022.3.2\bin\breakgen64.dll
0x00007ff86d070000 - 0x00007ff86d13b000 	C:\WINDOWS\SYSTEM32\DNSAPI.dll
0x00007ff8702d0000 - 0x00007ff8702d8000 	C:\WINDOWS\System32\NSI.dll
0x00007ff86d030000 - 0x00007ff86d06a000 	C:\WINDOWS\SYSTEM32\IPHLPAPI.DLL
0x00007ff867330000 - 0x00007ff86733a000 	C:\Windows\System32\rasadhlp.dll
0x00007ff8661d0000 - 0x00007ff866247000 	C:\WINDOWS\System32\fwpuclnt.dll
0x00007ff86e090000 - 0x00007ff86e0b6000 	C:\WINDOWS\System32\bcrypt.dll
0x00007ff86a340000 - 0x00007ff86a349000 	D:\software\JDK11\bin\management.dll
0x00007ff855cb0000 - 0x00007ff855cbb000 	D:\software\JDK11\bin\management_ext.dll
0x00007ff86cea0000 - 0x00007ff86ced3000 	C:\WINDOWS\system32\rsaenh.dll
0x00007ff86da40000 - 0x00007ff86da65000 	C:\WINDOWS\SYSTEM32\USERENV.dll
0x00007ff86d4f0000 - 0x00007ff86d4fc000 	C:\WINDOWS\SYSTEM32\CRYPTBASE.dll
0x00007ff866620000 - 0x00007ff866636000 	C:\WINDOWS\SYSTEM32\dhcpcsvc6.DLL
0x00007ff866960000 - 0x00007ff86697c000 	C:\WINDOWS\SYSTEM32\dhcpcsvc.DLL
0x00007ff84dcb0000 - 0x00007ff84dcc6000 	C:\WINDOWS\system32\napinsp.dll
0x00007ff84dc90000 - 0x00007ff84dcaa000 	C:\WINDOWS\system32\pnrpnsp.dll
0x00007ff84dc80000 - 0x00007ff84dc8e000 	C:\WINDOWS\System32\winrnr.dll
0x00007ff86a2e0000 - 0x00007ff86a2fc000 	C:\WINDOWS\system32\NLAapi.dll
0x00007ff868da0000 - 0x00007ff868db5000 	C:\WINDOWS\system32\wshbth.dll
0x00007ff83b590000 - 0x00007ff83b59d000 	D:\software\JDK11\bin\sunmscapi.dll
0x00007ff86ddd0000 - 0x00007ff86df21000 	C:\WINDOWS\System32\CRYPT32.dll
0x00007ff86db80000 - 0x00007ff86db92000 	C:\WINDOWS\System32\MSASN1.dll
0x00007ff86d600000 - 0x00007ff86d626000 	C:\WINDOWS\SYSTEM32\ncrypt.dll
0x00007ff86d5c0000 - 0x00007ff86d5fb000 	C:\WINDOWS\SYSTEM32\NTASN1.dll
0x00007ff8360d0000 - 0x00007ff8360f7000 	D:\software\JDK11\bin\sunec.dll
0x00007ff84c250000 - 0x00007ff84c298000 	C:\WINDOWS\SYSTEM32\pdh.dll
0x00007ff86a400000 - 0x00007ff86a40f000 	C:\WINDOWS\System32\perfproc.dll

dbghelp: loaded successfully - version: 4.0.5 - missing functions: none
symbol engine: initialized successfully - sym options: 0x614 - pdb path: .;D:\software\JDK11\bin;C:\WINDOWS\SYSTEM32;C:\WINDOWS\WinSxS\amd64_microsoft.windows.common-controls_6595b64144ccf1df_6.0.18362.1556_none_9e7e372fe45e41d5;D:\software\360\360Safe\safemon;D:\software\JDK11\bin\server;D:\software\IntelliJ IDEA 2022.3.2\bin

VM Arguments:
jvm_args: -XX:TieredStopAtLevel=1 -Xverify:none -Dspring.output.ansi.enabled=always -Dcom.sun.management.jmxremote -Dspring.jmx.enabled=true -Dspring.liveBeansView.mbeanDomain -Dspring.application.admin.enabled=true -Dmanagement.endpoints.jmx.exposure.include=* -javaagent:D:\software\IntelliJ IDEA 2022.3.2\lib\idea_rt.jar=4156:D:\software\IntelliJ IDEA 2022.3.2\bin -Dfile.encoding=UTF-8 
java_command: com.flow.network.NetworkApplication
java_class_path (initial): E:\profit\IDEAPro\networkbackground\target\classes;E:\profit\mavenrepository\org\springframework\boot\spring-boot-starter-jdbc\2.7.12\spring-boot-starter-jdbc-2.7.12.jar;E:\profit\mavenrepository\org\springframework\boot\spring-boot-starter\2.7.12\spring-boot-starter-2.7.12.jar;E:\profit\mavenrepository\org\springframework\boot\spring-boot-starter-logging\2.7.12\spring-boot-starter-logging-2.7.12.jar;E:\profit\mavenrepository\ch\qos\logback\logback-classic\1.2.12\logback-classic-1.2.12.jar;E:\profit\mavenrepository\ch\qos\logback\logback-core\1.2.12\logback-core-1.2.12.jar;E:\profit\mavenrepository\org\apache\logging\log4j\log4j-to-slf4j\2.17.2\log4j-to-slf4j-2.17.2.jar;E:\profit\mavenrepository\org\apache\logging\log4j\log4j-api\2.17.2\log4j-api-2.17.2.jar;E:\profit\mavenrepository\org\slf4j\jul-to-slf4j\1.7.36\jul-to-slf4j-1.7.36.jar;E:\profit\mavenrepository\jakarta\annotation\jakarta.annotation-api\1.3.5\jakarta.annotation-api-1.3.5.jar;E:\profit\mavenrepository\org\yaml\snakeyaml\1.30\snakeyaml-1.30.jar;E:\profit\mavenrepository\com\zaxxer\HikariCP\4.0.3\HikariCP-4.0.3.jar;E:\profit\mavenrepository\org\springframework\spring-jdbc\5.3.27\spring-jdbc-5.3.27.jar;E:\profit\mavenrepository\org\springframework\spring-tx\5.3.27\spring-tx-5.3.27.jar;E:\profit\mavenrepository\org\springframework\boot\spring-boot-starter-web\2.7.12\spring-boot-starter-web-2.7.12.jar;E:\profit\mavenrepository\org\springframework\boot\spring-boot-starter-json\2.7.12\spring-boot-starter-json-2.7.12.jar;E:\profit\mavenrepository\com\fasterxml\jackson\core\jackson-databind\2.13.5\jackson-databind-2.13.5.jar;E:\profit\mavenrepository\com\fasterxml\jackson\core\jackson-annotations\2.13.5\jackson-annotations-2.13.5.jar;E:\profit\mavenrepository\com\fasterxml\jackson\core\jackson-core\2.13.5\jackson-core-2.13.5.jar;E:\profit\mavenrepository\com\fasterxml\jackson\datatype\jackson-datatype-jdk8\2.13.5\jackson-datatype-jdk8-2.13.5.jar;E:\profit\mavenrepository\com\faster
Launcher Type: SUN_STANDARD

[Global flags]
     bool BytecodeVerificationLocal                = false                                     {product} {command line}
     bool BytecodeVerificationRemote               = false                                     {product} {command line}
     intx CICompilerCount                          = 4                                         {product} {ergonomic}
     uint ConcGCThreads                            = 2                                         {product} {ergonomic}
     uint G1ConcRefinementThreads                  = 8                                         {product} {ergonomic}
   size_t G1HeapRegionSize                         = 1048576                                   {product} {ergonomic}
    uintx GCDrainStackTargetSize                   = 64                                        {product} {ergonomic}
   size_t InitialHeapSize                          = 268435456                                 {product} {ergonomic}
     bool ManagementServer                         = true                                      {product} {command line}
   size_t MarkStackSize                            = 4194304                                   {product} {ergonomic}
   size_t MaxHeapSize                              = 4276092928                                {product} {ergonomic}
   size_t MaxNewSize                               = 2564816896                                {product} {ergonomic}
   size_t MinHeapDeltaBytes                        = 1048576                                   {product} {ergonomic}
    uintx NonNMethodCodeHeapSize                   = 7549744                                {pd product} {ergonomic}
    uintx NonProfiledCodeHeapSize                  = 244108496                              {pd product} {ergonomic}
    uintx ProfiledCodeHeapSize                     = 0                                      {pd product} {ergonomic}
    uintx ReservedCodeCacheSize                    = 251658240                              {pd product} {ergonomic}
     bool SegmentedCodeCache                       = true                                      {product} {ergonomic}
     intx TieredStopAtLevel                        = 1                                         {product} {command line}
     bool UseCompressedClassPointers               = true                                 {lp64_product} {ergonomic}
     bool UseCompressedOops                        = true                                 {lp64_product} {ergonomic}
     bool UseG1GC                                  = true                                      {product} {ergonomic}
     bool UseLargePagesIndividualAllocation        = false                                  {pd product} {ergonomic}

Logging:
Log output configuration:
 #0: stdout all=warning uptime,level,tags
 #1: stderr all=off uptime,level,tags

Environment Variables:
JAVA_HOME=D:\software\jdk16\
CLASSPATH= .;D:\software\jdk16\\lib;D:\software\jdk16\\lib\tools.jar;D:\software\jdk16\\lib\dt.jar; 
PATH=C:\Python312\Scripts\;C:\Python312\;C:\Program Files\Common Files\Oracle\Java\javapath;C:\ProgramData\Oracle\Java\javapath;C:\WINDOWS\system32;C:\WINDOWS;C:\WINDOWS\System32\Wbem;C:\WINDOWS\System32\WindowsPowerShell\v1.0\;C:\WINDOWS\System32\OpenSSH\;C:\Program Files (x86)\NVIDIA Corporation\PhysX\Common;D:\software\jdk7\bin;D:\software\jdk7\jre\bin;D:\software\Anaconda;D:\software\Anaconda\Scripts;D:\steam\putty\;C:\WINDOWS\system32;C:\WINDOWS;C:\WINDOWS\System32\Wbem;C:\WINDOWS\System32\WindowsPowerShell\v1.0\;C:\WINDOWS\System32\OpenSSH\;C:\Program Files\NVIDIA Corporation\NVIDIA NvDLISR;C:\Program Files\dotnet\;D:\software\npm\;C:\ProgramData\chocolatey\bin;D:\software\Git\cmd;C:\Program Files\MySQL\MySQL Shell 8.0\bin\;D:\software\python37\Scripts\;D:\software\python37\;C:\Users\ice\AppData\Local\Microsoft\WindowsApps;C:\ProgramData\ice\GitHubDesktop\bin;C:\Users\ice\AppData\Local\GitHubDesktop\bin;C:\Users\ice\AppData\Local\Microsoft\WindowsApps;D:\software\PyCharm 2019.3.1\bin;;D:\software\jdk16\bin\;D:\software\jdk16\;D:\software\IntelliJ IDEA 2022.3.2\bin;;C:\Users\ice\AppData\Roaming\npm;D:\software\mysql5.7\bin;
USERNAME=ice
OS=Windows_NT
PROCESSOR_IDENTIFIER=Intel64 Family 6 Model 60 Stepping 3, GenuineIntel



---------------  S Y S T E M  ---------------

OS: Windows 10 , 64 bit Build 18362 (10.0.18362.1500)

CPU:total 8 (initial active 8) (4 cores per cpu, 2 threads per core) family 6 model 60 stepping 3 microcode 0x28, cmov, cx8, fxsr, mmx, sse, sse2, sse3, ssse3, sse4.1, sse4.2, popcnt, avx, avx2, aes, clmul, erms, lzcnt, ht, tsc, tscinvbit, bmi1, bmi2, fma

Memory: 4k page, system-wide physical 16304M (3336M free)
TotalPageFile size 16304M (AvailPageFile size 9M)
current process WorkingSet (physical memory assigned to process): 310M, peak: 311M
current process commit charge ("private bytes"): 370M, peak: 440M

vm_info: Java HotSpot(TM) 64-Bit Server VM (11.0.19+9-LTS-224) for windows-amd64 JRE (11.0.19+9-LTS-224), built on Mar 27 2023 08:48:55 by "mach5one" with MS VC++ 17.1 (VS2022)

END.
