#
# There is insufficient memory for the Java Runtime Environment to continue.
# Native memory allocation (malloc) failed to allocate 314096 bytes for Chunk::new
# Possible reasons:
#   The system is out of physical RAM or swap space
#   The process is running with CompressedOops enabled, and the Java Heap may be blocking the growth of the native heap
# Possible solutions:
#   Reduce memory load on the system
#   Increase physical memory or swap space
#   Check if swap backing store is full
#   Decrease Java heap size (-Xmx/-Xms)
#   Decrease number of Java threads
#   Decrease Java thread stack sizes (-Xss)
#   Set larger code cache with -XX:ReservedCodeCacheSize=
#   JVM is running with Zero Based Compressed Oops mode in which the Java heap is
#     placed in the first 32GB address space. The Java Heap base address is the
#     maximum limit for the native heap growth. Please use -XX:HeapBaseMinAddress
#     to set the Java Heap base and to place the Java Heap above 32GB virtual address.
# This output file may be truncated or incomplete.
#
#  Out of Memory Error (./open/src/hotspot/share/memory/arena.cpp:197), pid=10192, tid=18012
#
# JRE version: Java(TM) SE Runtime Environment 18.9 (11.0.19+9) (build 11.0.19+9-LTS-224)
# Java VM: Java HotSpot(TM) 64-Bit Server VM 18.9 (11.0.19+9-LTS-224, mixed mode, tiered, compressed oops, g1 gc, windows-amd64)
# No core dump will be written. Minidumps are not enabled by default on client versions of Windows
#

---------------  S U M M A R Y ------------

Command Line: D:\TEMP\surefire18124908407008402493\surefirebooter14147048850992962355.jar D:\TEMP\surefire18124908407008402493 2023-10-30T18-31-45_086-jvmRun1 surefire6448495752533219242tmp surefire_016102114485877745257tmp

Host: Intel(R) Xeon(R) CPU E3-1230 v3 @ 3.30GHz, 8 cores, 15G,  Windows 10 , 64 bit Build 18362 (10.0.18362.1500)
Time: Mon Oct 30 18:32:09 2023 中国标准时间 elapsed time: 23.195032 seconds (0d 0h 0m 23s)

---------------  T H R E A D  ---------------

Current thread (0x0000021ef7fa8000):  JavaThread "C2 CompilerThread0" daemon [_thread_in_native, id=18012, stack(0x000000e596400000,0x000000e596500000)]


Current CompileTask:
C2:  23195 4508       4       org.springframework.core.annotation.TypeMappedAnnotations::get (52 bytes)

Stack: [0x000000e596400000,0x000000e596500000]
Native frames: (J=compiled Java code, j=interpreted, Vv=VM code, C=native code)
V  [jvm.dll+0x65fe1a]
V  [jvm.dll+0x7a2bbf]
V  [jvm.dll+0x7a4289]
V  [jvm.dll+0x7a4923]
V  [jvm.dll+0x258a25]
V  [jvm.dll+0xb29cc]
V  [jvm.dll+0xb2f8c]
V  [jvm.dll+0x5533c3]
V  [jvm.dll+0x32fe24]
V  [jvm.dll+0x32f1da]
V  [jvm.dll+0x21172d]
V  [jvm.dll+0x2106f8]
V  [jvm.dll+0x18c841]
V  [jvm.dll+0x220989]
V  [jvm.dll+0x21ecac]
V  [jvm.dll+0x766921]
V  [jvm.dll+0x75f2e4]
V  [jvm.dll+0x65ecc5]
C  [ucrtbase.dll+0x210b2]
C  [KERNEL32.DLL+0x17c24]
C  [ntdll.dll+0x6d721]


---------------  P R O C E S S  ---------------

Threads class SMR info:
_java_thread_list=0x0000021efd8c49c0, length=17, elements={
0x0000021ed3e48800, 0x0000021ef7f32000, 0x0000021ef7f35000, 0x0000021ef7fa1800,
0x0000021ef7fa3800, 0x0000021ef7fa5000, 0x0000021ef7fa8000, 0x0000021ef7fa9000,
0x0000021ef7faa800, 0x0000021ef8134800, 0x0000021ef81f9000, 0x0000021ef82bc000,
0x0000021efa1bf800, 0x0000021efd627800, 0x0000021ef8d2c800, 0x0000021efd520800,
0x0000021ef9eda000
}

Java Threads: ( => current thread )
  0x0000021ed3e48800 JavaThread "main" [_thread_in_vm, id=17960, stack(0x000000e595800000,0x000000e595900000)]
  0x0000021ef7f32000 JavaThread "Reference Handler" daemon [_thread_blocked, id=17612, stack(0x000000e595f00000,0x000000e596000000)]
  0x0000021ef7f35000 JavaThread "Finalizer" daemon [_thread_blocked, id=15148, stack(0x000000e596000000,0x000000e596100000)]
  0x0000021ef7fa1800 JavaThread "Signal Dispatcher" daemon [_thread_blocked, id=16400, stack(0x000000e596100000,0x000000e596200000)]
  0x0000021ef7fa3800 JavaThread "Attach Listener" daemon [_thread_blocked, id=10232, stack(0x000000e596200000,0x000000e596300000)]
  0x0000021ef7fa5000 JavaThread "Service Thread" daemon [_thread_blocked, id=17392, stack(0x000000e596300000,0x000000e596400000)]
=>0x0000021ef7fa8000 JavaThread "C2 CompilerThread0" daemon [_thread_in_native, id=18012, stack(0x000000e596400000,0x000000e596500000)]
  0x0000021ef7fa9000 JavaThread "C1 CompilerThread0" daemon [_thread_blocked, id=16828, stack(0x000000e596500000,0x000000e596600000)]
  0x0000021ef7faa800 JavaThread "Sweeper thread" daemon [_thread_blocked, id=14996, stack(0x000000e596600000,0x000000e596700000)]
  0x0000021ef8134800 JavaThread "Common-Cleaner" daemon [_thread_blocked, id=17532, stack(0x000000e596800000,0x000000e596900000)]
  0x0000021ef81f9000 JavaThread "surefire-forkedjvm-command-thread" daemon [_thread_in_native, id=18020, stack(0x000000e596900000,0x000000e596a00000)]
  0x0000021ef82bc000 JavaThread "surefire-forkedjvm-ping-30s" daemon [_thread_in_native, id=16228, stack(0x000000e596a00000,0x000000e596b00000)]
  0x0000021efa1bf800 JavaThread "mysql-cj-abandoned-connection-cleanup" daemon [_thread_blocked, id=16724, stack(0x000000e597300000,0x000000e597400000)]
  0x0000021efd627800 JavaThread "HikariPool-1 housekeeper" daemon [_thread_blocked, id=15564, stack(0x000000e597000000,0x000000e597100000)]
  0x0000021ef8d2c800 JavaThread "HikariPool-1 connection adder" daemon [_thread_blocked, id=15384, stack(0x000000e597500000,0x000000e597600000)]
  0x0000021efd520800 JavaThread "C2 CompilerThread1" daemon [_thread_in_native, id=16192, stack(0x000000e597600000,0x000000e597700000)]
  0x0000021ef9eda000 JavaThread "C2 CompilerThread2" daemon [_thread_in_native, id=13944, stack(0x000000e597700000,0x000000e597800000)]

Other Threads:
  0x0000021ef7f01800 VMThread "VM Thread" [stack: 0x000000e595e00000,0x000000e595f00000] [id=18036]
  0x0000021ef8133800 WatcherThread [stack: 0x000000e596700000,0x000000e596800000] [id=17972]
  0x0000021ed3e5f000 GCTaskThread "GC Thread#0" [stack: 0x000000e595900000,0x000000e595a00000] [id=18100]
  0x0000021ef82d5000 GCTaskThread "GC Thread#1" [stack: 0x000000e596b00000,0x000000e596c00000] [id=17856]
  0x0000021ef82d5800 GCTaskThread "GC Thread#2" [stack: 0x000000e596c00000,0x000000e596d00000] [id=9816]
  0x0000021ef82d3800 GCTaskThread "GC Thread#3" [stack: 0x000000e596d00000,0x000000e596e00000] [id=16584]
  0x0000021ef82d4000 GCTaskThread "GC Thread#4" [stack: 0x000000e596e00000,0x000000e596f00000] [id=16376]
  0x0000021ef82d2800 GCTaskThread "GC Thread#5" [stack: 0x000000e596f00000,0x000000e597000000] [id=2916]
  0x0000021ed3ebd800 ConcurrentGCThread "G1 Main Marker" [stack: 0x000000e595a00000,0x000000e595b00000] [id=18084]
  0x0000021ed3ec0000 ConcurrentGCThread "G1 Conc#0" [stack: 0x000000e595b00000,0x000000e595c00000] [id=18048]
  0x0000021ef927d000 ConcurrentGCThread "G1 Conc#1" [stack: 0x000000e597100000,0x000000e597200000] [id=16508]
  0x0000021ef701a000 ConcurrentGCThread "G1 Refine#0" [stack: 0x000000e595c00000,0x000000e595d00000] [id=18212]
  0x0000021ef701b000 ConcurrentGCThread "G1 Young RemSet Sampling" [stack: 0x000000e595d00000,0x000000e595e00000] [id=18044]

Threads with active compile tasks:
C2 CompilerThread0    23300 4508       4       org.springframework.core.annotation.TypeMappedAnnotations::get (52 bytes)
C2 CompilerThread1    23300 4677       4       java.util.StringJoiner::toString (181 bytes)
C2 CompilerThread2    23300 4645       4       org.springframework.core.ResolvableType::forType (115 bytes)

VM state:not at safepoint (normal execution)

VM Mutex/Monitor currently owned by a thread:  ([mutex/lock_event])
[0x0000021ed3e44c40] SymbolTable_lock - owner thread: 0x0000021ed3e48800

Heap address: 0x0000000701200000, size: 4078 MB, Compressed Oops mode: Zero based, Oop shift amount: 3
Narrow klass base: 0x0000000800000000, Narrow klass shift: 0
Compressed class space size: 1073741824 Address: 0x0000000800000000

Heap:
 garbage-first heap   total 262144K, used 71157K [0x0000000701200000, 0x0000000800000000)
  region size 1024K, 65 young (66560K), 9 survivors (9216K)
 Metaspace       used 44392K, capacity 45670K, committed 45904K, reserved 1089536K
  class space    used 5226K, capacity 5763K, committed 5888K, reserved 1048576K
Heap Regions: E=young(eden), S=young(survivor), O=old, HS=humongous(starts), HC=humongous(continues), CS=collection set, F=free, A=archive, TAMS=top-at-mark-start (previous, next)
|   0|0x0000000701200000, 0x0000000701300000, 0x0000000701300000|100%| O|  |TAMS 0x0000000701300000, 0x0000000701200000| Untracked 
|   1|0x0000000701300000, 0x0000000701400000, 0x0000000701400000|100%| O|  |TAMS 0x0000000701400000, 0x0000000701300000| Untracked 
|   2|0x0000000701400000, 0x0000000701500000, 0x0000000701500000|100%| O|  |TAMS 0x0000000701500000, 0x0000000701400000| Untracked 
|   3|0x0000000701500000, 0x0000000701600000, 0x0000000701600000|100%| O|  |TAMS 0x0000000701600000, 0x0000000701500000| Untracked 
|   4|0x0000000701600000, 0x0000000701700000, 0x0000000701700000|100%| O|  |TAMS 0x0000000701700000, 0x0000000701600000| Untracked 
|   5|0x0000000701700000, 0x0000000701800000, 0x0000000701800000|100%| O|  |TAMS 0x0000000701800000, 0x0000000701700000| Untracked 
|   6|0x0000000701800000, 0x0000000701814a00, 0x0000000701900000|  8%| O|  |TAMS 0x0000000701814a00, 0x0000000701800000| Untracked 
|   7|0x0000000701900000, 0x0000000701900000, 0x0000000701a00000|  0%| F|  |TAMS 0x0000000701900000, 0x0000000701900000| Untracked 
|   8|0x0000000701a00000, 0x0000000701a00000, 0x0000000701b00000|  0%| F|  |TAMS 0x0000000701a00000, 0x0000000701a00000| Untracked 
|   9|0x0000000701b00000, 0x0000000701b00000, 0x0000000701c00000|  0%| F|  |TAMS 0x0000000701b00000, 0x0000000701b00000| Untracked 
|  10|0x0000000701c00000, 0x0000000701c00000, 0x0000000701d00000|  0%| F|  |TAMS 0x0000000701c00000, 0x0000000701c00000| Untracked 
|  11|0x0000000701d00000, 0x0000000701d00000, 0x0000000701e00000|  0%| F|  |TAMS 0x0000000701d00000, 0x0000000701d00000| Untracked 
|  12|0x0000000701e00000, 0x0000000701e00000, 0x0000000701f00000|  0%| F|  |TAMS 0x0000000701e00000, 0x0000000701e00000| Untracked 
|  13|0x0000000701f00000, 0x0000000701f00000, 0x0000000702000000|  0%| F|  |TAMS 0x0000000701f00000, 0x0000000701f00000| Untracked 
|  14|0x0000000702000000, 0x0000000702000000, 0x0000000702100000|  0%| F|  |TAMS 0x0000000702000000, 0x0000000702000000| Untracked 
|  15|0x0000000702100000, 0x0000000702100000, 0x0000000702200000|  0%| F|  |TAMS 0x0000000702100000, 0x0000000702100000| Untracked 
|  16|0x0000000702200000, 0x0000000702200000, 0x0000000702300000|  0%| F|  |TAMS 0x0000000702200000, 0x0000000702200000| Untracked 
|  17|0x0000000702300000, 0x0000000702300000, 0x0000000702400000|  0%| F|  |TAMS 0x0000000702300000, 0x0000000702300000| Untracked 
|  18|0x0000000702400000, 0x0000000702400000, 0x0000000702500000|  0%| F|  |TAMS 0x0000000702400000, 0x0000000702400000| Untracked 
|  19|0x0000000702500000, 0x0000000702500000, 0x0000000702600000|  0%| F|  |TAMS 0x0000000702500000, 0x0000000702500000| Untracked 
|  20|0x0000000702600000, 0x0000000702600000, 0x0000000702700000|  0%| F|  |TAMS 0x0000000702600000, 0x0000000702600000| Untracked 
|  21|0x0000000702700000, 0x0000000702700000, 0x0000000702800000|  0%| F|  |TAMS 0x0000000702700000, 0x0000000702700000| Untracked 
|  22|0x0000000702800000, 0x0000000702800000, 0x0000000702900000|  0%| F|  |TAMS 0x0000000702800000, 0x0000000702800000| Untracked 
|  23|0x0000000702900000, 0x0000000702900000, 0x0000000702a00000|  0%| F|  |TAMS 0x0000000702900000, 0x0000000702900000| Untracked 
|  24|0x0000000702a00000, 0x0000000702a00000, 0x0000000702b00000|  0%| F|  |TAMS 0x0000000702a00000, 0x0000000702a00000| Untracked 
|  25|0x0000000702b00000, 0x0000000702b00000, 0x0000000702c00000|  0%| F|  |TAMS 0x0000000702b00000, 0x0000000702b00000| Untracked 
|  26|0x0000000702c00000, 0x0000000702c00000, 0x0000000702d00000|  0%| F|  |TAMS 0x0000000702c00000, 0x0000000702c00000| Untracked 
|  27|0x0000000702d00000, 0x0000000702d00000, 0x0000000702e00000|  0%| F|  |TAMS 0x0000000702d00000, 0x0000000702d00000| Untracked 
|  28|0x0000000702e00000, 0x0000000702e00000, 0x0000000702f00000|  0%| F|  |TAMS 0x0000000702e00000, 0x0000000702e00000| Untracked 
|  29|0x0000000702f00000, 0x0000000702f00000, 0x0000000703000000|  0%| F|  |TAMS 0x0000000702f00000, 0x0000000702f00000| Untracked 
|  30|0x0000000703000000, 0x0000000703000000, 0x0000000703100000|  0%| F|  |TAMS 0x0000000703000000, 0x0000000703000000| Untracked 
|  31|0x0000000703100000, 0x0000000703100000, 0x0000000703200000|  0%| F|  |TAMS 0x0000000703100000, 0x0000000703100000| Untracked 
|  32|0x0000000703200000, 0x0000000703200000, 0x0000000703300000|  0%| F|  |TAMS 0x0000000703200000, 0x0000000703200000| Untracked 
|  33|0x0000000703300000, 0x0000000703300000, 0x0000000703400000|  0%| F|  |TAMS 0x0000000703300000, 0x0000000703300000| Untracked 
|  34|0x0000000703400000, 0x0000000703400000, 0x0000000703500000|  0%| F|  |TAMS 0x0000000703400000, 0x0000000703400000| Untracked 
|  35|0x0000000703500000, 0x0000000703500000, 0x0000000703600000|  0%| F|  |TAMS 0x0000000703500000, 0x0000000703500000| Untracked 
|  36|0x0000000703600000, 0x0000000703600000, 0x0000000703700000|  0%| F|  |TAMS 0x0000000703600000, 0x0000000703600000| Untracked 
|  37|0x0000000703700000, 0x0000000703700000, 0x0000000703800000|  0%| F|  |TAMS 0x0000000703700000, 0x0000000703700000| Untracked 
|  38|0x0000000703800000, 0x0000000703800000, 0x0000000703900000|  0%| F|  |TAMS 0x0000000703800000, 0x0000000703800000| Untracked 
|  39|0x0000000703900000, 0x0000000703900000, 0x0000000703a00000|  0%| F|  |TAMS 0x0000000703900000, 0x0000000703900000| Untracked 
|  40|0x0000000703a00000, 0x0000000703a00000, 0x0000000703b00000|  0%| F|  |TAMS 0x0000000703a00000, 0x0000000703a00000| Untracked 
|  41|0x0000000703b00000, 0x0000000703b00000, 0x0000000703c00000|  0%| F|  |TAMS 0x0000000703b00000, 0x0000000703b00000| Untracked 
|  42|0x0000000703c00000, 0x0000000703c00000, 0x0000000703d00000|  0%| F|  |TAMS 0x0000000703c00000, 0x0000000703c00000| Untracked 
|  43|0x0000000703d00000, 0x0000000703d00000, 0x0000000703e00000|  0%| F|  |TAMS 0x0000000703d00000, 0x0000000703d00000| Untracked 
|  44|0x0000000703e00000, 0x0000000703e00000, 0x0000000703f00000|  0%| F|  |TAMS 0x0000000703e00000, 0x0000000703e00000| Untracked 
|  45|0x0000000703f00000, 0x0000000703f00000, 0x0000000704000000|  0%| F|  |TAMS 0x0000000703f00000, 0x0000000703f00000| Untracked 
|  46|0x0000000704000000, 0x0000000704000000, 0x0000000704100000|  0%| F|  |TAMS 0x0000000704000000, 0x0000000704000000| Untracked 
|  47|0x0000000704100000, 0x0000000704100000, 0x0000000704200000|  0%| F|  |TAMS 0x0000000704100000, 0x0000000704100000| Untracked 
|  48|0x0000000704200000, 0x0000000704200000, 0x0000000704300000|  0%| F|  |TAMS 0x0000000704200000, 0x0000000704200000| Untracked 
|  49|0x0000000704300000, 0x0000000704300000, 0x0000000704400000|  0%| F|  |TAMS 0x0000000704300000, 0x0000000704300000| Untracked 
|  50|0x0000000704400000, 0x0000000704400000, 0x0000000704500000|  0%| F|  |TAMS 0x0000000704400000, 0x0000000704400000| Untracked 
|  51|0x0000000704500000, 0x0000000704500000, 0x0000000704600000|  0%| F|  |TAMS 0x0000000704500000, 0x0000000704500000| Untracked 
|  52|0x0000000704600000, 0x0000000704600000, 0x0000000704700000|  0%| F|  |TAMS 0x0000000704600000, 0x0000000704600000| Untracked 
|  53|0x0000000704700000, 0x0000000704700000, 0x0000000704800000|  0%| F|  |TAMS 0x0000000704700000, 0x0000000704700000| Untracked 
|  54|0x0000000704800000, 0x0000000704800000, 0x0000000704900000|  0%| F|  |TAMS 0x0000000704800000, 0x0000000704800000| Untracked 
|  55|0x0000000704900000, 0x0000000704900000, 0x0000000704a00000|  0%| F|  |TAMS 0x0000000704900000, 0x0000000704900000| Untracked 
|  56|0x0000000704a00000, 0x0000000704a00000, 0x0000000704b00000|  0%| F|  |TAMS 0x0000000704a00000, 0x0000000704a00000| Untracked 
|  57|0x0000000704b00000, 0x0000000704b00000, 0x0000000704c00000|  0%| F|  |TAMS 0x0000000704b00000, 0x0000000704b00000| Untracked 
|  58|0x0000000704c00000, 0x0000000704c00000, 0x0000000704d00000|  0%| F|  |TAMS 0x0000000704c00000, 0x0000000704c00000| Untracked 
|  59|0x0000000704d00000, 0x0000000704d00000, 0x0000000704e00000|  0%| F|  |TAMS 0x0000000704d00000, 0x0000000704d00000| Untracked 
|  60|0x0000000704e00000, 0x0000000704e00000, 0x0000000704f00000|  0%| F|  |TAMS 0x0000000704e00000, 0x0000000704e00000| Untracked 
|  61|0x0000000704f00000, 0x0000000704f00000, 0x0000000705000000|  0%| F|  |TAMS 0x0000000704f00000, 0x0000000704f00000| Untracked 
|  62|0x0000000705000000, 0x0000000705000000, 0x0000000705100000|  0%| F|  |TAMS 0x0000000705000000, 0x0000000705000000| Untracked 
|  63|0x0000000705100000, 0x0000000705100000, 0x0000000705200000|  0%| F|  |TAMS 0x0000000705100000, 0x0000000705100000| Untracked 
|  64|0x0000000705200000, 0x0000000705200000, 0x0000000705300000|  0%| F|  |TAMS 0x0000000705200000, 0x0000000705200000| Untracked 
|  65|0x0000000705300000, 0x0000000705300000, 0x0000000705400000|  0%| F|  |TAMS 0x0000000705300000, 0x0000000705300000| Untracked 
|  66|0x0000000705400000, 0x0000000705400000, 0x0000000705500000|  0%| F|  |TAMS 0x0000000705400000, 0x0000000705400000| Untracked 
|  67|0x0000000705500000, 0x0000000705500000, 0x0000000705600000|  0%| F|  |TAMS 0x0000000705500000, 0x0000000705500000| Untracked 
|  68|0x0000000705600000, 0x0000000705600000, 0x0000000705700000|  0%| F|  |TAMS 0x0000000705600000, 0x0000000705600000| Untracked 
|  69|0x0000000705700000, 0x0000000705700000, 0x0000000705800000|  0%| F|  |TAMS 0x0000000705700000, 0x0000000705700000| Untracked 
|  70|0x0000000705800000, 0x0000000705800000, 0x0000000705900000|  0%| F|  |TAMS 0x0000000705800000, 0x0000000705800000| Untracked 
|  71|0x0000000705900000, 0x0000000705900000, 0x0000000705a00000|  0%| F|  |TAMS 0x0000000705900000, 0x0000000705900000| Untracked 
|  72|0x0000000705a00000, 0x0000000705a00000, 0x0000000705b00000|  0%| F|  |TAMS 0x0000000705a00000, 0x0000000705a00000| Untracked 
|  73|0x0000000705b00000, 0x0000000705b00000, 0x0000000705c00000|  0%| F|  |TAMS 0x0000000705b00000, 0x0000000705b00000| Untracked 
|  74|0x0000000705c00000, 0x0000000705c00000, 0x0000000705d00000|  0%| F|  |TAMS 0x0000000705c00000, 0x0000000705c00000| Untracked 
|  75|0x0000000705d00000, 0x0000000705d00000, 0x0000000705e00000|  0%| F|  |TAMS 0x0000000705d00000, 0x0000000705d00000| Untracked 
|  76|0x0000000705e00000, 0x0000000705e00000, 0x0000000705f00000|  0%| F|  |TAMS 0x0000000705e00000, 0x0000000705e00000| Untracked 
|  77|0x0000000705f00000, 0x0000000705f00000, 0x0000000706000000|  0%| F|  |TAMS 0x0000000705f00000, 0x0000000705f00000| Untracked 
|  78|0x0000000706000000, 0x0000000706000000, 0x0000000706100000|  0%| F|  |TAMS 0x0000000706000000, 0x0000000706000000| Untracked 
|  79|0x0000000706100000, 0x0000000706100000, 0x0000000706200000|  0%| F|  |TAMS 0x0000000706100000, 0x0000000706100000| Untracked 
|  80|0x0000000706200000, 0x0000000706200000, 0x0000000706300000|  0%| F|  |TAMS 0x0000000706200000, 0x0000000706200000| Untracked 
|  81|0x0000000706300000, 0x0000000706300000, 0x0000000706400000|  0%| F|  |TAMS 0x0000000706300000, 0x0000000706300000| Untracked 
|  82|0x0000000706400000, 0x0000000706400000, 0x0000000706500000|  0%| F|  |TAMS 0x0000000706400000, 0x0000000706400000| Untracked 
|  83|0x0000000706500000, 0x0000000706500000, 0x0000000706600000|  0%| F|  |TAMS 0x0000000706500000, 0x0000000706500000| Untracked 
|  84|0x0000000706600000, 0x0000000706600000, 0x0000000706700000|  0%| F|  |TAMS 0x0000000706600000, 0x0000000706600000| Untracked 
|  85|0x0000000706700000, 0x0000000706700000, 0x0000000706800000|  0%| F|  |TAMS 0x0000000706700000, 0x0000000706700000| Untracked 
|  86|0x0000000706800000, 0x0000000706800000, 0x0000000706900000|  0%| F|  |TAMS 0x0000000706800000, 0x0000000706800000| Untracked 
|  87|0x0000000706900000, 0x0000000706900000, 0x0000000706a00000|  0%| F|  |TAMS 0x0000000706900000, 0x0000000706900000| Untracked 
|  88|0x0000000706a00000, 0x0000000706a00000, 0x0000000706b00000|  0%| F|  |TAMS 0x0000000706a00000, 0x0000000706a00000| Untracked 
|  89|0x0000000706b00000, 0x0000000706b00000, 0x0000000706c00000|  0%| F|  |TAMS 0x0000000706b00000, 0x0000000706b00000| Untracked 
|  90|0x0000000706c00000, 0x0000000706c00000, 0x0000000706d00000|  0%| F|  |TAMS 0x0000000706c00000, 0x0000000706c00000| Untracked 
|  91|0x0000000706d00000, 0x0000000706d00000, 0x0000000706e00000|  0%| F|  |TAMS 0x0000000706d00000, 0x0000000706d00000| Untracked 
|  92|0x0000000706e00000, 0x0000000706e00000, 0x0000000706f00000|  0%| F|  |TAMS 0x0000000706e00000, 0x0000000706e00000| Untracked 
|  93|0x0000000706f00000, 0x0000000706f00000, 0x0000000707000000|  0%| F|  |TAMS 0x0000000706f00000, 0x0000000706f00000| Untracked 
|  94|0x0000000707000000, 0x0000000707000000, 0x0000000707100000|  0%| F|  |TAMS 0x0000000707000000, 0x0000000707000000| Untracked 
|  95|0x0000000707100000, 0x0000000707100000, 0x0000000707200000|  0%| F|  |TAMS 0x0000000707100000, 0x0000000707100000| Untracked 
|  96|0x0000000707200000, 0x0000000707200000, 0x0000000707300000|  0%| F|  |TAMS 0x0000000707200000, 0x0000000707200000| Untracked 
|  97|0x0000000707300000, 0x0000000707300000, 0x0000000707400000|  0%| F|  |TAMS 0x0000000707300000, 0x0000000707300000| Untracked 
|  98|0x0000000707400000, 0x0000000707400000, 0x0000000707500000|  0%| F|  |TAMS 0x0000000707400000, 0x0000000707400000| Untracked 
|  99|0x0000000707500000, 0x0000000707500000, 0x0000000707600000|  0%| F|  |TAMS 0x0000000707500000, 0x0000000707500000| Untracked 
| 100|0x0000000707600000, 0x0000000707600000, 0x0000000707700000|  0%| F|  |TAMS 0x0000000707600000, 0x0000000707600000| Untracked 
| 101|0x0000000707700000, 0x0000000707700000, 0x0000000707800000|  0%| F|  |TAMS 0x0000000707700000, 0x0000000707700000| Untracked 
| 102|0x0000000707800000, 0x0000000707800000, 0x0000000707900000|  0%| F|  |TAMS 0x0000000707800000, 0x0000000707800000| Untracked 
| 103|0x0000000707900000, 0x0000000707900000, 0x0000000707a00000|  0%| F|  |TAMS 0x0000000707900000, 0x0000000707900000| Untracked 
| 104|0x0000000707a00000, 0x0000000707a00000, 0x0000000707b00000|  0%| F|  |TAMS 0x0000000707a00000, 0x0000000707a00000| Untracked 
| 105|0x0000000707b00000, 0x0000000707b00000, 0x0000000707c00000|  0%| F|  |TAMS 0x0000000707b00000, 0x0000000707b00000| Untracked 
| 106|0x0000000707c00000, 0x0000000707c00000, 0x0000000707d00000|  0%| F|  |TAMS 0x0000000707c00000, 0x0000000707c00000| Untracked 
| 107|0x0000000707d00000, 0x0000000707d00000, 0x0000000707e00000|  0%| F|  |TAMS 0x0000000707d00000, 0x0000000707d00000| Untracked 
| 108|0x0000000707e00000, 0x0000000707e00000, 0x0000000707f00000|  0%| F|  |TAMS 0x0000000707e00000, 0x0000000707e00000| Untracked 
| 109|0x0000000707f00000, 0x0000000707f00000, 0x0000000708000000|  0%| F|  |TAMS 0x0000000707f00000, 0x0000000707f00000| Untracked 
| 110|0x0000000708000000, 0x0000000708000000, 0x0000000708100000|  0%| F|  |TAMS 0x0000000708000000, 0x0000000708000000| Untracked 
| 111|0x0000000708100000, 0x0000000708100000, 0x0000000708200000|  0%| F|  |TAMS 0x0000000708100000, 0x0000000708100000| Untracked 
| 112|0x0000000708200000, 0x0000000708200000, 0x0000000708300000|  0%| F|  |TAMS 0x0000000708200000, 0x0000000708200000| Untracked 
| 113|0x0000000708300000, 0x0000000708300000, 0x0000000708400000|  0%| F|  |TAMS 0x0000000708300000, 0x0000000708300000| Untracked 
| 114|0x0000000708400000, 0x0000000708400000, 0x0000000708500000|  0%| F|  |TAMS 0x0000000708400000, 0x0000000708400000| Untracked 
| 115|0x0000000708500000, 0x0000000708500000, 0x0000000708600000|  0%| F|  |TAMS 0x0000000708500000, 0x0000000708500000| Untracked 
| 116|0x0000000708600000, 0x0000000708600000, 0x0000000708700000|  0%| F|  |TAMS 0x0000000708600000, 0x0000000708600000| Untracked 
| 117|0x0000000708700000, 0x0000000708700000, 0x0000000708800000|  0%| F|  |TAMS 0x0000000708700000, 0x0000000708700000| Untracked 
| 118|0x0000000708800000, 0x0000000708800000, 0x0000000708900000|  0%| F|  |TAMS 0x0000000708800000, 0x0000000708800000| Untracked 
| 119|0x0000000708900000, 0x0000000708900000, 0x0000000708a00000|  0%| F|  |TAMS 0x0000000708900000, 0x0000000708900000| Untracked 
| 120|0x0000000708a00000, 0x0000000708a00000, 0x0000000708b00000|  0%| F|  |TAMS 0x0000000708a00000, 0x0000000708a00000| Untracked 
| 121|0x0000000708b00000, 0x0000000708b00000, 0x0000000708c00000|  0%| F|  |TAMS 0x0000000708b00000, 0x0000000708b00000| Untracked 
| 122|0x0000000708c00000, 0x0000000708c00000, 0x0000000708d00000|  0%| F|  |TAMS 0x0000000708c00000, 0x0000000708c00000| Untracked 
| 123|0x0000000708d00000, 0x0000000708d00000, 0x0000000708e00000|  0%| F|  |TAMS 0x0000000708d00000, 0x0000000708d00000| Untracked 
| 124|0x0000000708e00000, 0x0000000708e00000, 0x0000000708f00000|  0%| F|  |TAMS 0x0000000708e00000, 0x0000000708e00000| Untracked 
| 125|0x0000000708f00000, 0x0000000708f00000, 0x0000000709000000|  0%| F|  |TAMS 0x0000000708f00000, 0x0000000708f00000| Untracked 
| 126|0x0000000709000000, 0x0000000709000000, 0x0000000709100000|  0%| F|  |TAMS 0x0000000709000000, 0x0000000709000000| Untracked 
| 127|0x0000000709100000, 0x0000000709100000, 0x0000000709200000|  0%| F|  |TAMS 0x0000000709100000, 0x0000000709100000| Untracked 
| 128|0x0000000709200000, 0x0000000709200000, 0x0000000709300000|  0%| F|  |TAMS 0x0000000709200000, 0x0000000709200000| Untracked 
| 129|0x0000000709300000, 0x0000000709300000, 0x0000000709400000|  0%| F|  |TAMS 0x0000000709300000, 0x0000000709300000| Untracked 
| 130|0x0000000709400000, 0x0000000709400000, 0x0000000709500000|  0%| F|  |TAMS 0x0000000709400000, 0x0000000709400000| Untracked 
| 131|0x0000000709500000, 0x0000000709500000, 0x0000000709600000|  0%| F|  |TAMS 0x0000000709500000, 0x0000000709500000| Untracked 
| 132|0x0000000709600000, 0x0000000709600000, 0x0000000709700000|  0%| F|  |TAMS 0x0000000709600000, 0x0000000709600000| Untracked 
| 133|0x0000000709700000, 0x0000000709700000, 0x0000000709800000|  0%| F|  |TAMS 0x0000000709700000, 0x0000000709700000| Untracked 
| 134|0x0000000709800000, 0x0000000709800000, 0x0000000709900000|  0%| F|  |TAMS 0x0000000709800000, 0x0000000709800000| Untracked 
| 135|0x0000000709900000, 0x0000000709900000, 0x0000000709a00000|  0%| F|  |TAMS 0x0000000709900000, 0x0000000709900000| Untracked 
| 136|0x0000000709a00000, 0x0000000709a00000, 0x0000000709b00000|  0%| F|  |TAMS 0x0000000709a00000, 0x0000000709a00000| Untracked 
| 137|0x0000000709b00000, 0x0000000709b00000, 0x0000000709c00000|  0%| F|  |TAMS 0x0000000709b00000, 0x0000000709b00000| Untracked 
| 138|0x0000000709c00000, 0x0000000709c00000, 0x0000000709d00000|  0%| F|  |TAMS 0x0000000709c00000, 0x0000000709c00000| Untracked 
| 139|0x0000000709d00000, 0x0000000709d00000, 0x0000000709e00000|  0%| F|  |TAMS 0x0000000709d00000, 0x0000000709d00000| Untracked 
| 140|0x0000000709e00000, 0x0000000709e00000, 0x0000000709f00000|  0%| F|  |TAMS 0x0000000709e00000, 0x0000000709e00000| Untracked 
| 141|0x0000000709f00000, 0x0000000709f00000, 0x000000070a000000|  0%| F|  |TAMS 0x0000000709f00000, 0x0000000709f00000| Untracked 
| 142|0x000000070a000000, 0x000000070a000000, 0x000000070a100000|  0%| F|  |TAMS 0x000000070a000000, 0x000000070a000000| Untracked 
| 143|0x000000070a100000, 0x000000070a100000, 0x000000070a200000|  0%| F|  |TAMS 0x000000070a100000, 0x000000070a100000| Untracked 
| 144|0x000000070a200000, 0x000000070a200000, 0x000000070a300000|  0%| F|  |TAMS 0x000000070a200000, 0x000000070a200000| Untracked 
| 145|0x000000070a300000, 0x000000070a300000, 0x000000070a400000|  0%| F|  |TAMS 0x000000070a300000, 0x000000070a300000| Untracked 
| 146|0x000000070a400000, 0x000000070a400000, 0x000000070a500000|  0%| F|  |TAMS 0x000000070a400000, 0x000000070a400000| Untracked 
| 147|0x000000070a500000, 0x000000070a500000, 0x000000070a600000|  0%| F|  |TAMS 0x000000070a500000, 0x000000070a500000| Untracked 
| 148|0x000000070a600000, 0x000000070a600000, 0x000000070a700000|  0%| F|  |TAMS 0x000000070a600000, 0x000000070a600000| Untracked 
| 149|0x000000070a700000, 0x000000070a700000, 0x000000070a800000|  0%| F|  |TAMS 0x000000070a700000, 0x000000070a700000| Untracked 
| 150|0x000000070a800000, 0x000000070a800000, 0x000000070a900000|  0%| F|  |TAMS 0x000000070a800000, 0x000000070a800000| Untracked 
| 151|0x000000070a900000, 0x000000070a900000, 0x000000070aa00000|  0%| F|  |TAMS 0x000000070a900000, 0x000000070a900000| Untracked 
| 152|0x000000070aa00000, 0x000000070aa00000, 0x000000070ab00000|  0%| F|  |TAMS 0x000000070aa00000, 0x000000070aa00000| Untracked 
| 153|0x000000070ab00000, 0x000000070ab00000, 0x000000070ac00000|  0%| F|  |TAMS 0x000000070ab00000, 0x000000070ab00000| Untracked 
| 154|0x000000070ac00000, 0x000000070ac00000, 0x000000070ad00000|  0%| F|  |TAMS 0x000000070ac00000, 0x000000070ac00000| Untracked 
| 155|0x000000070ad00000, 0x000000070ad00000, 0x000000070ae00000|  0%| F|  |TAMS 0x000000070ad00000, 0x000000070ad00000| Untracked 
| 156|0x000000070ae00000, 0x000000070ae00000, 0x000000070af00000|  0%| F|  |TAMS 0x000000070ae00000, 0x000000070ae00000| Untracked 
| 157|0x000000070af00000, 0x000000070af00000, 0x000000070b000000|  0%| F|  |TAMS 0x000000070af00000, 0x000000070af00000| Untracked 
| 158|0x000000070b000000, 0x000000070b000000, 0x000000070b100000|  0%| F|  |TAMS 0x000000070b000000, 0x000000070b000000| Untracked 
| 159|0x000000070b100000, 0x000000070b100000, 0x000000070b200000|  0%| F|  |TAMS 0x000000070b100000, 0x000000070b100000| Untracked 
| 160|0x000000070b200000, 0x000000070b200000, 0x000000070b300000|  0%| F|  |TAMS 0x000000070b200000, 0x000000070b200000| Untracked 
| 161|0x000000070b300000, 0x000000070b300000, 0x000000070b400000|  0%| F|  |TAMS 0x000000070b300000, 0x000000070b300000| Untracked 
| 162|0x000000070b400000, 0x000000070b400000, 0x000000070b500000|  0%| F|  |TAMS 0x000000070b400000, 0x000000070b400000| Untracked 
| 163|0x000000070b500000, 0x000000070b500000, 0x000000070b600000|  0%| F|  |TAMS 0x000000070b500000, 0x000000070b500000| Untracked 
| 164|0x000000070b600000, 0x000000070b600000, 0x000000070b700000|  0%| F|  |TAMS 0x000000070b600000, 0x000000070b600000| Untracked 
| 165|0x000000070b700000, 0x000000070b700000, 0x000000070b800000|  0%| F|  |TAMS 0x000000070b700000, 0x000000070b700000| Untracked 
| 166|0x000000070b800000, 0x000000070b800000, 0x000000070b900000|  0%| F|  |TAMS 0x000000070b800000, 0x000000070b800000| Untracked 
| 167|0x000000070b900000, 0x000000070b900000, 0x000000070ba00000|  0%| F|  |TAMS 0x000000070b900000, 0x000000070b900000| Untracked 
| 168|0x000000070ba00000, 0x000000070ba00000, 0x000000070bb00000|  0%| F|  |TAMS 0x000000070ba00000, 0x000000070ba00000| Untracked 
| 169|0x000000070bb00000, 0x000000070bb00000, 0x000000070bc00000|  0%| F|  |TAMS 0x000000070bb00000, 0x000000070bb00000| Untracked 
| 170|0x000000070bc00000, 0x000000070bc00000, 0x000000070bd00000|  0%| F|  |TAMS 0x000000070bc00000, 0x000000070bc00000| Untracked 
| 171|0x000000070bd00000, 0x000000070bd00000, 0x000000070be00000|  0%| F|  |TAMS 0x000000070bd00000, 0x000000070bd00000| Untracked 
| 172|0x000000070be00000, 0x000000070be00000, 0x000000070bf00000|  0%| F|  |TAMS 0x000000070be00000, 0x000000070be00000| Untracked 
| 173|0x000000070bf00000, 0x000000070bf00000, 0x000000070c000000|  0%| F|  |TAMS 0x000000070bf00000, 0x000000070bf00000| Untracked 
| 174|0x000000070c000000, 0x000000070c000000, 0x000000070c100000|  0%| F|  |TAMS 0x000000070c000000, 0x000000070c000000| Untracked 
| 175|0x000000070c100000, 0x000000070c100000, 0x000000070c200000|  0%| F|  |TAMS 0x000000070c100000, 0x000000070c100000| Untracked 
| 176|0x000000070c200000, 0x000000070c200000, 0x000000070c300000|  0%| F|  |TAMS 0x000000070c200000, 0x000000070c200000| Untracked 
| 177|0x000000070c300000, 0x000000070c300000, 0x000000070c400000|  0%| F|  |TAMS 0x000000070c300000, 0x000000070c300000| Untracked 
| 178|0x000000070c400000, 0x000000070c400000, 0x000000070c500000|  0%| F|  |TAMS 0x000000070c400000, 0x000000070c400000| Untracked 
| 179|0x000000070c500000, 0x000000070c500000, 0x000000070c600000|  0%| F|  |TAMS 0x000000070c500000, 0x000000070c500000| Untracked 
| 180|0x000000070c600000, 0x000000070c600000, 0x000000070c700000|  0%| F|  |TAMS 0x000000070c600000, 0x000000070c600000| Untracked 
| 181|0x000000070c700000, 0x000000070c700000, 0x000000070c800000|  0%| F|  |TAMS 0x000000070c700000, 0x000000070c700000| Untracked 
| 182|0x000000070c800000, 0x000000070c800000, 0x000000070c900000|  0%| F|  |TAMS 0x000000070c800000, 0x000000070c800000| Untracked 
| 183|0x000000070c900000, 0x000000070c900000, 0x000000070ca00000|  0%| F|  |TAMS 0x000000070c900000, 0x000000070c900000| Untracked 
| 184|0x000000070ca00000, 0x000000070ca00000, 0x000000070cb00000|  0%| F|  |TAMS 0x000000070ca00000, 0x000000070ca00000| Untracked 
| 185|0x000000070cb00000, 0x000000070cb00000, 0x000000070cc00000|  0%| F|  |TAMS 0x000000070cb00000, 0x000000070cb00000| Untracked 
| 186|0x000000070cc00000, 0x000000070cc00000, 0x000000070cd00000|  0%| F|  |TAMS 0x000000070cc00000, 0x000000070cc00000| Untracked 
| 187|0x000000070cd00000, 0x000000070cd00000, 0x000000070ce00000|  0%| F|  |TAMS 0x000000070cd00000, 0x000000070cd00000| Untracked 
| 188|0x000000070ce00000, 0x000000070ce00000, 0x000000070cf00000|  0%| F|  |TAMS 0x000000070ce00000, 0x000000070ce00000| Untracked 
| 189|0x000000070cf00000, 0x000000070cf00000, 0x000000070d000000|  0%| F|  |TAMS 0x000000070cf00000, 0x000000070cf00000| Untracked 
| 190|0x000000070d000000, 0x000000070d000000, 0x000000070d100000|  0%| F|  |TAMS 0x000000070d000000, 0x000000070d000000| Untracked 
| 191|0x000000070d100000, 0x000000070d200000, 0x000000070d200000|100%| E|  |TAMS 0x000000070d100000, 0x000000070d100000| Complete 
| 192|0x000000070d200000, 0x000000070d300000, 0x000000070d300000|100%| E|CS|TAMS 0x000000070d200000, 0x000000070d200000| Complete 
| 193|0x000000070d300000, 0x000000070d400000, 0x000000070d400000|100%| E|CS|TAMS 0x000000070d300000, 0x000000070d300000| Complete 
| 194|0x000000070d400000, 0x000000070d500000, 0x000000070d500000|100%| E|CS|TAMS 0x000000070d400000, 0x000000070d400000| Complete 
| 195|0x000000070d500000, 0x000000070d600000, 0x000000070d600000|100%| E|CS|TAMS 0x000000070d500000, 0x000000070d500000| Complete 
| 196|0x000000070d600000, 0x000000070d700000, 0x000000070d700000|100%| E|CS|TAMS 0x000000070d600000, 0x000000070d600000| Complete 
| 197|0x000000070d700000, 0x000000070d800000, 0x000000070d800000|100%| E|CS|TAMS 0x000000070d700000, 0x000000070d700000| Complete 
| 198|0x000000070d800000, 0x000000070d900000, 0x000000070d900000|100%| E|CS|TAMS 0x000000070d800000, 0x000000070d800000| Complete 
| 199|0x000000070d900000, 0x000000070da00000, 0x000000070da00000|100%| E|CS|TAMS 0x000000070d900000, 0x000000070d900000| Complete 
| 200|0x000000070da00000, 0x000000070db00000, 0x000000070db00000|100%| E|CS|TAMS 0x000000070da00000, 0x000000070da00000| Complete 
| 201|0x000000070db00000, 0x000000070dc00000, 0x000000070dc00000|100%| E|CS|TAMS 0x000000070db00000, 0x000000070db00000| Complete 
| 202|0x000000070dc00000, 0x000000070dd00000, 0x000000070dd00000|100%| E|CS|TAMS 0x000000070dc00000, 0x000000070dc00000| Complete 
| 203|0x000000070dd00000, 0x000000070de00000, 0x000000070de00000|100%| E|CS|TAMS 0x000000070dd00000, 0x000000070dd00000| Complete 
| 204|0x000000070de00000, 0x000000070df00000, 0x000000070df00000|100%| E|CS|TAMS 0x000000070de00000, 0x000000070de00000| Complete 
| 205|0x000000070df00000, 0x000000070e000000, 0x000000070e000000|100%| E|CS|TAMS 0x000000070df00000, 0x000000070df00000| Complete 
| 206|0x000000070e000000, 0x000000070e100000, 0x000000070e100000|100%| E|CS|TAMS 0x000000070e000000, 0x000000070e000000| Complete 
| 207|0x000000070e100000, 0x000000070e200000, 0x000000070e200000|100%| E|CS|TAMS 0x000000070e100000, 0x000000070e100000| Complete 
| 208|0x000000070e200000, 0x000000070e300000, 0x000000070e300000|100%| E|CS|TAMS 0x000000070e200000, 0x000000070e200000| Complete 
| 209|0x000000070e300000, 0x000000070e400000, 0x000000070e400000|100%| E|CS|TAMS 0x000000070e300000, 0x000000070e300000| Complete 
| 210|0x000000070e400000, 0x000000070e500000, 0x000000070e500000|100%| E|CS|TAMS 0x000000070e400000, 0x000000070e400000| Complete 
| 211|0x000000070e500000, 0x000000070e600000, 0x000000070e600000|100%| E|CS|TAMS 0x000000070e500000, 0x000000070e500000| Complete 
| 212|0x000000070e600000, 0x000000070e700000, 0x000000070e700000|100%| E|CS|TAMS 0x000000070e600000, 0x000000070e600000| Complete 
| 213|0x000000070e700000, 0x000000070e800000, 0x000000070e800000|100%| E|CS|TAMS 0x000000070e700000, 0x000000070e700000| Complete 
| 214|0x000000070e800000, 0x000000070e900000, 0x000000070e900000|100%| E|CS|TAMS 0x000000070e800000, 0x000000070e800000| Complete 
| 215|0x000000070e900000, 0x000000070ea00000, 0x000000070ea00000|100%| E|CS|TAMS 0x000000070e900000, 0x000000070e900000| Complete 
| 216|0x000000070ea00000, 0x000000070eb00000, 0x000000070eb00000|100%| E|CS|TAMS 0x000000070ea00000, 0x000000070ea00000| Complete 
| 217|0x000000070eb00000, 0x000000070ec00000, 0x000000070ec00000|100%| E|CS|TAMS 0x000000070eb00000, 0x000000070eb00000| Complete 
| 218|0x000000070ec00000, 0x000000070ed00000, 0x000000070ed00000|100%| E|CS|TAMS 0x000000070ec00000, 0x000000070ec00000| Complete 
| 219|0x000000070ed00000, 0x000000070ee00000, 0x000000070ee00000|100%| E|CS|TAMS 0x000000070ed00000, 0x000000070ed00000| Complete 
| 220|0x000000070ee00000, 0x000000070ef00000, 0x000000070ef00000|100%| E|CS|TAMS 0x000000070ee00000, 0x000000070ee00000| Complete 
| 221|0x000000070ef00000, 0x000000070f000000, 0x000000070f000000|100%| E|CS|TAMS 0x000000070ef00000, 0x000000070ef00000| Complete 
| 222|0x000000070f000000, 0x000000070f100000, 0x000000070f100000|100%| E|CS|TAMS 0x000000070f000000, 0x000000070f000000| Complete 
| 223|0x000000070f100000, 0x000000070f200000, 0x000000070f200000|100%| E|CS|TAMS 0x000000070f100000, 0x000000070f100000| Complete 
| 224|0x000000070f200000, 0x000000070f300000, 0x000000070f300000|100%| E|CS|TAMS 0x000000070f200000, 0x000000070f200000| Complete 
| 225|0x000000070f300000, 0x000000070f400000, 0x000000070f400000|100%| E|CS|TAMS 0x000000070f300000, 0x000000070f300000| Complete 
| 226|0x000000070f400000, 0x000000070f500000, 0x000000070f500000|100%| E|CS|TAMS 0x000000070f400000, 0x000000070f400000| Complete 
| 227|0x000000070f500000, 0x000000070f600000, 0x000000070f600000|100%| E|CS|TAMS 0x000000070f500000, 0x000000070f500000| Complete 
| 228|0x000000070f600000, 0x000000070f700000, 0x000000070f700000|100%| E|CS|TAMS 0x000000070f600000, 0x000000070f600000| Complete 
| 229|0x000000070f700000, 0x000000070f800000, 0x000000070f800000|100%| E|CS|TAMS 0x000000070f700000, 0x000000070f700000| Complete 
| 230|0x000000070f800000, 0x000000070f900000, 0x000000070f900000|100%| E|CS|TAMS 0x000000070f800000, 0x000000070f800000| Complete 
| 231|0x000000070f900000, 0x000000070f968a70, 0x000000070fa00000| 40%| S|CS|TAMS 0x000000070f900000, 0x000000070f900000| Complete 
| 232|0x000000070fa00000, 0x000000070fb00000, 0x000000070fb00000|100%| S|CS|TAMS 0x000000070fa00000, 0x000000070fa00000| Complete 
| 233|0x000000070fb00000, 0x000000070fc00000, 0x000000070fc00000|100%| S|CS|TAMS 0x000000070fb00000, 0x000000070fb00000| Complete 
| 234|0x000000070fc00000, 0x000000070fd00000, 0x000000070fd00000|100%| S|CS|TAMS 0x000000070fc00000, 0x000000070fc00000| Complete 
| 235|0x000000070fd00000, 0x000000070fe00000, 0x000000070fe00000|100%| S|CS|TAMS 0x000000070fd00000, 0x000000070fd00000| Complete 
| 236|0x000000070fe00000, 0x000000070ff00000, 0x000000070ff00000|100%| S|CS|TAMS 0x000000070fe00000, 0x000000070fe00000| Complete 
| 237|0x000000070ff00000, 0x0000000710000000, 0x0000000710000000|100%| S|CS|TAMS 0x000000070ff00000, 0x000000070ff00000| Complete 
| 238|0x0000000710000000, 0x0000000710100000, 0x0000000710100000|100%| S|CS|TAMS 0x0000000710000000, 0x0000000710000000| Complete 
| 239|0x0000000710100000, 0x0000000710200000, 0x0000000710200000|100%| S|CS|TAMS 0x0000000710100000, 0x0000000710100000| Complete 
| 240|0x0000000710200000, 0x0000000710300000, 0x0000000710300000|100%| E|CS|TAMS 0x0000000710200000, 0x0000000710200000| Complete 
| 241|0x0000000710300000, 0x0000000710400000, 0x0000000710400000|100%| E|CS|TAMS 0x0000000710300000, 0x0000000710300000| Complete 
| 242|0x0000000710400000, 0x0000000710500000, 0x0000000710500000|100%| E|CS|TAMS 0x0000000710400000, 0x0000000710400000| Complete 
| 243|0x0000000710500000, 0x0000000710600000, 0x0000000710600000|100%| E|CS|TAMS 0x0000000710500000, 0x0000000710500000| Complete 
| 244|0x0000000710600000, 0x0000000710700000, 0x0000000710700000|100%| E|CS|TAMS 0x0000000710600000, 0x0000000710600000| Complete 
| 245|0x0000000710700000, 0x0000000710800000, 0x0000000710800000|100%| E|CS|TAMS 0x0000000710700000, 0x0000000710700000| Complete 
| 246|0x0000000710800000, 0x0000000710900000, 0x0000000710900000|100%| E|CS|TAMS 0x0000000710800000, 0x0000000710800000| Complete 
| 247|0x0000000710900000, 0x0000000710a00000, 0x0000000710a00000|100%| E|CS|TAMS 0x0000000710900000, 0x0000000710900000| Complete 
| 248|0x0000000710a00000, 0x0000000710b00000, 0x0000000710b00000|100%| E|CS|TAMS 0x0000000710a00000, 0x0000000710a00000| Complete 
| 249|0x0000000710b00000, 0x0000000710c00000, 0x0000000710c00000|100%| E|CS|TAMS 0x0000000710b00000, 0x0000000710b00000| Complete 
| 250|0x0000000710c00000, 0x0000000710d00000, 0x0000000710d00000|100%| E|CS|TAMS 0x0000000710c00000, 0x0000000710c00000| Complete 
| 251|0x0000000710d00000, 0x0000000710e00000, 0x0000000710e00000|100%| E|CS|TAMS 0x0000000710d00000, 0x0000000710d00000| Complete 
| 252|0x0000000710e00000, 0x0000000710f00000, 0x0000000710f00000|100%| E|CS|TAMS 0x0000000710e00000, 0x0000000710e00000| Complete 
| 253|0x0000000710f00000, 0x0000000711000000, 0x0000000711000000|100%| E|CS|TAMS 0x0000000710f00000, 0x0000000710f00000| Complete 
| 254|0x0000000711000000, 0x0000000711100000, 0x0000000711100000|100%| E|CS|TAMS 0x0000000711000000, 0x0000000711000000| Complete 
| 255|0x0000000711100000, 0x0000000711200000, 0x0000000711200000|100%| E|CS|TAMS 0x0000000711100000, 0x0000000711100000| Complete 

Card table byte_map: [0x0000021eebb40000,0x0000021eec340000] _byte_map_base: 0x0000021ee8337000

Marking Bits (Prev, Next): (CMBitMap*) 0x0000021ed3eacaf8, (CMBitMap*) 0x0000021ed3eacb30
 Prev Bits: [0x0000021eecb40000, 0x0000021ef0af8000)
 Next Bits: [0x0000021ef0b00000, 0x0000021ef4ab8000)

Polling page: 0x0000021ed2590000

Metaspace:

Usage:
  Non-class:     38.97 MB capacity,    38.25 MB ( 98%) used,   587.25 KB (  1%) free+waste,   153.25 KB ( <1%) overhead. 
      Class:      5.63 MB capacity,     5.10 MB ( 91%) used,   458.73 KB (  8%) free+waste,    77.81 KB (  1%) overhead. 
       Both:     44.60 MB capacity,    43.35 MB ( 97%) used,     1.02 MB (  2%) free+waste,   231.06 KB ( <1%) overhead. 

Virtual space:
  Non-class space:       40.00 MB reserved,      39.08 MB ( 98%) committed 
      Class space:        1.00 GB reserved,       5.75 MB ( <1%) committed 
             Both:        1.04 GB reserved,      44.83 MB (  4%) committed 

Chunk freelists:
   Non-Class:  5.63 KB
       Class:  3.63 KB
        Both:  9.25 KB

CodeHeap 'non-profiled nmethods': size=120000Kb used=2650Kb max_used=2650Kb free=117349Kb
 bounds [0x0000021ee33b0000, 0x0000021ee3650000, 0x0000021eea8e0000]
CodeHeap 'profiled nmethods': size=120000Kb used=11053Kb max_used=11053Kb free=108946Kb
 bounds [0x0000021edbe80000, 0x0000021edc950000, 0x0000021ee33b0000]
CodeHeap 'non-nmethods': size=5760Kb used=1202Kb max_used=1226Kb free=4557Kb
 bounds [0x0000021edb8e0000, 0x0000021edbb50000, 0x0000021edbe80000]
 total_blobs=5269 nmethods=4714 adapters=466
 compilation: enabled
              stopped_count=0, restarted_count=0
 full_count=0

Compilation events (10 events):
Event: 23.186 Thread 0x0000021ef7fa9000 nmethod 4690 0x0000021edc92e490 code [0x0000021edc92e640, 0x0000021edc92e7f8]
Event: 23.186 Thread 0x0000021ef7fa9000 4691       3       org.springframework.beans.PropertyEditorRegistrySupport::<init> (15 bytes)
Event: 23.186 Thread 0x0000021ef7fa9000 nmethod 4691 0x0000021edc92e910 code [0x0000021edc92eaa0, 0x0000021edc92ebf8]
Event: 23.187 Thread 0x0000021ef7fa9000 4692       3       java.beans.FeatureDescriptor::addTable (20 bytes)
Event: 23.187 Thread 0x0000021ef7fa9000 nmethod 4692 0x0000021edc92ec90 code [0x0000021edc92eea0, 0x0000021edc92f3e8]
Event: 23.190 Thread 0x0000021ef7fa9000 4693  s    3       java.beans.PropertyDescriptor::setWriteMethod (19 bytes)
Event: 23.191 Thread 0x0000021ef7fa9000 nmethod 4693 0x0000021edc92f590 code [0x0000021edc92f7a0, 0x0000021edc92fe98]
Event: 23.191 Thread 0x0000021ef7fa9000 4694       3       java.beans.PropertyDescriptor::<init> (63 bytes)
Event: 23.191 Thread 0x0000021efd520800 nmethod 4646 0x0000021ee3643590 code [0x0000021ee36437a0, 0x0000021ee36447a8]
Event: 23.191 Thread 0x0000021efd520800 4677       4       java.util.StringJoiner::toString (181 bytes)

GC Heap History (10 events):
Event: 2.715 GC heap before
{Heap before GC invocations=0 (full 0):
 garbage-first heap   total 262144K, used 23552K [0x0000000701200000, 0x0000000800000000)
  region size 1024K, 24 young (24576K), 0 survivors (0K)
 Metaspace       used 12378K, capacity 12786K, committed 13056K, reserved 1060864K
  class space    used 1257K, capacity 1414K, committed 1536K, reserved 1048576K
}
Event: 4.086 GC heap after
{Heap after GC invocations=1 (full 0):
 garbage-first heap   total 262144K, used 6298K [0x0000000701200000, 0x0000000800000000)
  region size 1024K, 3 young (3072K), 3 survivors (3072K)
 Metaspace       used 12378K, capacity 12786K, committed 13056K, reserved 1060864K
  class space    used 1257K, capacity 1414K, committed 1536K, reserved 1048576K
}
Event: 7.528 GC heap before
{Heap before GC invocations=1 (full 0):
 garbage-first heap   total 262144K, used 56474K [0x0000000701200000, 0x0000000800000000)
  region size 1024K, 53 young (54272K), 3 survivors (3072K)
 Metaspace       used 20375K, capacity 21075K, committed 21296K, reserved 1069056K
  class space    used 2291K, capacity 2577K, committed 2688K, reserved 1048576K
}
Event: 7.536 GC heap after
{Heap after GC invocations=2 (full 0):
 garbage-first heap   total 262144K, used 8273K [0x0000000701200000, 0x0000000800000000)
  region size 1024K, 5 young (5120K), 5 survivors (5120K)
 Metaspace       used 20375K, capacity 21075K, committed 21296K, reserved 1069056K
  class space    used 2291K, capacity 2577K, committed 2688K, reserved 1048576K
}
Event: 10.231 GC heap before
{Heap before GC invocations=3 (full 0):
 garbage-first heap   total 262144K, used 59473K [0x0000000701200000, 0x0000000800000000)
  region size 1024K, 55 young (56320K), 5 survivors (5120K)
 Metaspace       used 28131K, capacity 29106K, committed 29232K, reserved 1075200K
  class space    used 3269K, capacity 3666K, committed 3712K, reserved 1048576K
}
Event: 10.238 GC heap after
{Heap after GC invocations=4 (full 0):
 garbage-first heap   total 262144K, used 10673K [0x0000000701200000, 0x0000000800000000)
  region size 1024K, 5 young (5120K), 5 survivors (5120K)
 Metaspace       used 28131K, capacity 29106K, committed 29232K, reserved 1075200K
  class space    used 3269K, capacity 3666K, committed 3712K, reserved 1048576K
}
Event: 13.603 GC heap before
{Heap before GC invocations=4 (full 0):
 garbage-first heap   total 262144K, used 85425K [0x0000000701200000, 0x0000000800000000)
  region size 1024K, 78 young (79872K), 5 survivors (5120K)
 Metaspace       used 33612K, capacity 34679K, committed 34864K, reserved 1079296K
  class space    used 3967K, capacity 4401K, committed 4480K, reserved 1048576K
}
Event: 13.610 GC heap after
{Heap after GC invocations=5 (full 0):
 garbage-first heap   total 262144K, used 13782K [0x0000000701200000, 0x0000000800000000)
  region size 1024K, 8 young (8192K), 8 survivors (8192K)
 Metaspace       used 33612K, capacity 34679K, committed 34864K, reserved 1079296K
  class space    used 3967K, capacity 4401K, committed 4480K, reserved 1048576K
}
Event: 14.294 GC heap before
{Heap before GC invocations=5 (full 0):
 garbage-first heap   total 262144K, used 29142K [0x0000000701200000, 0x0000000800000000)
  region size 1024K, 24 young (24576K), 8 survivors (8192K)
 Metaspace       used 34752K, capacity 35864K, committed 35920K, reserved 1081344K
  class space    used 4123K, capacity 4607K, committed 4608K, reserved 1048576K
}
Event: 14.303 GC heap after
{Heap after GC invocations=6 (full 0):
 garbage-first heap   total 262144K, used 14837K [0x0000000701200000, 0x0000000800000000)
  region size 1024K, 9 young (9216K), 9 survivors (9216K)
 Metaspace       used 34752K, capacity 35864K, committed 35920K, reserved 1081344K
  class space    used 4123K, capacity 4607K, committed 4608K, reserved 1048576K
}

Deoptimization events (10 events):
Event: 22.013 Thread 0x0000021ed3e48800 Uncommon trap: reason=bimorphic_or_optimized_type_check action=maybe_recompile pc=0x0000021ee35fb264 method=java.util.regex.Pattern$SliceI.match(Ljava/util/regex/Matcher;ILjava/lang/CharSequence;)Z @ 92 c2
Event: 22.287 Thread 0x0000021ed3e48800 Uncommon trap: reason=unstable_if action=reinterpret pc=0x0000021ee342337c method=java.lang.AbstractStringBuilder.append(Ljava/lang/String;)Ljava/lang/AbstractStringBuilder; @ 1 c2
Event: 22.287 Thread 0x0000021ed3e48800 Uncommon trap: reason=unstable_if action=reinterpret pc=0x0000021ee341bc98 method=java.lang.AbstractStringBuilder.append(Ljava/lang/String;)Ljava/lang/AbstractStringBuilder; @ 1 c2
Event: 22.333 Thread 0x0000021ed3e48800 Uncommon trap: reason=unstable_if action=reinterpret pc=0x0000021ee3467e00 method=java.lang.CharacterDataLatin1.isWhitespace(I)Z @ 14 c2
Event: 22.333 Thread 0x0000021ed3e48800 Uncommon trap: reason=unstable_if action=reinterpret pc=0x0000021ee341ce80 method=java.lang.CharacterDataLatin1.isWhitespace(I)Z @ 14 c2
Event: 22.542 Thread 0x0000021ef8d2c800 Uncommon trap: reason=unstable_if action=reinterpret pc=0x0000021ee349aa9c method=java.util.LinkedHashMap.get(Ljava/lang/Object;)Ljava/lang/Object; @ 20 c2
Event: 22.552 Thread 0x0000021ef8d2c800 Uncommon trap: reason=unstable_if action=reinterpret pc=0x0000021ee34bf3d0 method=java.nio.Buffer.<init>(IIII)V @ 44 c2
Event: 22.851 Thread 0x0000021ed3e48800 Uncommon trap: reason=intrinsic_or_type_checked_inlining action=make_not_entrant pc=0x0000021ee3620a2c method=java.util.ArrayList.toArray([Ljava/lang/Object;)[Ljava/lang/Object; @ 36 c2
Event: 22.870 Thread 0x0000021ed3e48800 Uncommon trap: reason=class_check action=make_not_entrant pc=0x0000021ee3622dbc method=java.util.ArrayList.toArray([Ljava/lang/Object;)[Ljava/lang/Object; @ 21 c2
Event: 23.173 Thread 0x0000021ed3e48800 Uncommon trap: reason=unstable_if action=reinterpret pc=0x0000021ee3594ddc method=java.util.concurrent.ConcurrentHashMap.putVal(Ljava/lang/Object;Ljava/lang/Object;Z)Ljava/lang/Object; @ 401 c2

Classes redefined (0 events):
No events

Internal exceptions (10 events):
Event: 23.177 Thread 0x0000021ed3e48800 Exception <a 'java/lang/ClassNotFoundException'{0x000000070d5bee80}: java/lang/ObjectCustomizer> (0x000000070d5bee80) thrown at [./open/src/hotspot/share/classfile/systemDictionary.cpp, line 226]
Event: 23.178 Thread 0x0000021ed3e48800 Exception <a 'java/lang/ClassNotFoundException'{0x000000070d5d1088}: com/flow/network/domain/PackEntityCustomizer> (0x000000070d5d1088) thrown at [./open/src/hotspot/share/classfile/systemDictionary.cpp, line 226]
Event: 23.179 Thread 0x0000021ed3e48800 Exception <a 'java/lang/ClassNotFoundException'{0x000000070d5e36c0}: java/lang/ObjectCustomizer> (0x000000070d5e36c0) thrown at [./open/src/hotspot/share/classfile/systemDictionary.cpp, line 226]
Event: 23.180 Thread 0x0000021ed3e48800 Exception <a 'java/lang/ClassNotFoundException'{0x000000070d5f5e08}: com/flow/network/domain/PageParmInfoCustomizer> (0x000000070d5f5e08) thrown at [./open/src/hotspot/share/classfile/systemDictionary.cpp, line 226]
Event: 23.182 Thread 0x0000021ed3e48800 Exception <a 'java/lang/ClassNotFoundException'{0x000000070d410bc0}: java/lang/ObjectCustomizer> (0x000000070d410bc0) thrown at [./open/src/hotspot/share/classfile/systemDictionary.cpp, line 226]
Event: 23.184 Thread 0x0000021ed3e48800 Exception <a 'java/lang/ClassNotFoundException'{0x000000070d423a48}: com/flow/network/domain/RuleDetailEntityCustomizer> (0x000000070d423a48) thrown at [./open/src/hotspot/share/classfile/systemDictionary.cpp, line 226]
Event: 23.186 Thread 0x0000021ed3e48800 Exception <a 'java/lang/ClassNotFoundException'{0x000000070d443e00}: java/lang/ObjectCustomizer> (0x000000070d443e00) thrown at [./open/src/hotspot/share/classfile/systemDictionary.cpp, line 226]
Event: 23.187 Thread 0x0000021ed3e48800 Exception <a 'java/lang/ClassNotFoundException'{0x000000070d456008}: com/flow/network/domain/RuleEntityCustomizer> (0x000000070d456008) thrown at [./open/src/hotspot/share/classfile/systemDictionary.cpp, line 226]
Event: 23.188 Thread 0x0000021ed3e48800 Exception <a 'java/lang/ClassNotFoundException'{0x000000070d46e2e8}: java/lang/ObjectCustomizer> (0x000000070d46e2e8) thrown at [./open/src/hotspot/share/classfile/systemDictionary.cpp, line 226]
Event: 23.189 Thread 0x0000021ed3e48800 Exception <a 'java/lang/ClassNotFoundException'{0x000000070d481aa8}: com/flow/network/domain2/FieldsDetailEntityCustomizer> (0x000000070d481aa8) thrown at [./open/src/hotspot/share/classfile/systemDictionary.cpp, line 226]

Events (10 events):
Event: 23.188 loading class java/lang/ObjectCustomizer
Event: 23.188 loading class java/lang/ObjectCustomizer done
Event: 23.189 loading class com/flow/network/domain2/FieldsDetailEntityCustomizer
Event: 23.189 loading class com/flow/network/domain2/FieldsDetailEntityCustomizer done
Event: 23.189 loading class com/flow/network/domain2/FieldsDetailEntityCustomizer
Event: 23.189 loading class com/flow/network/domain2/FieldsDetailEntityCustomizer done
Event: 23.189 loading class com/flow/network/domain2/FieldsDetailEntityCustomizer
Event: 23.189 loading class com/flow/network/domain2/FieldsDetailEntityCustomizer done
Event: 23.191 loading class java/lang/ObjectCustomizer
Event: 23.191 loading class java/lang/ObjectCustomizer done


Dynamic libraries:
0x00007ff7199f0000 - 0x00007ff719a00000 	D:\software\JDK11\bin\java.exe
0x00007ffb5e480000 - 0x00007ffb5e670000 	C:\WINDOWS\SYSTEM32\ntdll.dll
0x00007ffb5e2b0000 - 0x00007ffb5e362000 	C:\WINDOWS\System32\KERNEL32.DLL
0x00007ffb5bad0000 - 0x00007ffb5bd75000 	C:\WINDOWS\System32\KERNELBASE.dll
0x00007ffb5b6e0000 - 0x00007ffb5b7da000 	C:\WINDOWS\System32\ucrtbase.dll
0x00007ffb40470000 - 0x00007ffb40489000 	D:\software\JDK11\bin\jli.dll
0x00007ffb5df70000 - 0x00007ffb5e013000 	C:\WINDOWS\System32\ADVAPI32.dll
0x00007ffb5e020000 - 0x00007ffb5e0be000 	C:\WINDOWS\System32\msvcrt.dll
0x00007ffb5d740000 - 0x00007ffb5d7d7000 	C:\WINDOWS\System32\sechost.dll
0x00007ffb5e0c0000 - 0x00007ffb5e1df000 	C:\WINDOWS\System32\RPCRT4.dll
0x00007ffb5d5a0000 - 0x00007ffb5d734000 	C:\WINDOWS\System32\USER32.dll
0x00007ffb5bd80000 - 0x00007ffb5bda1000 	C:\WINDOWS\System32\win32u.dll
0x00007ffb5d890000 - 0x00007ffb5d8b6000 	C:\WINDOWS\System32\GDI32.dll
0x00007ffb5b890000 - 0x00007ffb5ba28000 	C:\WINDOWS\System32\gdi32full.dll
0x00007ffb5ba30000 - 0x00007ffb5bace000 	C:\WINDOWS\System32\msvcp_win.dll
0x00007ffb27db0000 - 0x00007ffb27dcb000 	D:\software\JDK11\bin\VCRUNTIME140.dll
0x00007ffb4c270000 - 0x00007ffb4c4f4000 	C:\WINDOWS\WinSxS\amd64_microsoft.windows.common-controls_6595b64144ccf1df_6.0.18362.1556_none_9e7e372fe45e41d5\COMCTL32.dll
0x00007ffb5c790000 - 0x00007ffb5cac6000 	C:\WINDOWS\System32\combase.dll
0x00007ffb5b5e0000 - 0x00007ffb5b661000 	C:\WINDOWS\System32\bcryptPrimitives.dll
0x00007ffb5af10000 - 0x00007ffb5af1a000 	C:\WINDOWS\SYSTEM32\VERSION.dll
0x00007ffb5d860000 - 0x00007ffb5d88e000 	C:\WINDOWS\System32\IMM32.DLL
0x0000000059c40000 - 0x0000000059c4d000 	D:\software\360\360Safe\safemon\SafeWrapper.dll
0x00007ffb40c30000 - 0x00007ffb40cdc000 	D:\software\360\360Safe\safemon\libzdtp64.dll
0x00007ffb5cc90000 - 0x00007ffb5d377000 	C:\WINDOWS\System32\SHELL32.dll
0x00007ffb5b690000 - 0x00007ffb5b6da000 	C:\WINDOWS\System32\cfgmgr32.dll
0x00007ffb5c6e0000 - 0x00007ffb5c788000 	C:\WINDOWS\System32\shcore.dll
0x00007ffb5bdb0000 - 0x00007ffb5c52b000 	C:\WINDOWS\System32\windows.storage.dll
0x00007ffb5b3d0000 - 0x00007ffb5b3ee000 	C:\WINDOWS\System32\profapi.dll
0x00007ffb5b380000 - 0x00007ffb5b3ca000 	C:\WINDOWS\System32\powrprof.dll
0x00007ffb5b330000 - 0x00007ffb5b340000 	C:\WINDOWS\System32\UMPDC.dll
0x00007ffb5da20000 - 0x00007ffb5da72000 	C:\WINDOWS\System32\shlwapi.dll
0x00007ffb5b340000 - 0x00007ffb5b351000 	C:\WINDOWS\System32\kernel.appcore.dll
0x00007ffb5b670000 - 0x00007ffb5b687000 	C:\WINDOWS\System32\cryptsp.dll
0x00007ffb41100000 - 0x00007ffb4110c000 	D:\software\JDK11\bin\vcruntime140_1.dll
0x00007ffb27d20000 - 0x00007ffb27dae000 	D:\software\JDK11\bin\msvcp140.dll
0x00007ffaf1ac0000 - 0x00007ffaf262c000 	D:\software\JDK11\bin\server\jvm.dll
0x00007ffb5d590000 - 0x00007ffb5d598000 	C:\WINDOWS\System32\PSAPI.DLL
0x00007ffb48ad0000 - 0x00007ffb48ad9000 	C:\WINDOWS\SYSTEM32\WSOCK32.dll
0x00007ffb5d8c0000 - 0x00007ffb5d92f000 	C:\WINDOWS\System32\WS2_32.dll
0x00007ffb59240000 - 0x00007ffb59264000 	C:\WINDOWS\SYSTEM32\WINMM.dll
0x00007ffb58dc0000 - 0x00007ffb58ded000 	C:\WINDOWS\SYSTEM32\WINMMBASE.dll
0x00007ffb40460000 - 0x00007ffb40470000 	D:\software\JDK11\bin\verify.dll
0x00007ffb49c00000 - 0x00007ffb49df4000 	C:\WINDOWS\SYSTEM32\DBGHELP.DLL
0x00007ffb46950000 - 0x00007ffb4697a000 	C:\WINDOWS\SYSTEM32\dbgcore.DLL
0x00007ffb27cf0000 - 0x00007ffb27d18000 	D:\software\JDK11\bin\java.dll
0x00007ffb27ce0000 - 0x00007ffb27cea000 	D:\software\JDK11\bin\jimage.dll
0x00007ffb27cc0000 - 0x00007ffb27cd7000 	D:\software\JDK11\bin\zip.dll
0x00007ffb27ca0000 - 0x00007ffb27cb9000 	D:\software\JDK11\bin\net.dll
0x00007ffb4bf50000 - 0x00007ffb4c04a000 	C:\WINDOWS\SYSTEM32\WINHTTP.dll
0x00007ffb5ab00000 - 0x00007ffb5ab67000 	C:\WINDOWS\system32\mswsock.dll
0x00007ffb27c80000 - 0x00007ffb27c92000 	D:\software\JDK11\bin\nio.dll
0x00007ffb42f10000 - 0x00007ffb42f19000 	D:\software\JDK11\bin\management.dll
0x00007ffb42f00000 - 0x00007ffb42f0b000 	D:\software\JDK11\bin\management_ext.dll
0x00007ffb3c370000 - 0x00007ffb3c386000 	C:\WINDOWS\system32\napinsp.dll
0x00007ffb3c350000 - 0x00007ffb3c36a000 	C:\WINDOWS\system32\pnrpnsp.dll
0x00007ffb5a850000 - 0x00007ffb5a91b000 	C:\WINDOWS\SYSTEM32\DNSAPI.dll
0x00007ffb5def0000 - 0x00007ffb5def8000 	C:\WINDOWS\System32\NSI.dll
0x00007ffb5a810000 - 0x00007ffb5a84a000 	C:\WINDOWS\SYSTEM32\IPHLPAPI.DLL
0x00007ffb3dfb0000 - 0x00007ffb3dfbe000 	C:\WINDOWS\System32\winrnr.dll
0x00007ffb579a0000 - 0x00007ffb579bc000 	C:\WINDOWS\system32\NLAapi.dll
0x00007ffb566b0000 - 0x00007ffb566c5000 	C:\WINDOWS\system32\wshbth.dll
0x00007ffb54a40000 - 0x00007ffb54a4a000 	C:\Windows\System32\rasadhlp.dll
0x00007ffb539c0000 - 0x00007ffb53a37000 	C:\WINDOWS\System32\fwpuclnt.dll
0x00007ffb5b3f0000 - 0x00007ffb5b416000 	C:\WINDOWS\System32\bcrypt.dll
0x00007ffb28a60000 - 0x00007ffb28a6d000 	D:\software\JDK11\bin\sunmscapi.dll
0x00007ffb5b480000 - 0x00007ffb5b5d1000 	C:\WINDOWS\System32\CRYPT32.dll
0x00007ffb5b360000 - 0x00007ffb5b372000 	C:\WINDOWS\System32\MSASN1.dll
0x00007ffb5ade0000 - 0x00007ffb5ae06000 	C:\WINDOWS\SYSTEM32\ncrypt.dll
0x00007ffb5ada0000 - 0x00007ffb5addb000 	C:\WINDOWS\SYSTEM32\NTASN1.dll
0x00007ffafff30000 - 0x00007ffafff57000 	D:\software\JDK11\bin\sunec.dll
0x00007ffb5a680000 - 0x00007ffb5a6b3000 	C:\WINDOWS\system32\rsaenh.dll
0x00007ffb5b250000 - 0x00007ffb5b275000 	C:\WINDOWS\SYSTEM32\USERENV.dll
0x00007ffb5acd0000 - 0x00007ffb5acdc000 	C:\WINDOWS\SYSTEM32\CRYPTBASE.dll
0x00007ffb53c60000 - 0x00007ffb53c76000 	C:\WINDOWS\SYSTEM32\dhcpcsvc6.DLL
0x00007ffb53cc0000 - 0x00007ffb53cdc000 	C:\WINDOWS\SYSTEM32\dhcpcsvc.DLL

dbghelp: loaded successfully - version: 4.0.5 - missing functions: none
symbol engine: initialized successfully - sym options: 0x614 - pdb path: .;D:\software\JDK11\bin;C:\WINDOWS\SYSTEM32;C:\WINDOWS\WinSxS\amd64_microsoft.windows.common-controls_6595b64144ccf1df_6.0.18362.1556_none_9e7e372fe45e41d5;D:\software\360\360Safe\safemon;D:\software\JDK11\bin\server

VM Arguments:
java_command: D:\TEMP\surefire18124908407008402493\surefirebooter14147048850992962355.jar D:\TEMP\surefire18124908407008402493 2023-10-30T18-31-45_086-jvmRun1 surefire6448495752533219242tmp surefire_016102114485877745257tmp
java_class_path (initial): D:\TEMP\surefire18124908407008402493\surefirebooter14147048850992962355.jar
Launcher Type: SUN_STANDARD

[Global flags]
     intx CICompilerCount                          = 4                                         {product} {ergonomic}
     uint ConcGCThreads                            = 2                                         {product} {ergonomic}
     uint G1ConcRefinementThreads                  = 8                                         {product} {ergonomic}
   size_t G1HeapRegionSize                         = 1048576                                   {product} {ergonomic}
    uintx GCDrainStackTargetSize                   = 64                                        {product} {ergonomic}
   size_t InitialHeapSize                          = 268435456                                 {product} {ergonomic}
   size_t MarkStackSize                            = 4194304                                   {product} {ergonomic}
   size_t MaxHeapSize                              = 4276092928                                {product} {ergonomic}
   size_t MaxNewSize                               = 2564816896                                {product} {ergonomic}
   size_t MinHeapDeltaBytes                        = 1048576                                   {product} {ergonomic}
    uintx NonNMethodCodeHeapSize                   = 5836300                                {pd product} {ergonomic}
    uintx NonProfiledCodeHeapSize                  = 122910970                              {pd product} {ergonomic}
    uintx ProfiledCodeHeapSize                     = 122910970                              {pd product} {ergonomic}
    uintx ReservedCodeCacheSize                    = 251658240                              {pd product} {ergonomic}
     bool SegmentedCodeCache                       = true                                      {product} {ergonomic}
     bool UseCompressedClassPointers               = true                                 {lp64_product} {ergonomic}
     bool UseCompressedOops                        = true                                 {lp64_product} {ergonomic}
     bool UseG1GC                                  = true                                      {product} {ergonomic}
     bool UseLargePagesIndividualAllocation        = false                                  {pd product} {ergonomic}

Logging:
Log output configuration:
 #0: stdout all=warning uptime,level,tags
 #1: stderr all=off uptime,level,tags

Environment Variables:
JAVA_HOME=D:\software\jdk16\
CLASSPATH= .;D:\software\jdk16\\lib;D:\software\jdk16\\lib\tools.jar;D:\software\jdk16\\lib\dt.jar; 
PATH=C:\Python312\Scripts\;C:\Python312\;C:\Program Files\Common Files\Oracle\Java\javapath;C:\ProgramData\Oracle\Java\javapath;C:\WINDOWS\system32;C:\WINDOWS;C:\WINDOWS\System32\Wbem;C:\WINDOWS\System32\WindowsPowerShell\v1.0\;C:\WINDOWS\System32\OpenSSH\;C:\Program Files (x86)\NVIDIA Corporation\PhysX\Common;D:\software\jdk7\bin;D:\software\jdk7\jre\bin;D:\software\Anaconda;D:\software\Anaconda\Scripts;D:\steam\putty\;C:\WINDOWS\system32;C:\WINDOWS;C:\WINDOWS\System32\Wbem;C:\WINDOWS\System32\WindowsPowerShell\v1.0\;C:\WINDOWS\System32\OpenSSH\;C:\Program Files\NVIDIA Corporation\NVIDIA NvDLISR;C:\Program Files\dotnet\;D:\software\npm\;C:\ProgramData\chocolatey\bin;D:\software\Git\cmd;C:\Program Files\MySQL\MySQL Shell 8.0\bin\;D:\software\python37\Scripts\;D:\software\python37\;C:\Users\ice\AppData\Local\Microsoft\WindowsApps;C:\ProgramData\ice\GitHubDesktop\bin;C:\Users\ice\AppData\Local\GitHubDesktop\bin;C:\Users\ice\AppData\Local\Microsoft\WindowsApps;D:\software\PyCharm 2019.3.1\bin;;D:\software\jdk16\bin\;D:\software\jdk16\;D:\software\IntelliJ IDEA 2022.3.2\bin;;C:\Users\ice\AppData\Roaming\npm;D:\software\mysql5.7\bin;
USERNAME=ice
OS=Windows_NT
PROCESSOR_IDENTIFIER=Intel64 Family 6 Model 60 Stepping 3, GenuineIntel



---------------  S Y S T E M  ---------------

OS: Windows 10 , 64 bit Build 18362 (10.0.18362.1500)

CPU:total 8 (initial active 8) (4 cores per cpu, 2 threads per core) family 6 model 60 stepping 3 microcode 0x28, cmov, cx8, fxsr, mmx, sse, sse2, sse3, ssse3, sse4.1, sse4.2, popcnt, avx, avx2, aes, clmul, erms, lzcnt, ht, tsc, tscinvbit, bmi1, bmi2, fma

Memory: 4k page, system-wide physical 16304M (4288M free)
TotalPageFile size 16304M (AvailPageFile size 33M)
current process WorkingSet (physical memory assigned to process): 243M, peak: 245M
current process commit charge ("private bytes"): 447M, peak: 452M

vm_info: Java HotSpot(TM) 64-Bit Server VM (11.0.19+9-LTS-224) for windows-amd64 JRE (11.0.19+9-LTS-224), built on Mar 27 2023 08:48:55 by "mach5one" with MS VC++ 17.1 (VS2022)

END.
